#
# There is insufficient memory for the Java Runtime Environment to continue.
# Native memory allocation (malloc) failed to allocate 32744 bytes for ChunkPool::allocate
# Possible reasons:
#   The system is out of physical RAM or swap space
#   In 32 bit mode, the process size limit was hit
# Possible solutions:
#   Reduce memory load on the system
#   Increase physical memory or swap space
#   Check if swap backing store is full
#   Use 64 bit Java on a 64 bit OS
#   Decrease Java heap size (-Xmx/-Xms)
#   Decrease number of Java threads
#   Decrease Java thread stack sizes (-Xss)
#   Set larger code cache with -XX:ReservedCodeCacheSize=
# This output file may be truncated or incomplete.
#
#  Out of Memory Error (allocation.cpp:273), pid=31636, tid=0x0000000000007ba0
#
# JRE version: Java(TM) SE Runtime Environment (8.0_162-b12) (build 1.8.0_162-b12)
# Java VM: Java HotSpot(TM) 64-Bit Server VM (25.162-b12 mixed mode windows-amd64 compressed oops)
# Failed to write core dump. Minidumps are not enabled by default on client versions of Windows
#

---------------  T H R E A D  ---------------

Current thread (0x0000000019720800):  JavaThread "C2 CompilerThread2" daemon [_thread_in_native, id=31648, stack(0x000000001a0f0000,0x000000001a1f0000)]

Stack: [0x000000001a0f0000,0x000000001a1f0000]
[error occurred during error reporting (printing stack bounds), id 0xc0000005]

Native frames: (J=compiled Java code, j=interpreted, Vv=VM code, C=native code)


Current CompileTask:
C2:   6985 4752   !   4       com.sun.beans.TypeResolver::resolve (274 bytes)


---------------  P R O C E S S  ---------------

Java Threads: ( => current thread )
  0x000000001af0f800 JavaThread "pool-1-thread-1" [_thread_blocked, id=28560, stack(0x000000002ab00000,0x000000002ac00000)]
  0x000000001af16800 JavaThread "Cache worker for Build Output Cleanup Cache (C:\Users\hp\AndroidStudioProjects\emaishaPay\.gradle\buildOutputCleanup)" [_thread_blocked, id=24868, stack(0x000000002ac10000,0x000000002ad10000)]
  0x000000001fe4e000 JavaThread "jar transforms Thread 95" [_thread_blocked, id=31188, stack(0x000000002a800000,0x000000002a900000)]
  0x000000001fe4f800 JavaThread "jar transforms Thread 94" [_thread_blocked, id=28276, stack(0x000000002a700000,0x000000002a800000)]
  0x000000001fe4d000 JavaThread "jar transforms Thread 93" [_thread_blocked, id=21980, stack(0x000000002a600000,0x000000002a700000)]
  0x000000001fe4c800 JavaThread "jar transforms Thread 92" [_thread_blocked, id=31372, stack(0x000000002a500000,0x000000002a600000)]
  0x000000001fe52800 JavaThread "jar transforms Thread 91" [_thread_blocked, id=3348, stack(0x000000002a400000,0x000000002a500000)]
  0x000000001fe50000 JavaThread "jar transforms Thread 90" [_thread_blocked, id=30748, stack(0x000000002a300000,0x000000002a400000)]
  0x000000001fe51800 JavaThread "jar transforms Thread 89" [_thread_blocked, id=31312, stack(0x000000002a200000,0x000000002a300000)]
  0x000000001fe51000 JavaThread "jar transforms Thread 88" [_thread_blocked, id=31708, stack(0x000000002a100000,0x000000002a200000)]
  0x000000001fe4e800 JavaThread "jar transforms Thread 87" [_thread_blocked, id=24188, stack(0x000000002a000000,0x000000002a100000)]
  0x000000001fe53000 JavaThread "jar transforms Thread 86" [_thread_blocked, id=29328, stack(0x0000000029f00000,0x000000002a000000)]
  0x000000001fe45000 JavaThread "jar transforms Thread 85" [_thread_blocked, id=29384, stack(0x0000000029e00000,0x0000000029f00000)]
  0x000000001fe4b800 JavaThread "jar transforms Thread 84" [_thread_blocked, id=12076, stack(0x0000000029d00000,0x0000000029e00000)]
  0x000000001fe44000 JavaThread "jar transforms Thread 83" [_thread_blocked, id=26820, stack(0x0000000029c00000,0x0000000029d00000)]
  0x000000001fe4a000 JavaThread "jar transforms Thread 82" [_thread_blocked, id=31504, stack(0x0000000029b00000,0x0000000029c00000)]
  0x000000001fe49800 JavaThread "jar transforms Thread 81" [_thread_blocked, id=28060, stack(0x0000000029a00000,0x0000000029b00000)]
  0x000000001fe48800 JavaThread "jar transforms Thread 80" [_thread_blocked, id=7832, stack(0x0000000029900000,0x0000000029a00000)]
  0x000000001fe47000 JavaThread "jar transforms Thread 79" [_thread_blocked, id=30860, stack(0x0000000029800000,0x0000000029900000)]
  0x000000001fe45800 JavaThread "jar transforms Thread 78" [_thread_blocked, id=22376, stack(0x0000000029700000,0x0000000029800000)]
  0x000000001fe48000 JavaThread "jar transforms Thread 77" [_thread_blocked, id=22388, stack(0x0000000029600000,0x0000000029700000)]
  0x000000001fe4b000 JavaThread "jar transforms Thread 76" [_thread_blocked, id=12364, stack(0x0000000029500000,0x0000000029600000)]
  0x000000001fe46800 JavaThread "jar transforms Thread 75" [_thread_blocked, id=25480, stack(0x0000000029400000,0x0000000029500000)]
  0x000000001fc79800 JavaThread "jar transforms Thread 74" [_thread_blocked, id=11324, stack(0x0000000029300000,0x0000000029400000)]
  0x000000001fc7b000 JavaThread "jar transforms Thread 73" [_thread_blocked, id=21808, stack(0x0000000029200000,0x0000000029300000)]
  0x000000001fc79000 JavaThread "jar transforms Thread 72" [_thread_blocked, id=31608, stack(0x0000000029100000,0x0000000029200000)]
  0x000000001fc78000 JavaThread "jar transforms Thread 71" [_thread_blocked, id=22440, stack(0x0000000029000000,0x0000000029100000)]
  0x000000001fc77800 JavaThread "jar transforms Thread 70" [_thread_blocked, id=13856, stack(0x0000000028f00000,0x0000000029000000)]
  0x000000001fc76800 JavaThread "jar transforms Thread 69" [_thread_blocked, id=30868, stack(0x0000000028e00000,0x0000000028f00000)]
  0x000000001fc7a800 JavaThread "jar transforms Thread 68" [_thread_blocked, id=13464, stack(0x0000000028d00000,0x0000000028e00000)]
  0x000000001fc76000 JavaThread "jar transforms Thread 67" [_thread_blocked, id=11192, stack(0x0000000028c00000,0x0000000028d00000)]
  0x000000001fc6e800 JavaThread "jar transforms Thread 66" [_thread_blocked, id=30200, stack(0x0000000028b00000,0x0000000028c00000)]
  0x000000001fc75000 JavaThread "jar transforms Thread 65" [_thread_blocked, id=17540, stack(0x0000000028a00000,0x0000000028b00000)]
  0x000000001fc74800 JavaThread "jar transforms Thread 64" [_thread_blocked, id=30912, stack(0x0000000028900000,0x0000000028a00000)]
  0x000000001fc6d000 JavaThread "jar transforms Thread 63" [_thread_blocked, id=6676, stack(0x0000000028800000,0x0000000028900000)]
  0x000000001fc73800 JavaThread "jar transforms Thread 62" [_thread_blocked, id=27304, stack(0x0000000028700000,0x0000000028800000)]
  0x000000001fc70000 JavaThread "jar transforms Thread 61" [_thread_blocked, id=22020, stack(0x0000000028600000,0x0000000028700000)]
  0x000000001fc6c000 JavaThread "jar transforms Thread 60" [_thread_blocked, id=29348, stack(0x0000000028500000,0x0000000028600000)]
  0x000000001fc73000 JavaThread "jar transforms Thread 59" [_thread_blocked, id=31268, stack(0x0000000028400000,0x0000000028500000)]
  0x000000001fc72000 JavaThread "jar transforms Thread 58" [_thread_blocked, id=27752, stack(0x0000000028300000,0x0000000028400000)]
  0x000000001fc70800 JavaThread "jar transforms Thread 57" [_thread_blocked, id=9116, stack(0x0000000028200000,0x0000000028300000)]
  0x000000001fc6d800 JavaThread "jar transforms Thread 56" [_thread_blocked, id=30752, stack(0x0000000028100000,0x0000000028200000)]
  0x000000001fc6f000 JavaThread "jar transforms Thread 55" [_thread_blocked, id=31512, stack(0x0000000028000000,0x0000000028100000)]
  0x000000001fc71800 JavaThread "jar transforms Thread 54" [_thread_blocked, id=31712, stack(0x0000000027f00000,0x0000000028000000)]
  0x0000000021eee800 JavaThread "jar transforms Thread 53" [_thread_blocked, id=18728, stack(0x0000000027e00000,0x0000000027f00000)]
  0x0000000021eed800 JavaThread "jar transforms Thread 52" [_thread_blocked, id=31260, stack(0x0000000027d00000,0x0000000027e00000)]
  0x0000000021eed000 JavaThread "jar transforms Thread 51" [_thread_blocked, id=25504, stack(0x0000000025570000,0x0000000025670000)]
  0x0000000021eec000 JavaThread "jar transforms Thread 50" [_thread_blocked, id=30984, stack(0x0000000025470000,0x0000000025570000)]
  0x0000000021eeb800 JavaThread "jar transforms Thread 49" [_thread_blocked, id=21380, stack(0x0000000025370000,0x0000000025470000)]
  0x0000000021ee4000 JavaThread "jar transforms Thread 48" [_thread_blocked, id=30728, stack(0x0000000027c00000,0x0000000027d00000)]
  0x0000000021eea800 JavaThread "jar transforms Thread 47" [_thread_blocked, id=5240, stack(0x0000000027b00000,0x0000000027c00000)]
  0x0000000021ee3000 JavaThread "jar transforms Thread 46" [_thread_blocked, id=31492, stack(0x0000000027a00000,0x0000000027b00000)]
  0x0000000021eea000 JavaThread "jar transforms Thread 45" [_thread_blocked, id=31724, stack(0x0000000027900000,0x0000000027a00000)]
  0x0000000021ee2800 JavaThread "jar transforms Thread 44" [_thread_blocked, id=13208, stack(0x0000000027800000,0x0000000027900000)]
  0x0000000021ee9000 JavaThread "jar transforms Thread 43" [_thread_blocked, id=8444, stack(0x0000000027700000,0x0000000027800000)]
  0x0000000021ee8800 JavaThread "jar transforms Thread 42" [_thread_blocked, id=21200, stack(0x0000000027600000,0x0000000027700000)]
  0x0000000021ee1000 JavaThread "jar transforms Thread 41" [_thread_blocked, id=30756, stack(0x0000000027500000,0x0000000027600000)]
  0x0000000021ee7800 JavaThread "jar transforms Thread 40" [_thread_blocked, id=27876, stack(0x0000000027400000,0x0000000027500000)]
  0x0000000021ee1800 JavaThread "jar transforms Thread 39" [_thread_blocked, id=30704, stack(0x0000000027300000,0x0000000027400000)]
  0x0000000021ee7000 JavaThread "jar transforms Thread 38" [_thread_blocked, id=2136, stack(0x0000000027200000,0x0000000027300000)]
  0x0000000021ee6000 JavaThread "jar transforms Thread 37" [_thread_blocked, id=22536, stack(0x0000000027100000,0x0000000027200000)]
  0x0000000021ee5800 JavaThread "jar transforms Thread 36" [_thread_blocked, id=14084, stack(0x0000000027000000,0x0000000027100000)]
  0x0000000021edf800 JavaThread "jar transforms Thread 35" [_thread_blocked, id=31208, stack(0x0000000026f00000,0x0000000027000000)]
  0x0000000021ee4800 JavaThread "jar transforms Thread 34" [_thread_blocked, id=24096, stack(0x0000000026e00000,0x0000000026f00000)]
  0x0000000021ee0000 JavaThread "jar transforms Thread 33" [_thread_blocked, id=14268, stack(0x0000000026d00000,0x0000000026e00000)]
  0x000000001ea7d000 JavaThread "jar transforms Thread 32" [_thread_blocked, id=23152, stack(0x0000000026c00000,0x0000000026d00000)]
  0x000000001ea7d800 JavaThread "jar transforms Thread 31" [_thread_blocked, id=15324, stack(0x0000000026b00000,0x0000000026c00000)]
  0x000000001ea7c000 JavaThread "jar transforms Thread 30" [_thread_blocked, id=14920, stack(0x0000000026a00000,0x0000000026b00000)]
  0x000000001ea7b800 JavaThread "jar transforms Thread 29" [_thread_blocked, id=13588, stack(0x0000000026900000,0x0000000026a00000)]
  0x000000001ea7a800 JavaThread "jar transforms Thread 28" [_thread_blocked, id=30876, stack(0x0000000026800000,0x0000000026900000)]
  0x000000001ea81800 JavaThread "jar transforms Thread 27" [_thread_blocked, id=17920, stack(0x0000000026700000,0x0000000026800000)]
  0x000000001ea7e800 JavaThread "jar transforms Thread 26" [_thread_blocked, id=29800, stack(0x0000000026600000,0x0000000026700000)]
  0x000000001ea80000 JavaThread "jar transforms Thread 25" [_thread_blocked, id=19784, stack(0x0000000026500000,0x0000000026600000)]
  0x000000001ea80800 JavaThread "jar transforms Thread 24" [_thread_blocked, id=31060, stack(0x0000000026400000,0x0000000026500000)]
  0x000000001ea7f000 JavaThread "jar transforms Thread 23" [_thread_blocked, id=6876, stack(0x0000000026300000,0x0000000026400000)]
  0x000000001fa1a800 JavaThread "jar transforms Thread 22" [_thread_blocked, id=31204, stack(0x0000000026200000,0x0000000026300000)]
  0x000000001fa21800 JavaThread "jar transforms Thread 21" [_thread_blocked, id=31528, stack(0x0000000026100000,0x0000000026200000)]
  0x000000001fa20000 JavaThread "jar transforms Thread 20" [_thread_blocked, id=31472, stack(0x0000000026000000,0x0000000026100000)]
  0x000000001fa1b800 JavaThread "jar transforms Thread 19" [_thread_blocked, id=31352, stack(0x0000000025f00000,0x0000000026000000)]
  0x000000001fa1f000 JavaThread "jar transforms Thread 18" [_thread_blocked, id=20708, stack(0x0000000025e00000,0x0000000025f00000)]
  0x000000001fa1e800 JavaThread "jar transforms Thread 17" [_thread_blocked, id=7136, stack(0x0000000025d00000,0x0000000025e00000)]
  0x000000001fa1d800 JavaThread "jar transforms Thread 16" [_thread_blocked, id=12768, stack(0x0000000025c00000,0x0000000025d00000)]
  0x000000001fa1d000 JavaThread "jar transforms Thread 15" [_thread_blocked, id=27300, stack(0x0000000025b00000,0x0000000025c00000)]
  0x000000001fa1c000 JavaThread "jar transforms Thread 14" [_thread_blocked, id=23660, stack(0x0000000025a00000,0x0000000025b00000)]
  0x000000001fa20800 JavaThread "jar transforms Thread 13" [_thread_blocked, id=30616, stack(0x0000000025900000,0x0000000025a00000)]
  0x00000000218e6800 JavaThread "jar transforms Thread 12" [_thread_blocked, id=13052, stack(0x0000000025800000,0x0000000025900000)]
  0x00000000218e5800 JavaThread "jar transforms Thread 11" [_thread_blocked, id=28932, stack(0x0000000025700000,0x0000000025800000)]
  0x00000000218e7000 JavaThread "jar transforms Thread 10" [_thread_blocked, id=27532, stack(0x0000000024d00000,0x0000000024e00000)]
  0x00000000218e8000 JavaThread "jar transforms Thread 9" [_thread_blocked, id=31144, stack(0x00000000241d0000,0x00000000242d0000)]
  0x00000000218e9800 JavaThread "jar transforms Thread 8" [_thread_blocked, id=19448, stack(0x00000000240d0000,0x00000000241d0000)]
  0x00000000218e8800 JavaThread "jar transforms Thread 7" [_thread_blocked, id=31316, stack(0x0000000025270000,0x0000000025370000)]
  0x00000000218de000 JavaThread "jar transforms Thread 6" [_thread_blocked, id=14848, stack(0x0000000025170000,0x0000000025270000)]
  0x00000000218e5000 JavaThread "jar transforms Thread 5" [_thread_blocked, id=31556, stack(0x0000000025070000,0x0000000025170000)]
  0x00000000218e4000 JavaThread "jar transforms Thread 4" [_thread_blocked, id=27892, stack(0x0000000024f70000,0x0000000025070000)]
  0x00000000218e3800 JavaThread "jar transforms Thread 3" [_thread_blocked, id=27160, stack(0x0000000024e70000,0x0000000024f70000)]
  0x00000000218e2800 JavaThread "jar transforms Thread 2" [_thread_blocked, id=27884, stack(0x00000000242e0000,0x00000000243e0000)]
  0x00000000218e2000 JavaThread "Build operations Thread 8" [_thread_blocked, id=11100, stack(0x0000000024b00000,0x0000000024c00000)]
  0x00000000218e1000 JavaThread "Build operations Thread 7" [_thread_blocked, id=31380, stack(0x0000000024a00000,0x0000000024b00000)]
  0x00000000218df800 JavaThread "Build operations Thread 6" [_thread_blocked, id=31288, stack(0x0000000024900000,0x0000000024a00000)]
  0x00000000218da800 JavaThread "Build operations Thread 5" [_thread_blocked, id=20128, stack(0x0000000024800000,0x0000000024900000)]
  0x00000000218df000 JavaThread "Build operations Thread 4" [_thread_blocked, id=29824, stack(0x0000000024700000,0x0000000024800000)]
  0x00000000218dd800 JavaThread "Build operations Thread 3" [_thread_blocked, id=31052, stack(0x0000000024600000,0x0000000024700000)]
  0x00000000218dc800 JavaThread "Build operations Thread 2" [_thread_blocked, id=12620, stack(0x0000000024500000,0x0000000024600000)]
  0x00000000218e0800 JavaThread "Build operations" [_thread_blocked, id=25324, stack(0x0000000024400000,0x0000000024500000)]
  0x000000001c01e000 JavaThread "Cache worker for file content cache (C:\Users\hp\.gradle\caches\6.5\fileContent)" [_thread_blocked, id=24780, stack(0x0000000022a00000,0x0000000022b00000)]
  0x000000001c01d000 JavaThread "jar transforms" [_thread_blocked, id=4880, stack(0x0000000020e40000,0x0000000020f40000)]
  0x000000001c01c800 JavaThread "Cache worker for execution history cache (C:\Users\hp\.gradle\caches\6.5\executionHistory)" [_thread_blocked, id=14828, stack(0x00000000208b0000,0x00000000209b0000)]
  0x000000001c01b000 JavaThread "Cache worker for cache directory md-rule (C:\Users\hp\.gradle\caches\6.5\md-rule)" [_thread_blocked, id=24160, stack(0x00000000207b0000,0x00000000208b0000)]
  0x000000001c021800 JavaThread "Cache worker for cache directory md-supplier (C:\Users\hp\.gradle\caches\6.5\md-supplier)" [_thread_blocked, id=15952, stack(0x0000000022300000,0x0000000022400000)]
  0x000000001c01f800 JavaThread "Cache worker for checksums cache (C:\Users\hp\AndroidStudioProjects\emaishaPay\.gradle\checksums)" [_thread_blocked, id=12388, stack(0x0000000022000000,0x0000000022100000)]
  0x000000001c01e800 JavaThread "Cache worker for file hash cache (C:\Users\hp\AndroidStudioProjects\emaishaPay\.gradle\6.5\fileHashes)" [_thread_blocked, id=30960, stack(0x0000000020a60000,0x0000000020b60000)]
  0x000000001c01b800 JavaThread "Cache worker for file hash cache (C:\Users\hp\.gradle\caches\6.5\fileHashes)" [_thread_blocked, id=30840, stack(0x000000001e510000,0x000000001e610000)]
  0x000000001c021000 JavaThread "File lock request listener" [_thread_in_native, id=2884, stack(0x000000001e410000,0x000000001e510000)]
  0x000000001c020000 JavaThread "Cache worker for journal cache (C:\Users\hp\.gradle\caches\journal-1)" [_thread_blocked, id=30936, stack(0x000000001e310000,0x000000001e410000)]
  0x000000001bf26800 JavaThread "Thread-9" [_thread_blocked, id=28664, stack(0x000000001e010000,0x000000001e110000)]
  0x000000001bea5000 JavaThread "Stdin handler" [_thread_blocked, id=8572, stack(0x000000001df10000,0x000000001e010000)]
  0x000000001a59e000 JavaThread "Asynchronous log dispatcher for DefaultDaemonConnection: socket connection from /127.0.0.1:58367 to /127.0.0.1:58368" [_thread_blocked, id=29364, stack(0x000000001de10000,0x000000001df10000)]
  0x000000001be92800 JavaThread "Daemon worker" [_thread_in_vm, id=30988, stack(0x000000001dd10000,0x000000001de10000)]
  0x000000001be92000 JavaThread "Cancel handler" [_thread_blocked, id=20132, stack(0x000000001dc10000,0x000000001dd10000)]
  0x000000001c07c800 JavaThread "Handler for socket connection from /127.0.0.1:58367 to /127.0.0.1:58368" [_thread_in_native, id=20844, stack(0x000000001d910000,0x000000001da10000)]
  0x000000001bea7800 JavaThread "Daemon" [_thread_blocked, id=15492, stack(0x000000001d810000,0x000000001d910000)]
  0x000000001be89800 JavaThread "Daemon periodic checks" [_thread_blocked, id=16076, stack(0x000000001d710000,0x000000001d810000)]
  0x000000001be16000 JavaThread "Incoming local TCP Connector on port 58367" [_thread_in_native, id=4284, stack(0x000000001d4d0000,0x000000001d5d0000)]
  0x000000001bd12000 JavaThread "Daemon health stats" [_thread_blocked, id=16644, stack(0x000000001cc90000,0x000000001cd90000)]
  0x00000000197cc800 JavaThread "Service Thread" daemon [_thread_blocked, id=13536, stack(0x000000001a2f0000,0x000000001a3f0000)]
  0x0000000019728000 JavaThread "C1 CompilerThread3" daemon [_thread_blocked, id=15720, stack(0x000000001a1f0000,0x000000001a2f0000)]
=>0x0000000019720800 JavaThread "C2 CompilerThread2" daemon [_thread_in_native, id=31648, stack(0x000000001a0f0000,0x000000001a1f0000)]
  0x000000001971d800 JavaThread "C2 CompilerThread1" daemon [_thread_in_native, id=14928, stack(0x0000000019ff0000,0x000000001a0f0000)]
  0x0000000019719000 JavaThread "C2 CompilerThread0" daemon [_thread_in_native, id=3388, stack(0x0000000019ef0000,0x0000000019ff0000)]
  0x0000000019717800 JavaThread "Attach Listener" daemon [_thread_blocked, id=31532, stack(0x0000000019df0000,0x0000000019ef0000)]
  0x000000001780e800 JavaThread "Signal Dispatcher" daemon [_thread_blocked, id=26036, stack(0x0000000019cf0000,0x0000000019df0000)]
  0x0000000019710800 JavaThread "Finalizer" daemon [_thread_blocked, id=31340, stack(0x0000000019af0000,0x0000000019bf0000)]
  0x0000000002788000 JavaThread "Reference Handler" daemon [_thread_blocked, id=29784, stack(0x00000000195f0000,0x00000000196f0000)]
  0x00000000025de000 JavaThread "main" [_thread_blocked, id=11032, stack(0x00000000024d0000,0x00000000025d0000)]

Other Threads:
  0x00000000177f9800 VMThread [stack: 0x00000000194f0000,0x00000000195f0000] [id=16968]
  0x0000000019744000 WatcherThread [stack: 0x000000001a3f0000,0x000000001a4f0000] [id=30808]

VM state:not at safepoint (normal execution)

VM Mutex/Monitor currently owned by a thread: None

Heap:
 PSYoungGen      total 187392K, used 164440K [0x00000000d5580000, 0x00000000e2c00000, 0x0000000100000000)
  eden space 176128K, 86% used [0x00000000d5580000,0x00000000deb1c3e0,0x00000000e0180000)
  from space 11264K, 99% used [0x00000000e2100000,0x00000000e2bf9f68,0x00000000e2c00000)
  to   space 13312K, 0% used [0x00000000e1200000,0x00000000e1200000,0x00000000e1f00000)
 ParOldGen       total 107008K, used 19537K [0x0000000080000000, 0x0000000086880000, 0x00000000d5580000)
  object space 107008K, 18% used [0x0000000080000000,0x0000000081314588,0x0000000086880000)
 Metaspace       used 52991K, capacity 55142K, committed 55424K, reserved 1097728K
  class space    used 7259K, capacity 7762K, committed 7808K, reserved 1048576K

Card table byte_map: [0x0000000011b50000,0x0000000011f60000] byte_map_base: 0x0000000011750000

Marking Bits: (ParMarkBitMap*) 0x0000000068950860
 Begin Bits: [0x0000000012a10000, 0x0000000014a10000)
 End Bits:   [0x0000000014a10000, 0x0000000016a10000)

Polling page: 0x0000000000cb0000

CodeCache: size=245760Kb used=15420Kb max_used=15420Kb free=230339Kb
 bounds [0x0000000002790000, 0x00000000036b0000, 0x0000000011790000]
 total_blobs=5241 nmethods=4482 adapters=671
 compilation: enabled

Compilation events (10 events):
Event: 6.965 Thread 0x0000000019728000 4924       3       org.gradle.internal.operations.DefaultBuildOperationExecutor::maybeStartUnmanagedThreadOperation (54 bytes)
Event: 6.966 Thread 0x0000000019728000 nmethod 4924 0x00000000036a0f90 code [0x00000000036a11e0, 0x00000000036a1fc8]
Event: 6.966 Thread 0x0000000019728000 4925       3       org.gradle.api.internal.artifacts.configurations.DefaultConfiguration::validateMutation (16 bytes)
Event: 6.966 Thread 0x0000000019728000 nmethod 4925 0x00000000036a25d0 code [0x00000000036a2760, 0x00000000036a2a38]
Event: 6.966 Thread 0x0000000019728000 4926       3       org.gradle.api.internal.artifacts.configurations.DefaultConfiguration::preventIllegalMutation (164 bytes)
Event: 6.969 Thread 0x0000000019728000 nmethod 4926 0x00000000036a2b10 code [0x00000000036a2f80, 0x00000000036a5c48]
Event: 6.969 Thread 0x0000000019728000 4927       3       org.gradle.internal.operations.DefaultBuildOperationExecutor$1::<init> (20 bytes)
Event: 6.969 Thread 0x0000000019728000 nmethod 4927 0x00000000036a7590 code [0x00000000036a76e0, 0x00000000036a78d0]
Event: 6.969 Thread 0x0000000019728000 4928       3       org.gradle.internal.logging.progress.DefaultProgressLoggerFactory$ProgressLoggerImpl::assertRunning (63 bytes)
Event: 6.970 Thread 0x0000000019728000 nmethod 4928 0x00000000036a7990 code [0x00000000036a7ca0, 0x00000000036a9578]

GC Heap History (10 events):
Event: 2.598 GC heap before
{Heap before GC invocations=6 (full 1):
 PSYoungGen      total 105984K, used 6960K [0x00000000d5580000, 0x00000000e2c80000, 0x0000000100000000)
  eden space 98304K, 0% used [0x00000000d5580000,0x00000000d5580000,0x00000000db580000)
  from space 7680K, 90% used [0x00000000db580000,0x00000000dbc4c040,0x00000000dbd00000)
  to   space 11776K, 0% used [0x00000000e2100000,0x00000000e2100000,0x00000000e2c80000)
 ParOldGen       total 130048K, used 4131K [0x0000000080000000, 0x0000000087f00000, 0x00000000d5580000)
  object space 130048K, 3% used [0x0000000080000000,0x0000000080408ec8,0x0000000087f00000)
 Metaspace       used 20572K, capacity 21242K, committed 21296K, reserved 1067008K
  class space    used 2954K, capacity 3169K, committed 3200K, reserved 1048576K
Event: 2.628 GC heap after
Heap after GC invocations=6 (full 1):
 PSYoungGen      total 105984K, used 0K [0x00000000d5580000, 0x00000000e2c80000, 0x0000000100000000)
  eden space 98304K, 0% used [0x00000000d5580000,0x00000000d5580000,0x00000000db580000)
  from space 7680K, 0% used [0x00000000db580000,0x00000000db580000,0x00000000dbd00000)
  to   space 11776K, 0% used [0x00000000e2100000,0x00000000e2100000,0x00000000e2c80000)
 ParOldGen       total 68096K, used 7292K [0x0000000080000000, 0x0000000084280000, 0x00000000d5580000)
  object space 68096K, 10% used [0x0000000080000000,0x000000008071f258,0x0000000084280000)
 Metaspace       used 20572K, capacity 21242K, committed 21296K, reserved 1067008K
  class space    used 2954K, capacity 3169K, committed 3200K, reserved 1048576K
}
Event: 3.585 GC heap before
{Heap before GC invocations=7 (full 1):
 PSYoungGen      total 105984K, used 98304K [0x00000000d5580000, 0x00000000e2c80000, 0x0000000100000000)
  eden space 98304K, 100% used [0x00000000d5580000,0x00000000db580000,0x00000000db580000)
  from space 7680K, 0% used [0x00000000db580000,0x00000000db580000,0x00000000dbd00000)
  to   space 11776K, 0% used [0x00000000e2100000,0x00000000e2100000,0x00000000e2c80000)
 ParOldGen       total 68096K, used 7292K [0x0000000080000000, 0x0000000084280000, 0x00000000d5580000)
  object space 68096K, 10% used [0x0000000080000000,0x000000008071f258,0x0000000084280000)
 Metaspace       used 31134K, capacity 32064K, committed 32256K, reserved 1077248K
  class space    used 4328K, capacity 4559K, committed 4608K, reserved 1048576K
Event: 3.593 GC heap after
Heap after GC invocations=7 (full 1):
 PSYoungGen      total 187392K, used 11197K [0x00000000d5580000, 0x00000000e2c00000, 0x0000000100000000)
  eden space 176128K, 0% used [0x00000000d5580000,0x00000000d5580000,0x00000000e0180000)
  from space 11264K, 99% used [0x00000000e2100000,0x00000000e2bef438,0x00000000e2c00000)
  to   space 13312K, 0% used [0x00000000e1200000,0x00000000e1200000,0x00000000e1f00000)
 ParOldGen       total 68096K, used 7300K [0x0000000080000000, 0x0000000084280000, 0x00000000d5580000)
  object space 68096K, 10% used [0x0000000080000000,0x0000000080721258,0x0000000084280000)
 Metaspace       used 31134K, capacity 32064K, committed 32256K, reserved 1077248K
  class space    used 4328K, capacity 4559K, committed 4608K, reserved 1048576K
}
Event: 4.050 GC heap before
{Heap before GC invocations=8 (full 1):
 PSYoungGen      total 187392K, used 83698K [0x00000000d5580000, 0x00000000e2c00000, 0x0000000100000000)
  eden space 176128K, 41% used [0x00000000d5580000,0x00000000d9c4d750,0x00000000e0180000)
  from space 11264K, 99% used [0x00000000e2100000,0x00000000e2bef438,0x00000000e2c00000)
  to   space 13312K, 0% used [0x00000000e1200000,0x00000000e1200000,0x00000000e1f00000)
 ParOldGen       total 68096K, used 7300K [0x0000000080000000, 0x0000000084280000, 0x00000000d5580000)
  object space 68096K, 10% used [0x0000000080000000,0x0000000080721258,0x0000000084280000)
 Metaspace       used 34251K, capacity 35334K, committed 35456K, reserved 1079296K
  class space    used 4837K, capacity 5126K, committed 5248K, reserved 1048576K
Event: 4.058 GC heap after
Heap after GC invocations=8 (full 1):
 PSYoungGen      total 189440K, used 9839K [0x00000000d5580000, 0x00000000e2c00000, 0x0000000100000000)
  eden space 176128K, 0% used [0x00000000d5580000,0x00000000d5580000,0x00000000e0180000)
  from space 13312K, 73% used [0x00000000e1200000,0x00000000e1b9bed8,0x00000000e1f00000)
  to   space 11264K, 0% used [0x00000000e2100000,0x00000000e2100000,0x00000000e2c00000)
 ParOldGen       total 68096K, used 7308K [0x0000000080000000, 0x0000000084280000, 0x00000000d5580000)
  object space 68096K, 10% used [0x0000000080000000,0x0000000080723258,0x0000000084280000)
 Metaspace       used 34251K, capacity 35334K, committed 35456K, reserved 1079296K
  class space    used 4837K, capacity 5126K, committed 5248K, reserved 1048576K
}
Event: 4.058 GC heap before
{Heap before GC invocations=9 (full 2):
 PSYoungGen      total 189440K, used 9839K [0x00000000d5580000, 0x00000000e2c00000, 0x0000000100000000)
  eden space 176128K, 0% used [0x00000000d5580000,0x00000000d5580000,0x00000000e0180000)
  from space 13312K, 73% used [0x00000000e1200000,0x00000000e1b9bed8,0x00000000e1f00000)
  to   space 11264K, 0% used [0x00000000e2100000,0x00000000e2100000,0x00000000e2c00000)
 ParOldGen       total 68096K, used 7308K [0x0000000080000000, 0x0000000084280000, 0x00000000d5580000)
  object space 68096K, 10% used [0x0000000080000000,0x0000000080723258,0x0000000084280000)
 Metaspace       used 34251K, capacity 35334K, committed 35456K, reserved 1079296K
  class space    used 4837K, capacity 5126K, committed 5248K, reserved 1048576K
Event: 4.154 GC heap after
Heap after GC invocations=9 (full 2):
 PSYoungGen      total 189440K, used 0K [0x00000000d5580000, 0x00000000e2c00000, 0x0000000100000000)
  eden space 176128K, 0% used [0x00000000d5580000,0x00000000d5580000,0x00000000e0180000)
  from space 13312K, 0% used [0x00000000e1200000,0x00000000e1200000,0x00000000e1f00000)
  to   space 11264K, 0% used [0x00000000e2100000,0x00000000e2100000,0x00000000e2c00000)
 ParOldGen       total 107008K, used 16071K [0x0000000080000000, 0x0000000086880000, 0x00000000d5580000)
  object space 107008K, 15% used [0x0000000080000000,0x0000000080fb1fa8,0x0000000086880000)
 Metaspace       used 34251K, capacity 35334K, committed 35456K, reserved 1079296K
  class space    used 4837K, capacity 5126K, committed 5248K, reserved 1048576K
}
Event: 5.596 GC heap before
{Heap before GC invocations=10 (full 2):
 PSYoungGen      total 189440K, used 176128K [0x00000000d5580000, 0x00000000e2c00000, 0x0000000100000000)
  eden space 176128K, 100% used [0x00000000d5580000,0x00000000e0180000,0x00000000e0180000)
  from space 13312K, 0% used [0x00000000e1200000,0x00000000e1200000,0x00000000e1f00000)
  to   space 11264K, 0% used [0x00000000e2100000,0x00000000e2100000,0x00000000e2c00000)
 ParOldGen       total 107008K, used 16071K [0x0000000080000000, 0x0000000086880000, 0x00000000d5580000)
  object space 107008K, 15% used [0x0000000080000000,0x0000000080fb1fa8,0x0000000086880000)
 Metaspace       used 43586K, capacity 45452K, committed 45696K, reserved 1089536K
  class space    used 6047K, capacity 6469K, committed 6528K, reserved 1048576K
Event: 5.605 GC heap after
Heap after GC invocations=10 (full 2):
 PSYoungGen      total 187392K, used 11239K [0x00000000d5580000, 0x00000000e2c00000, 0x0000000100000000)
  eden space 176128K, 0% used [0x00000000d5580000,0x00000000d5580000,0x00000000e0180000)
  from space 11264K, 99% used [0x00000000e2100000,0x00000000e2bf9f68,0x00000000e2c00000)
  to   space 13312K, 0% used [0x00000000e1200000,0x00000000e1200000,0x00000000e1f00000)
 ParOldGen       total 107008K, used 19537K [0x0000000080000000, 0x0000000086880000, 0x00000000d5580000)
  object space 107008K, 18% used [0x0000000080000000,0x0000000081314588,0x0000000086880000)
 Metaspace       used 43586K, capacity 45452K, committed 45696K, reserved 1089536K
  class space    used 6047K, capacity 6469K, committed 6528K, reserved 1048576K
}

Deoptimization events (10 events):
Event: 6.628 Thread 0x000000001be92800 Uncommon trap: reason=class_check action=maybe_recompile pc=0x0000000002ec3240 method=java.util.WeakHashMap.eq(Ljava/lang/Object;Ljava/lang/Object;)Z @ 7
Event: 6.646 Thread 0x000000001be92800 Uncommon trap: reason=unstable_if action=reinterpret pc=0x00000000035da914 method=org.codehaus.groovy.runtime.metaclass.MetaMethodIndex.addMethodToList(Ljava/lang/Object;Lgroovy/lang/MetaMethod;)Ljava/lang/Object; @ 256
Event: 6.664 Thread 0x000000001be92800 Uncommon trap: reason=class_check action=maybe_recompile pc=0x0000000003329a5c method=java.util.regex.Matcher.search(I)Z @ 86
Event: 6.664 Thread 0x000000001be92800 Uncommon trap: reason=class_check action=maybe_recompile pc=0x0000000003329a5c method=java.util.regex.Matcher.search(I)Z @ 86
Event: 6.753 Thread 0x000000001be92800 Uncommon trap: reason=unstable_if action=reinterpret pc=0x00000000029560dc method=java.lang.String.replace(CC)Ljava/lang/String; @ 2
Event: 6.756 Thread 0x000000001be92800 Uncommon trap: reason=unstable_if action=reinterpret pc=0x0000000003609a10 method=org.codehaus.groovy.runtime.metaclass.MetaMethodIndex.copyNonPrivateNonNewMetaMethods(Lorg/codehaus/groovy/runtime/metaclass/MetaMethodIndex$Entry;Lorg/codehaus/groovy/runti
Event: 6.757 Thread 0x000000001be92800 Uncommon trap: reason=unstable_if action=reinterpret pc=0x0000000003618980 method=groovy.lang.MetaClassImpl$1MOPIter.methodNameAction(Ljava/lang/Class;Lorg/codehaus/groovy/runtime/metaclass/MetaMethodIndex$Entry;)V @ 53
Event: 6.812 Thread 0x000000001be92800 Uncommon trap: reason=null_check action=make_not_entrant pc=0x0000000002f2ae5c method=java.lang.Class.searchMethods([Ljava/lang/reflect/Method;Ljava/lang/String;[Ljava/lang/Class;)Ljava/lang/reflect/Method; @ 59
Event: 6.865 Thread 0x000000001be92800 Uncommon trap: reason=class_check action=maybe_recompile pc=0x0000000002ec3240 method=java.util.WeakHashMap.eq(Ljava/lang/Object;Ljava/lang/Object;)Z @ 7
Event: 6.951 Thread 0x000000001be92800 Uncommon trap: reason=unstable_if action=reinterpret pc=0x0000000002e095e4 method=java.util.TreeMap.put(Ljava/lang/Object;Ljava/lang/Object;)Ljava/lang/Object; @ 163

Classes redefined (0 events):
No events

Internal exceptions (10 events):
Event: 6.887 Thread 0x000000001be92800 Exception <a 'java/lang/ClassNotFoundException': com/android/build/gradle/internal/CompileOptions_DecoratedBeanInfo> (0x00000000de0e49c0) thrown at [C:\re\workspace\8-2-build-windows-amd64-cygwin\jdk8u162\10278\hotspot\src\share\vm\classfile\systemDiction
Event: 6.887 Thread 0x000000001be92800 Exception <a 'java/lang/ClassNotFoundException': com/android/build/gradle/internal/CompileOptionsBeanInfo> (0x00000000de100880) thrown at [C:\re\workspace\8-2-build-windows-amd64-cygwin\jdk8u162\10278\hotspot\src\share\vm\classfile\systemDictionary.cpp, l
Event: 6.888 Thread 0x000000001be92800 Exception <a 'java/lang/ClassNotFoundException': com/android/build/gradle/internal/CompileOptionsCustomizer> (0x00000000de11c938) thrown at [C:\re\workspace\8-2-build-windows-amd64-cygwin\jdk8u162\10278\hotspot\src\share\vm\classfile\systemDictionary.cpp,
Event: 6.888 Thread 0x000000001be92800 Exception <a 'java/lang/ClassNotFoundException': com/android/build/gradle/internal/CompileOptions_DecoratedCustomizer> (0x00000000de14e428) thrown at [C:\re\workspace\8-2-build-windows-amd64-cygwin\jdk8u162\10278\hotspot\src\share\vm\classfile\systemDicti
Event: 6.891 Thread 0x000000001be92800 Exception <a 'java/lang/ClassNotFoundException': com/android/build/gradle/internal/dsl/ApplicationBuildFeaturesImpl_DecoratedBeanInfo> (0x00000000de20d960) thrown at [C:\re\workspace\8-2-build-windows-amd64-cygwin\jdk8u162\10278\hotspot\src\share\vm\class
Event: 6.892 Thread 0x000000001be92800 Exception <a 'java/lang/ClassNotFoundException': com/android/build/gradle/internal/dsl/ApplicationBuildFeaturesImplBeanInfo> (0x00000000de22e5a8) thrown at [C:\re\workspace\8-2-build-windows-amd64-cygwin\jdk8u162\10278\hotspot\src\share\vm\classfile\syste
Event: 6.892 Thread 0x000000001be92800 Exception <a 'java/lang/ClassNotFoundException': com/android/build/gradle/internal/dsl/BuildFeaturesImplBeanInfo> (0x00000000de24c660) thrown at [C:\re\workspace\8-2-build-windows-amd64-cygwin\jdk8u162\10278\hotspot\src\share\vm\classfile\systemDictionary
Event: 6.892 Thread 0x000000001be92800 Exception <a 'java/lang/ClassNotFoundException': com/android/build/gradle/internal/dsl/BuildFeaturesImplCustomizer> (0x00000000de26ac80) thrown at [C:\re\workspace\8-2-build-windows-amd64-cygwin\jdk8u162\10278\hotspot\src\share\vm\classfile\systemDictiona
Event: 6.893 Thread 0x000000001be92800 Exception <a 'java/lang/ClassNotFoundException': com/android/build/gradle/internal/dsl/ApplicationBuildFeaturesImplCustomizer> (0x00000000de29fc90) thrown at [C:\re\workspace\8-2-build-windows-amd64-cygwin\jdk8u162\10278\hotspot\src\share\vm\classfile\sys
Event: 6.893 Thread 0x000000001be92800 Exception <a 'java/lang/ClassNotFoundException': com/android/build/gradle/internal/dsl/ApplicationBuildFeaturesImpl_DecoratedCustomizer> (0x00000000de2cd6c8) thrown at [C:\re\workspace\8-2-build-windows-amd64-cygwin\jdk8u162\10278\hotspot\src\share\vm\cla

Events (10 events):
Event: 6.980 loading class com/android/build/gradle/internal/scope/InternalArtifactType$Category
Event: 6.980 loading class com/android/build/gradle/internal/scope/InternalArtifactType$Category done
Event: 6.981 loading class com/android/build/gradle/internal/publishing/AndroidArtifacts$ArtifactType
Event: 6.981 loading class com/android/build/gradle/internal/publishing/AndroidArtifacts$ArtifactType done
Event: 6.982 loading class com/android/build/gradle/internal/publishing/OutputSpecImpl
Event: 6.982 loading class com/android/build/gradle/internal/publishing/OutputSpecImpl done
Event: 6.982 loading class com/android/build/gradle/internal/publishing/PublishingSpecs$OutputSpec
Event: 6.982 loading class com/android/build/gradle/internal/publishing/PublishingSpecs$OutputSpec done
Event: 6.983 loading class com/android/build/gradle/internal/publishing/PublishingSpecsKt
Event: 6.983 loading class com/android/build/gradle/internal/publishing/PublishingSpecsKt done


Dynamic libraries:
0x00007ff7a1810000 - 0x00007ff7a1847000 	C:\Program Files\Java\jdk1.8.0_162\bin\java.exe
0x00007ffcfa1a0000 - 0x00007ffcfa390000 	C:\WINDOWS\SYSTEM32\ntdll.dll
0x00007ffcf8320000 - 0x00007ffcf83d2000 	C:\WINDOWS\System32\KERNEL32.DLL
0x00007ffcf7200000 - 0x00007ffcf74a5000 	C:\WINDOWS\System32\KERNELBASE.dll
0x00007ffcf8a80000 - 0x00007ffcf8b23000 	C:\WINDOWS\System32\ADVAPI32.dll
0x00007ffcfa020000 - 0x00007ffcfa0be000 	C:\WINDOWS\System32\msvcrt.dll
0x00007ffcfa0c0000 - 0x00007ffcfa157000 	C:\WINDOWS\System32\sechost.dll
0x00007ffcf9560000 - 0x00007ffcf967f000 	C:\WINDOWS\System32\RPCRT4.dll
0x00007ffcf9af0000 - 0x00007ffcf9c84000 	C:\WINDOWS\System32\USER32.dll
0x00007ffcf71d0000 - 0x00007ffcf71f1000 	C:\WINDOWS\System32\win32u.dll
0x00007ffcf89a0000 - 0x00007ffcf89c6000 	C:\WINDOWS\System32\GDI32.dll
0x00007ffcf7640000 - 0x00007ffcf77d8000 	C:\WINDOWS\System32\gdi32full.dll
0x00007ffcf7830000 - 0x00007ffcf78ce000 	C:\WINDOWS\System32\msvcp_win.dll
0x00007ffcf7540000 - 0x00007ffcf763a000 	C:\WINDOWS\System32\ucrtbase.dll
0x00007ffcd7b90000 - 0x00007ffcd7e14000 	C:\WINDOWS\WinSxS\amd64_microsoft.windows.common-controls_6595b64144ccf1df_6.0.18362.1379_none_9e7ff3b3e45cc0c4\COMCTL32.dll
0x00007ffcf9220000 - 0x00007ffcf9557000 	C:\WINDOWS\System32\combase.dll
0x00007ffcf74b0000 - 0x00007ffcf7531000 	C:\WINDOWS\System32\bcryptPrimitives.dll
0x00007ffcf83e0000 - 0x00007ffcf840e000 	C:\WINDOWS\System32\IMM32.DLL
0x0000000067a10000 - 0x0000000067ae1000 	C:\Program Files\Java\jdk1.8.0_162\jre\bin\msvcr100.dll
0x0000000068130000 - 0x00000000689d0000 	C:\Program Files\Java\jdk1.8.0_162\jre\bin\server\jvm.dll
0x00007ffcf8440000 - 0x00007ffcf8448000 	C:\WINDOWS\System32\PSAPI.DLL
0x00007ffcef9a0000 - 0x00007ffcef9c4000 	C:\WINDOWS\SYSTEM32\WINMM.dll
0x00007ffcebeb0000 - 0x00007ffcebeba000 	C:\WINDOWS\SYSTEM32\VERSION.dll
0x00007ffcd66e0000 - 0x00007ffcd66e9000 	C:\WINDOWS\SYSTEM32\WSOCK32.dll
0x00007ffcf9e50000 - 0x00007ffcf9ebf000 	C:\WINDOWS\System32\WS2_32.dll
0x00007ffcef970000 - 0x00007ffcef99d000 	C:\WINDOWS\SYSTEM32\WINMMBASE.dll
0x00007ffcf77e0000 - 0x00007ffcf782a000 	C:\WINDOWS\System32\cfgmgr32.dll
0x000000006a1c0000 - 0x000000006a1cf000 	C:\Program Files\Java\jdk1.8.0_162\jre\bin\verify.dll
0x0000000069360000 - 0x0000000069389000 	C:\Program Files\Java\jdk1.8.0_162\jre\bin\java.dll
0x0000000069340000 - 0x0000000069356000 	C:\Program Files\Java\jdk1.8.0_162\jre\bin\zip.dll
0x00007ffcf8b30000 - 0x00007ffcf9218000 	C:\WINDOWS\System32\SHELL32.dll
0x00007ffcf89d0000 - 0x00007ffcf8a77000 	C:\WINDOWS\System32\shcore.dll
0x00007ffcf78f0000 - 0x00007ffcf806b000 	C:\WINDOWS\System32\windows.storage.dll
0x00007ffcf70b0000 - 0x00007ffcf70d3000 	C:\WINDOWS\System32\profapi.dll
0x00007ffcf7060000 - 0x00007ffcf70aa000 	C:\WINDOWS\System32\powrprof.dll
0x00007ffcf7050000 - 0x00007ffcf7060000 	C:\WINDOWS\System32\UMPDC.dll
0x00007ffcf9c90000 - 0x00007ffcf9ce2000 	C:\WINDOWS\System32\shlwapi.dll
0x00007ffcf70e0000 - 0x00007ffcf70f1000 	C:\WINDOWS\System32\kernel.appcore.dll
0x00007ffcf78d0000 - 0x00007ffcf78e7000 	C:\WINDOWS\System32\cryptsp.dll
0x0000000069320000 - 0x000000006933a000 	C:\Program Files\Java\jdk1.8.0_162\jre\bin\net.dll
0x00007ffcf6890000 - 0x00007ffcf68f7000 	C:\WINDOWS\system32\mswsock.dll
0x0000000068030000 - 0x0000000068041000 	C:\Program Files\Java\jdk1.8.0_162\jre\bin\nio.dll
0x00007ffcbc9a0000 - 0x00007ffcbc9c7000 	C:\Users\hp\.gradle\native\f6784746aeab05261644944871eae4fe03e0ef1612fff0a4a95f87b438bc6780\windows-amd64\native-platform.dll
0x0000000069310000 - 0x000000006931d000 	C:\Program Files\Java\jdk1.8.0_162\jre\bin\management.dll
0x00007ffcf6410000 - 0x00007ffcf6443000 	C:\WINDOWS\system32\rsaenh.dll
0x00007ffcf80d0000 - 0x00007ffcf80f6000 	C:\WINDOWS\System32\bcrypt.dll
0x00007ffcf6f30000 - 0x00007ffcf6f55000 	C:\WINDOWS\SYSTEM32\USERENV.dll
0x00007ffcf6a60000 - 0x00007ffcf6a6c000 	C:\WINDOWS\SYSTEM32\CRYPTBASE.dll
0x00007ffcf65a0000 - 0x00007ffcf65da000 	C:\WINDOWS\SYSTEM32\IPHLPAPI.DLL
0x00007ffcf8410000 - 0x00007ffcf8418000 	C:\WINDOWS\System32\NSI.dll
0x00007ffcf03d0000 - 0x00007ffcf03e6000 	C:\WINDOWS\SYSTEM32\dhcpcsvc6.DLL
0x00007ffcf03b0000 - 0x00007ffcf03cc000 	C:\WINDOWS\SYSTEM32\dhcpcsvc.DLL
0x00007ffcf65e0000 - 0x00007ffcf66ab000 	C:\WINDOWS\SYSTEM32\DNSAPI.dll
0x00007ffcee6d0000 - 0x00007ffcee6db000 	C:\WINDOWS\SYSTEM32\WINNSI.DLL

VM Arguments:
jvm_args: -Xmx2048m -Dfile.encoding=UTF-8 -Duser.country=US -Duser.language=en -Duser.variant 
java_command: org.gradle.launcher.daemon.bootstrap.GradleDaemon 6.5
java_class_path (initial): C:\Users\hp\.gradle\wrapper\dists\gradle-6.5-bin\6nifqtx7604sqp1q6g8wikw7p\gradle-6.5\lib\gradle-launcher-6.5.jar
Launcher Type: SUN_STANDARD

Environment Variables:
PATH=C:\Program Files (x86)\Common Files\Oracle\Java\javapath;C:\ProgramData\Oracle\Java\javapath;C:\Program Files (x86)\Intel\Intel(R) Management Engine Components\iCLS\;C:\Program Files\Intel\Intel(R) Management Engine Components\iCLS\;C:\WINDOWS\system32;C:\WINDOWS;C:\WINDOWS\System32\Wbem;C:\WINDOWS\System32\WindowsPowerShell\v1.0\;C:\WINDOWS\System32\OpenSSH\;C:\Program Files (x86)\Intel\Intel(R) Management Engine Components\DAL;C:\Program Files\Intel\Intel(R) Management Engine Components\DAL;C:\Program Files\Intel\WiFi\bin\;C:\Program Files\Common Files\Intel\WirelessCommon\;C:\Program Files\Git\cmd;C:\HashiCorp\Vagrant\bin;C:\Program Files\PuTTY\;C:\php;C:\ProgramData\ComposerSetup\bin;C:\Users\hp\AppData\Local\Microsoft\WindowsApps;C:\Users\hp\AppData\Roaming\Composer\vendor\bin;
USERNAME=hp
OS=Windows_NT
PROCESSOR_IDENTIFIER=Intel64 Family 6 Model 142 Stepping 12, GenuineIntel



---------------  S Y S T E M  ---------------

OS: Windows 10.0 , 64 bit Build 18362 (10.0.18362.1350)

CPU:total 8 (initial active 8) (4 cores per cpu, 2 threads per core) family 6 model 142 stepping 12, cmov, cx8, fxsr, mmx, sse, sse2, sse3, ssse3, sse4.1, sse4.2, popcnt, avx, avx2, aes, clmul, erms, 3dnowpref, lzcnt, ht, tsc, tscinvbit, bmi1, bmi2, adx

Memory: 4k page, physical 12367604k(258340k free), swap 43463280k(3532k free)

vm_info: Java HotSpot(TM) 64-Bit Server VM (25.162-b12) for windows-amd64 JRE (1.8.0_162-b12), built on Dec 19 2017 20:00:03 by "java_re" with MS VC++ 10.0 (VS2010)

time: Mon Mar 08 19:23:43 2021
elapsed time: 6 seconds (0d 0h 0m 6s)

