#
# There is insufficient memory for the Java Runtime Environment to continue.
# Native memory allocation (malloc) failed to allocate 926496 bytes for Chunk::new
# Possible reasons:
#   The system is out of physical RAM or swap space
#   In 32 bit mode, the process size limit was hit
# Possible solutions:
#   Reduce memory load on the system
#   Increase physical memory or swap space
#   Check if swap backing store is full
#   Use 64 bit Java on a 64 bit OS
#   Decrease Java heap size (-Xmx/-Xms)
#   Decrease number of Java threads
#   Decrease Java thread stack sizes (-Xss)
#   Set larger code cache with -XX:ReservedCodeCacheSize=
# This output file may be truncated or incomplete.
#
#  Out of Memory Error (allocation.cpp:390), pid=12556, tid=0x0000000000005bdc
#
# JRE version: Java(TM) SE Runtime Environment (8.0_162-b12) (build 1.8.0_162-b12)
# Java VM: Java HotSpot(TM) 64-Bit Server VM (25.162-b12 mixed mode windows-amd64 compressed oops)
# Failed to write core dump. Minidumps are not enabled by default on client versions of Windows
#

---------------  T H R E A D  ---------------

Current thread (0x000000001793d000):  JavaThread "C2 CompilerThread2" daemon [_thread_in_native, id=23516, stack(0x000000001a200000,0x000000001a300000)]

Stack: [0x000000001a200000,0x000000001a300000]
[error occurred during error reporting (printing stack bounds), id 0xc0000005]

Native frames: (J=compiled Java code, j=interpreted, Vv=VM code, C=native code)


Current CompileTask:
C2:   7688 4834   !   4       com.sun.beans.TypeResolver::resolve (274 bytes)


---------------  P R O C E S S  ---------------

Java Threads: ( => current thread )
  0x000000001eed9800 JavaThread "pool-1-thread-1" [_thread_blocked, id=23044, stack(0x0000000029ef0000,0x0000000029ff0000)]
  0x000000001eed5000 JavaThread "Cache worker for Build Output Cleanup Cache (C:\Users\hp\AndroidStudioProjects\emaishaPay\.gradle\buildOutputCleanup)" [_thread_blocked, id=21796, stack(0x0000000029bf0000,0x0000000029cf0000)]
  0x000000001eed8000 JavaThread "jar transforms Thread 95" [_thread_blocked, id=9888, stack(0x00000000298f0000,0x00000000299f0000)]
  0x000000001eed9000 JavaThread "jar transforms Thread 94" [_thread_blocked, id=21328, stack(0x00000000297f0000,0x00000000298f0000)]
  0x000000001f485800 JavaThread "jar transforms Thread 93" [_thread_blocked, id=14588, stack(0x00000000296f0000,0x00000000297f0000)]
  0x000000001f487000 JavaThread "jar transforms Thread 92" [_thread_blocked, id=15456, stack(0x00000000295f0000,0x00000000296f0000)]
  0x000000001f485000 JavaThread "jar transforms Thread 91" [_thread_blocked, id=23024, stack(0x00000000294f0000,0x00000000295f0000)]
  0x000000001f483800 JavaThread "jar transforms Thread 90" [_thread_blocked, id=5436, stack(0x00000000293f0000,0x00000000294f0000)]
  0x000000001f484000 JavaThread "jar transforms Thread 89" [_thread_blocked, id=23100, stack(0x00000000292f0000,0x00000000293f0000)]
  0x000000001f482800 JavaThread "jar transforms Thread 88" [_thread_blocked, id=21344, stack(0x00000000291f0000,0x00000000292f0000)]
  0x000000001f486800 JavaThread "jar transforms Thread 87" [_thread_blocked, id=12812, stack(0x00000000290f0000,0x00000000291f0000)]
  0x000000001f482000 JavaThread "jar transforms Thread 86" [_thread_blocked, id=12064, stack(0x0000000028ff0000,0x00000000290f0000)]
  0x000000001f47d800 JavaThread "jar transforms Thread 85" [_thread_blocked, id=13816, stack(0x0000000028ef0000,0x0000000028ff0000)]
  0x000000001f47a800 JavaThread "jar transforms Thread 84" [_thread_blocked, id=17464, stack(0x0000000028df0000,0x0000000028ef0000)]
  0x000000001f47c000 JavaThread "jar transforms Thread 83" [_thread_blocked, id=2088, stack(0x0000000028cf0000,0x0000000028df0000)]
  0x000000001f47b000 JavaThread "jar transforms Thread 82" [_thread_blocked, id=9988, stack(0x0000000028bf0000,0x0000000028cf0000)]
  0x000000001f47c800 JavaThread "jar transforms Thread 81" [_thread_blocked, id=22552, stack(0x0000000028af0000,0x0000000028bf0000)]
  0x000000001f481000 JavaThread "jar transforms Thread 80" [_thread_blocked, id=9964, stack(0x00000000289f0000,0x0000000028af0000)]
  0x000000001f480800 JavaThread "jar transforms Thread 79" [_thread_blocked, id=23160, stack(0x00000000288f0000,0x00000000289f0000)]
  0x000000001f479800 JavaThread "jar transforms Thread 78" [_thread_blocked, id=21584, stack(0x00000000287f0000,0x00000000288f0000)]
  0x000000001f479000 JavaThread "jar transforms Thread 77" [_thread_blocked, id=21684, stack(0x00000000286f0000,0x00000000287f0000)]
  0x000000001f47f800 JavaThread "jar transforms Thread 76" [_thread_blocked, id=6628, stack(0x00000000285f0000,0x00000000286f0000)]
  0x000000001f47e000 JavaThread "jar transforms Thread 75" [_thread_blocked, id=22208, stack(0x00000000284f0000,0x00000000285f0000)]
  0x000000001f478000 JavaThread "jar transforms Thread 74" [_thread_blocked, id=8196, stack(0x00000000283f0000,0x00000000284f0000)]
  0x000000001f47f000 JavaThread "jar transforms Thread 73" [_thread_blocked, id=16224, stack(0x00000000282f0000,0x00000000283f0000)]
  0x0000000020824000 JavaThread "jar transforms Thread 72" [_thread_blocked, id=23204, stack(0x00000000281f0000,0x00000000282f0000)]
  0x0000000020823000 JavaThread "jar transforms Thread 71" [_thread_blocked, id=22664, stack(0x00000000280f0000,0x00000000281f0000)]
  0x0000000020821800 JavaThread "jar transforms Thread 70" [_thread_blocked, id=22520, stack(0x0000000027ff0000,0x00000000280f0000)]
  0x0000000020824800 JavaThread "jar transforms Thread 69" [_thread_blocked, id=3712, stack(0x0000000027ef0000,0x0000000027ff0000)]
  0x000000002081b800 JavaThread "jar transforms Thread 68" [_thread_blocked, id=21840, stack(0x0000000027df0000,0x0000000027ef0000)]
  0x0000000020820000 JavaThread "jar transforms Thread 67" [_thread_blocked, id=8808, stack(0x0000000027cf0000,0x0000000027df0000)]
  0x0000000020821000 JavaThread "jar transforms Thread 66" [_thread_blocked, id=17896, stack(0x0000000027bf0000,0x0000000027cf0000)]
  0x0000000020822800 JavaThread "jar transforms Thread 65" [_thread_blocked, id=14864, stack(0x0000000027af0000,0x0000000027bf0000)]
  0x0000000020818800 JavaThread "jar transforms Thread 64" [_thread_blocked, id=15184, stack(0x00000000279f0000,0x0000000027af0000)]
  0x000000002081e800 JavaThread "jar transforms Thread 63" [_thread_blocked, id=148, stack(0x00000000278f0000,0x00000000279f0000)]
  0x000000002081f800 JavaThread "jar transforms Thread 62" [_thread_blocked, id=9160, stack(0x00000000277f0000,0x00000000278f0000)]
  0x0000000020817000 JavaThread "jar transforms Thread 61" [_thread_blocked, id=10040, stack(0x00000000276f0000,0x00000000277f0000)]
  0x000000002081a000 JavaThread "jar transforms Thread 60" [_thread_blocked, id=3040, stack(0x00000000275f0000,0x00000000276f0000)]
  0x000000002081e000 JavaThread "jar transforms Thread 59" [_thread_blocked, id=2176, stack(0x00000000274f0000,0x00000000275f0000)]
  0x000000002081d000 JavaThread "jar transforms Thread 58" [_thread_blocked, id=23380, stack(0x00000000273f0000,0x00000000274f0000)]
  0x0000000020816000 JavaThread "jar transforms Thread 57" [_thread_blocked, id=23524, stack(0x00000000272f0000,0x00000000273f0000)]
  0x0000000020819000 JavaThread "jar transforms Thread 56" [_thread_blocked, id=22980, stack(0x00000000271f0000,0x00000000272f0000)]
  0x0000000020815800 JavaThread "jar transforms Thread 55" [_thread_blocked, id=21692, stack(0x00000000270f0000,0x00000000271f0000)]
  0x0000000020817800 JavaThread "jar transforms Thread 54" [_thread_blocked, id=23012, stack(0x0000000026ff0000,0x00000000270f0000)]
  0x000000002081c800 JavaThread "jar transforms Thread 53" [_thread_blocked, id=16020, stack(0x0000000026ef0000,0x0000000026ff0000)]
  0x000000002081b000 JavaThread "jar transforms Thread 52" [_thread_blocked, id=23092, stack(0x0000000026df0000,0x0000000026ef0000)]
  0x000000002067e000 JavaThread "jar transforms Thread 51" [_thread_blocked, id=14956, stack(0x0000000026cf0000,0x0000000026df0000)]
  0x000000002067d800 JavaThread "jar transforms Thread 50" [_thread_blocked, id=23504, stack(0x0000000026bf0000,0x0000000026cf0000)]
  0x000000002067f000 JavaThread "jar transforms Thread 49" [_thread_blocked, id=23320, stack(0x0000000026af0000,0x0000000026bf0000)]
  0x0000000020675800 JavaThread "jar transforms Thread 48" [_thread_blocked, id=23508, stack(0x00000000269f0000,0x0000000026af0000)]
  0x000000002067c800 JavaThread "jar transforms Thread 47" [_thread_blocked, id=23312, stack(0x00000000268f0000,0x00000000269f0000)]
  0x000000002067c000 JavaThread "jar transforms Thread 46" [_thread_blocked, id=4956, stack(0x00000000267f0000,0x00000000268f0000)]
  0x000000002067b000 JavaThread "jar transforms Thread 45" [_thread_blocked, id=6824, stack(0x00000000266f0000,0x00000000267f0000)]
  0x0000000020675000 JavaThread "jar transforms Thread 44" [_thread_blocked, id=20804, stack(0x00000000265f0000,0x00000000266f0000)]
  0x0000000020674000 JavaThread "jar transforms Thread 43" [_thread_blocked, id=3112, stack(0x00000000264f0000,0x00000000265f0000)]
  0x0000000020673800 JavaThread "jar transforms Thread 42" [_thread_blocked, id=22640, stack(0x00000000263f0000,0x00000000264f0000)]
  0x0000000020679800 JavaThread "jar transforms Thread 41" [_thread_blocked, id=9452, stack(0x00000000262f0000,0x00000000263f0000)]
  0x000000002067a800 JavaThread "jar transforms Thread 40" [_thread_blocked, id=16472, stack(0x00000000261f0000,0x00000000262f0000)]
  0x0000000020679000 JavaThread "jar transforms Thread 39" [_thread_blocked, id=14980, stack(0x00000000260f0000,0x00000000261f0000)]
  0x0000000020671000 JavaThread "jar transforms Thread 38" [_thread_blocked, id=10860, stack(0x0000000025ff0000,0x00000000260f0000)]
  0x0000000020678000 JavaThread "jar transforms Thread 37" [_thread_blocked, id=19540, stack(0x0000000025ef0000,0x0000000025ff0000)]
  0x0000000020672000 JavaThread "jar transforms Thread 36" [_thread_blocked, id=18092, stack(0x0000000025df0000,0x0000000025ef0000)]
  0x0000000020670800 JavaThread "jar transforms Thread 35" [_thread_blocked, id=23416, stack(0x0000000025cf0000,0x0000000025df0000)]
  0x0000000020677000 JavaThread "jar transforms Thread 34" [_thread_blocked, id=23424, stack(0x0000000025bf0000,0x0000000025cf0000)]
  0x0000000020676800 JavaThread "jar transforms Thread 33" [_thread_blocked, id=21556, stack(0x0000000025af0000,0x0000000025bf0000)]
  0x000000002066f800 JavaThread "jar transforms Thread 32" [_thread_blocked, id=22464, stack(0x00000000259f0000,0x0000000025af0000)]
  0x0000000020672800 JavaThread "jar transforms Thread 31" [_thread_blocked, id=17884, stack(0x00000000258f0000,0x00000000259f0000)]
  0x000000001b19f000 JavaThread "jar transforms Thread 30" [_thread_blocked, id=15148, stack(0x00000000257f0000,0x00000000258f0000)]
  0x000000001b19d800 JavaThread "jar transforms Thread 29" [_thread_blocked, id=1556, stack(0x00000000256f0000,0x00000000257f0000)]
  0x000000001b1a2000 JavaThread "jar transforms Thread 28" [_thread_blocked, id=19628, stack(0x00000000255f0000,0x00000000256f0000)]
  0x000000001b1a1800 JavaThread "jar transforms Thread 27" [_thread_blocked, id=5084, stack(0x00000000254f0000,0x00000000255f0000)]
  0x000000001b19e800 JavaThread "jar transforms Thread 26" [_thread_blocked, id=9396, stack(0x00000000253f0000,0x00000000254f0000)]
  0x000000001b1a0800 JavaThread "jar transforms Thread 25" [_thread_blocked, id=23020, stack(0x00000000252f0000,0x00000000253f0000)]
  0x000000001b1a0000 JavaThread "jar transforms Thread 24" [_thread_blocked, id=23060, stack(0x00000000251f0000,0x00000000252f0000)]
  0x000000001b197000 JavaThread "jar transforms Thread 23" [_thread_blocked, id=8632, stack(0x00000000250f0000,0x00000000251f0000)]
  0x000000001b19d000 JavaThread "jar transforms Thread 22" [_thread_blocked, id=21468, stack(0x0000000024ff0000,0x00000000250f0000)]
  0x000000001b195800 JavaThread "jar transforms Thread 21" [_thread_blocked, id=21312, stack(0x0000000024ef0000,0x0000000024ff0000)]
  0x000000001b19c000 JavaThread "jar transforms Thread 20" [_thread_blocked, id=17788, stack(0x0000000024df0000,0x0000000024ef0000)]
  0x000000001b19b800 JavaThread "jar transforms Thread 19" [_thread_blocked, id=4980, stack(0x0000000024cf0000,0x0000000024df0000)]
  0x000000001b194000 JavaThread "jar transforms Thread 18" [_thread_blocked, id=14240, stack(0x0000000024bf0000,0x0000000024cf0000)]
  0x000000001b19a800 JavaThread "jar transforms Thread 17" [_thread_blocked, id=12536, stack(0x0000000024af0000,0x0000000024bf0000)]
  0x000000001b193000 JavaThread "jar transforms Thread 16" [_thread_blocked, id=13528, stack(0x00000000249f0000,0x0000000024af0000)]
  0x000000001b19a000 JavaThread "jar transforms Thread 15" [_thread_blocked, id=13084, stack(0x00000000248f0000,0x00000000249f0000)]
  0x000000001b197800 JavaThread "jar transforms Thread 14" [_thread_blocked, id=22492, stack(0x00000000247f0000,0x00000000248f0000)]
  0x000000001b199000 JavaThread "jar transforms Thread 13" [_thread_blocked, id=20968, stack(0x00000000246f0000,0x00000000247f0000)]
  0x000000001b198800 JavaThread "jar transforms Thread 12" [_thread_blocked, id=8252, stack(0x00000000245f0000,0x00000000246f0000)]
  0x000000001b194800 JavaThread "jar transforms Thread 11" [_thread_blocked, id=3004, stack(0x00000000244f0000,0x00000000245f0000)]
  0x000000001b196000 JavaThread "jar transforms Thread 10" [_thread_blocked, id=15088, stack(0x00000000243f0000,0x00000000244f0000)]
  0x000000001fccc800 JavaThread "jar transforms Thread 9" [_thread_blocked, id=23176, stack(0x00000000242f0000,0x00000000243f0000)]
  0x000000001fcce000 JavaThread "jar transforms Thread 8" [_thread_blocked, id=1300, stack(0x00000000241f0000,0x00000000242f0000)]
  0x000000001fcca000 JavaThread "jar transforms Thread 7" [_thread_blocked, id=23112, stack(0x00000000240f0000,0x00000000241f0000)]
  0x000000001fcce800 JavaThread "jar transforms Thread 6" [_thread_blocked, id=18856, stack(0x0000000023ff0000,0x00000000240f0000)]
  0x000000001fccb800 JavaThread "jar transforms Thread 5" [_thread_blocked, id=9064, stack(0x0000000023ef0000,0x0000000023ff0000)]
  0x000000001fccb000 JavaThread "jar transforms Thread 4" [_thread_blocked, id=17212, stack(0x0000000023580000,0x0000000023680000)]
  0x000000001fccd000 JavaThread "jar transforms Thread 3" [_thread_blocked, id=9884, stack(0x0000000023290000,0x0000000023390000)]
  0x000000001fcc9800 JavaThread "jar transforms Thread 2" [_thread_blocked, id=10044, stack(0x0000000022d40000,0x0000000022e40000)]
  0x000000001fccf800 JavaThread "Build operations Thread 8" [_thread_blocked, id=23528, stack(0x0000000023cf0000,0x0000000023df0000)]
  0x000000001fcc2000 JavaThread "Build operations Thread 7" [_thread_blocked, id=23080, stack(0x0000000023bf0000,0x0000000023cf0000)]
  0x000000001fcc8800 JavaThread "Build operations Thread 6" [_thread_blocked, id=22824, stack(0x0000000023af0000,0x0000000023bf0000)]
  0x000000001fcc1000 JavaThread "Build operations Thread 5" [_thread_blocked, id=23048, stack(0x00000000239f0000,0x0000000023af0000)]
  0x000000001fcc8000 JavaThread "Build operations Thread 4" [_thread_blocked, id=4420, stack(0x00000000238f0000,0x00000000239f0000)]
  0x000000001fcc7000 JavaThread "Build operations Thread 3" [_thread_blocked, id=984, stack(0x00000000237f0000,0x00000000238f0000)]
  0x000000001fcc4000 JavaThread "Build operations Thread 2" [_thread_blocked, id=21540, stack(0x00000000236f0000,0x00000000237f0000)]
  0x000000001fcc0800 JavaThread "Build operations" [_thread_blocked, id=22616, stack(0x0000000023480000,0x0000000023580000)]
  0x000000001c092000 JavaThread "Cache worker for file content cache (C:\Users\hp\.gradle\caches\6.5\fileContent)" [_thread_blocked, id=1760, stack(0x0000000021a70000,0x0000000021b70000)]
  0x000000001c099000 JavaThread "jar transforms" [_thread_blocked, id=21548, stack(0x0000000021970000,0x0000000021a70000)]
  0x000000001c098000 JavaThread "Cache worker for execution history cache (C:\Users\hp\.gradle\caches\6.5\executionHistory)" [_thread_blocked, id=4428, stack(0x0000000021270000,0x0000000021370000)]
  0x000000001c096000 JavaThread "Cache worker for cache directory md-rule (C:\Users\hp\.gradle\caches\6.5\md-rule)" [_thread_blocked, id=7176, stack(0x0000000021170000,0x0000000021270000)]
  0x000000001c094800 JavaThread "Cache worker for cache directory md-supplier (C:\Users\hp\.gradle\caches\6.5\md-supplier)" [_thread_blocked, id=18816, stack(0x0000000021070000,0x0000000021170000)]
  0x000000001c093000 JavaThread "Cache worker for checksums cache (C:\Users\hp\AndroidStudioProjects\emaishaPay\.gradle\checksums)" [_thread_blocked, id=22676, stack(0x0000000020c90000,0x0000000020d90000)]
  0x000000001c095000 JavaThread "Cache worker for file hash cache (C:\Users\hp\AndroidStudioProjects\emaishaPay\.gradle\6.5\fileHashes)" [_thread_blocked, id=2308, stack(0x000000001fba0000,0x000000001fca0000)]
  0x000000001c097800 JavaThread "Cache worker for file hash cache (C:\Users\hp\.gradle\caches\6.5\fileHashes)" [_thread_blocked, id=13884, stack(0x000000001e620000,0x000000001e720000)]
  0x000000001c093800 JavaThread "File lock request listener" [_thread_in_native, id=21572, stack(0x000000001e520000,0x000000001e620000)]
  0x000000001c096800 JavaThread "Cache worker for journal cache (C:\Users\hp\.gradle\caches\journal-1)" [_thread_blocked, id=22388, stack(0x000000001e420000,0x000000001e520000)]
  0x000000001c105000 JavaThread "Thread-9" [_thread_blocked, id=14532, stack(0x000000001e120000,0x000000001e220000)]
  0x000000001a6d8000 JavaThread "Stdin handler" [_thread_blocked, id=21896, stack(0x000000001e020000,0x000000001e120000)]
  0x000000001c0ca000 JavaThread "Asynchronous log dispatcher for DefaultDaemonConnection: socket connection from /127.0.0.1:63790 to /127.0.0.1:63791" [_thread_blocked, id=21532, stack(0x000000001df20000,0x000000001e020000)]
  0x000000001a68e000 JavaThread "Daemon worker" [_thread_in_Java, id=23464, stack(0x000000001de20000,0x000000001df20000)]
  0x000000001bfb0800 JavaThread "Cancel handler" [_thread_blocked, id=23448, stack(0x000000001dd20000,0x000000001de20000)]
  0x000000001bfb8800 JavaThread "Handler for socket connection from /127.0.0.1:63790 to /127.0.0.1:63791" [_thread_in_native, id=3284, stack(0x000000001da20000,0x000000001db20000)]
  0x000000001bfb2800 JavaThread "Daemon" [_thread_blocked, id=14592, stack(0x000000001d920000,0x000000001da20000)]
  0x000000001bfc3800 JavaThread "Daemon periodic checks" [_thread_blocked, id=8256, stack(0x000000001d820000,0x000000001d920000)]
  0x000000001bf68000 JavaThread "Incoming local TCP Connector on port 63790" [_thread_in_native, id=12956, stack(0x000000001d5e0000,0x000000001d6e0000)]
  0x000000001be9c800 JavaThread "Daemon health stats" [_thread_blocked, id=7884, stack(0x000000001cda0000,0x000000001cea0000)]
  0x00000000198d8000 JavaThread "Service Thread" daemon [_thread_blocked, id=18048, stack(0x000000001a400000,0x000000001a500000)]
  0x000000001983d000 JavaThread "C1 CompilerThread3" daemon [_thread_in_vm, id=20168, stack(0x000000001a300000,0x000000001a400000)]
=>0x000000001793d000 JavaThread "C2 CompilerThread2" daemon [_thread_in_native, id=23516, stack(0x000000001a200000,0x000000001a300000)]
  0x0000000019834800 JavaThread "C2 CompilerThread1" daemon [_thread_in_native, id=15484, stack(0x000000001a100000,0x000000001a200000)]
  0x000000001982e000 JavaThread "C2 CompilerThread0" daemon [_thread_in_native, id=13000, stack(0x000000001a000000,0x000000001a100000)]
  0x000000001982c800 JavaThread "Attach Listener" daemon [_thread_blocked, id=10924, stack(0x0000000019f00000,0x000000001a000000)]
  0x000000001982b000 JavaThread "Signal Dispatcher" daemon [_thread_blocked, id=22900, stack(0x0000000019e00000,0x0000000019f00000)]
  0x00000000028be800 JavaThread "Finalizer" daemon [_thread_blocked, id=17948, stack(0x0000000019c00000,0x0000000019d00000)]
  0x00000000028b7000 JavaThread "Reference Handler" daemon [_thread_blocked, id=7388, stack(0x0000000019700000,0x0000000019800000)]
  0x00000000026be000 JavaThread "main" [_thread_blocked, id=7156, stack(0x00000000026c0000,0x00000000027c0000)]

Other Threads:
  0x0000000017929800 VMThread [stack: 0x0000000019600000,0x0000000019700000] [id=22576]
  0x00000000198d9000 WatcherThread [stack: 0x000000001a500000,0x000000001a600000] [id=4288]

VM state:not at safepoint (normal execution)

VM Mutex/Monitor currently owned by a thread: None

Heap:
 PSYoungGen      total 288768K, used 126855K [0x00000000d5580000, 0x00000000eaa80000, 0x0000000100000000)
  eden space 275456K, 41% used [0x00000000d5580000,0x00000000dc462fb8,0x00000000e6280000)
  from space 13312K, 99% used [0x00000000e9d80000,0x00000000eaa7ecd8,0x00000000eaa80000)
  to   space 16384K, 0% used [0x00000000e8a80000,0x00000000e8a80000,0x00000000e9a80000)
 ParOldGen       total 67072K, used 19416K [0x0000000080000000, 0x0000000084180000, 0x00000000d5580000)
  object space 67072K, 28% used [0x0000000080000000,0x00000000812f61f8,0x0000000084180000)
 Metaspace       used 52173K, capacity 54254K, committed 54528K, reserved 1095680K
  class space    used 7137K, capacity 7607K, committed 7680K, reserved 1048576K

Card table byte_map: [0x0000000011c80000,0x0000000012090000] byte_map_base: 0x0000000011880000

Marking Bits: (ParMarkBitMap*) 0x0000000069070860
 Begin Bits: [0x0000000012b40000, 0x0000000014b40000)
 End Bits:   [0x0000000014b40000, 0x0000000016b40000)

Polling page: 0x0000000000900000

CodeCache: size=245760Kb used=15240Kb max_used=15240Kb free=230519Kb
 bounds [0x00000000028c0000, 0x00000000037b0000, 0x00000000118c0000]
 total_blobs=5219 nmethods=4460 adapters=671
 compilation: enabled

Compilation events (10 events):
Event: 7.676 Thread 0x000000001983d000 4917       3       groovyjarjarasm.asm.SymbolTable::addTypeInternal (85 bytes)
Event: 7.677 Thread 0x000000001983d000 nmethod 4917 0x00000000037a4490 code [0x00000000037a4620, 0x00000000037a4b98]
Event: 7.677 Thread 0x000000001983d000 4918       3       groovyjarjarasm.asm.MethodWriter::visitMethodInsn (191 bytes)
Event: 7.678 Thread 0x000000001983d000 nmethod 4918 0x00000000037a4d90 code [0x00000000037a4fa0, 0x00000000037a5a68]
Event: 7.678 Thread 0x000000001983d000 4919       3       groovyjarjarasm.asm.SymbolTable::addConstantMethodref (24 bytes)
Event: 7.678 Thread 0x000000001983d000 nmethod 4919 0x00000000037a5f10 code [0x00000000037a6080, 0x00000000037a6288]
Event: 7.678 Thread 0x000000001983d000 4920       3       groovyjarjarasm.asm.ByteVector::put122 (93 bytes)
Event: 7.678 Thread 0x000000001983d000 nmethod 4920 0x00000000037a6350 code [0x00000000037a64c0, 0x00000000037a6788]
Event: 7.682 Thread 0x000000001983d000 4922       3       sun.reflect.generics.reflectiveObjects.ParameterizedTypeImpl::equals (81 bytes)
Event: 7.683 Thread 0x000000001983d000 nmethod 4922 0x00000000037a6990 code [0x00000000037a6b80, 0x00000000037a7768]

GC Heap History (10 events):
Event: 3.340 GC heap before
{Heap before GC invocations=6 (full 1):
 PSYoungGen      total 105984K, used 7076K [0x00000000d5580000, 0x00000000e2c80000, 0x0000000100000000)
  eden space 98304K, 0% used [0x00000000d5580000,0x00000000d5580000,0x00000000db580000)
  from space 7680K, 92% used [0x00000000db580000,0x00000000dbc69050,0x00000000dbd00000)
  to   space 11776K, 0% used [0x00000000e2100000,0x00000000e2100000,0x00000000e2c80000)
 ParOldGen       total 130048K, used 4062K [0x0000000080000000, 0x0000000087f00000, 0x00000000d5580000)
  object space 130048K, 3% used [0x0000000080000000,0x00000000803f78e0,0x0000000087f00000)
 Metaspace       used 20593K, capacity 21246K, committed 21296K, reserved 1067008K
  class space    used 2953K, capacity 3169K, committed 3200K, reserved 1048576K
Event: 3.366 GC heap after
Heap after GC invocations=6 (full 1):
 PSYoungGen      total 105984K, used 0K [0x00000000d5580000, 0x00000000e2c80000, 0x0000000100000000)
  eden space 98304K, 0% used [0x00000000d5580000,0x00000000d5580000,0x00000000db580000)
  from space 7680K, 0% used [0x00000000db580000,0x00000000db580000,0x00000000dbd00000)
  to   space 11776K, 0% used [0x00000000e2100000,0x00000000e2100000,0x00000000e2c80000)
 ParOldGen       total 67072K, used 7338K [0x0000000080000000, 0x0000000084180000, 0x00000000d5580000)
  object space 67072K, 10% used [0x0000000080000000,0x000000008072a850,0x0000000084180000)
 Metaspace       used 20593K, capacity 21246K, committed 21296K, reserved 1067008K
  class space    used 2953K, capacity 3169K, committed 3200K, reserved 1048576K
}
Event: 4.200 GC heap before
{Heap before GC invocations=7 (full 1):
 PSYoungGen      total 105984K, used 98304K [0x00000000d5580000, 0x00000000e2c80000, 0x0000000100000000)
  eden space 98304K, 100% used [0x00000000d5580000,0x00000000db580000,0x00000000db580000)
  from space 7680K, 0% used [0x00000000db580000,0x00000000db580000,0x00000000dbd00000)
  to   space 11776K, 0% used [0x00000000e2100000,0x00000000e2100000,0x00000000e2c80000)
 ParOldGen       total 67072K, used 7338K [0x0000000080000000, 0x0000000084180000, 0x00000000d5580000)
  object space 67072K, 10% used [0x0000000080000000,0x000000008072a850,0x0000000084180000)
 Metaspace       used 31111K, capacity 32068K, committed 32256K, reserved 1077248K
  class space    used 4320K, capacity 4559K, committed 4608K, reserved 1048576K
Event: 4.207 GC heap after
Heap after GC invocations=7 (full 1):
 PSYoungGen      total 190464K, used 11219K [0x00000000d5580000, 0x00000000e2c00000, 0x0000000100000000)
  eden space 179200K, 0% used [0x00000000d5580000,0x00000000d5580000,0x00000000e0480000)
  from space 11264K, 99% used [0x00000000e2100000,0x00000000e2bf4f08,0x00000000e2c00000)
  to   space 13312K, 0% used [0x00000000e1200000,0x00000000e1200000,0x00000000e1f00000)
 ParOldGen       total 67072K, used 7346K [0x0000000080000000, 0x0000000084180000, 0x00000000d5580000)
  object space 67072K, 10% used [0x0000000080000000,0x000000008072c850,0x0000000084180000)
 Metaspace       used 31111K, capacity 32068K, committed 32256K, reserved 1077248K
  class space    used 4320K, capacity 4559K, committed 4608K, reserved 1048576K
}
Event: 4.690 GC heap before
{Heap before GC invocations=8 (full 1):
 PSYoungGen      total 190464K, used 79973K [0x00000000d5580000, 0x00000000e2c00000, 0x0000000100000000)
  eden space 179200K, 38% used [0x00000000d5580000,0x00000000d98a46c0,0x00000000e0480000)
  from space 11264K, 99% used [0x00000000e2100000,0x00000000e2bf4f08,0x00000000e2c00000)
  to   space 13312K, 0% used [0x00000000e1200000,0x00000000e1200000,0x00000000e1f00000)
 ParOldGen       total 67072K, used 7346K [0x0000000080000000, 0x0000000084180000, 0x00000000d5580000)
  object space 67072K, 10% used [0x0000000080000000,0x000000008072c850,0x0000000084180000)
 Metaspace       used 34150K, capacity 35274K, committed 35456K, reserved 1079296K
  class space    used 4813K, capacity 5126K, committed 5248K, reserved 1048576K
Event: 4.699 GC heap after
Heap after GC invocations=8 (full 1):
 PSYoungGen      total 206336K, used 9759K [0x00000000d5580000, 0x00000000eaa80000, 0x0000000100000000)
  eden space 193024K, 0% used [0x00000000d5580000,0x00000000d5580000,0x00000000e1200000)
  from space 13312K, 73% used [0x00000000e1200000,0x00000000e1b87f30,0x00000000e1f00000)
  to   space 13312K, 0% used [0x00000000e9d80000,0x00000000e9d80000,0x00000000eaa80000)
 ParOldGen       total 67072K, used 7354K [0x0000000080000000, 0x0000000084180000, 0x00000000d5580000)
  object space 67072K, 10% used [0x0000000080000000,0x000000008072e850,0x0000000084180000)
 Metaspace       used 34150K, capacity 35274K, committed 35456K, reserved 1079296K
  class space    used 4813K, capacity 5126K, committed 5248K, reserved 1048576K
}
Event: 4.699 GC heap before
{Heap before GC invocations=9 (full 2):
 PSYoungGen      total 206336K, used 9759K [0x00000000d5580000, 0x00000000eaa80000, 0x0000000100000000)
  eden space 193024K, 0% used [0x00000000d5580000,0x00000000d5580000,0x00000000e1200000)
  from space 13312K, 73% used [0x00000000e1200000,0x00000000e1b87f30,0x00000000e1f00000)
  to   space 13312K, 0% used [0x00000000e9d80000,0x00000000e9d80000,0x00000000eaa80000)
 ParOldGen       total 67072K, used 7354K [0x0000000080000000, 0x0000000084180000, 0x00000000d5580000)
  object space 67072K, 10% used [0x0000000080000000,0x000000008072e850,0x0000000084180000)
 Metaspace       used 34150K, capacity 35274K, committed 35456K, reserved 1079296K
  class space    used 4813K, capacity 5126K, committed 5248K, reserved 1048576K
Event: 4.786 GC heap after
Heap after GC invocations=9 (full 2):
 PSYoungGen      total 206336K, used 0K [0x00000000d5580000, 0x00000000eaa80000, 0x0000000100000000)
  eden space 193024K, 0% used [0x00000000d5580000,0x00000000d5580000,0x00000000e1200000)
  from space 13312K, 0% used [0x00000000e1200000,0x00000000e1200000,0x00000000e1f00000)
  to   space 13312K, 0% used [0x00000000e9d80000,0x00000000e9d80000,0x00000000eaa80000)
 ParOldGen       total 67072K, used 15933K [0x0000000080000000, 0x0000000084180000, 0x00000000d5580000)
  object space 67072K, 23% used [0x0000000080000000,0x0000000080f8f428,0x0000000084180000)
 Metaspace       used 34150K, capacity 35274K, committed 35456K, reserved 1079296K
  class space    used 4813K, capacity 5126K, committed 5248K, reserved 1048576K
}
Event: 6.584 GC heap before
{Heap before GC invocations=10 (full 2):
 PSYoungGen      total 206336K, used 193024K [0x00000000d5580000, 0x00000000eaa80000, 0x0000000100000000)
  eden space 193024K, 100% used [0x00000000d5580000,0x00000000e1200000,0x00000000e1200000)
  from space 13312K, 0% used [0x00000000e1200000,0x00000000e1200000,0x00000000e1f00000)
  to   space 13312K, 0% used [0x00000000e9d80000,0x00000000e9d80000,0x00000000eaa80000)
 ParOldGen       total 67072K, used 15933K [0x0000000080000000, 0x0000000084180000, 0x00000000d5580000)
  object space 67072K, 23% used [0x0000000080000000,0x0000000080f8f428,0x0000000084180000)
 Metaspace       used 45579K, capacity 47456K, committed 47744K, reserved 1089536K
  class space    used 6306K, capacity 6729K, committed 6784K, reserved 1048576K
Event: 6.606 GC heap after
Heap after GC invocations=10 (full 2):
 PSYoungGen      total 288768K, used 13307K [0x00000000d5580000, 0x00000000eaa80000, 0x0000000100000000)
  eden space 275456K, 0% used [0x00000000d5580000,0x00000000d5580000,0x00000000e6280000)
  from space 13312K, 99% used [0x00000000e9d80000,0x00000000eaa7ecd8,0x00000000eaa80000)
  to   space 16384K, 0% used [0x00000000e8a80000,0x00000000e8a80000,0x00000000e9a80000)
 ParOldGen       total 67072K, used 19416K [0x0000000080000000, 0x0000000084180000, 0x00000000d5580000)
  object space 67072K, 28% used [0x0000000080000000,0x00000000812f61f8,0x0000000084180000)
 Metaspace       used 45579K, capacity 47456K, committed 47744K, reserved 1089536K
  class space    used 6306K, capacity 6729K, committed 6784K, reserved 1048576K
}

Deoptimization events (10 events):
Event: 7.456 Thread 0x000000001a68e000 Uncommon trap: reason=class_check action=maybe_recompile pc=0x00000000030098c0 method=java.util.WeakHashMap.eq(Ljava/lang/Object;Ljava/lang/Object;)Z @ 7
Event: 7.471 Thread 0x000000001a68e000 Uncommon trap: reason=unstable_if action=reinterpret pc=0x000000000373d8c4 method=org.codehaus.groovy.runtime.metaclass.MetaMethodIndex.addMethodToList(Ljava/lang/Object;Lgroovy/lang/MetaMethod;)Ljava/lang/Object; @ 256
Event: 7.491 Thread 0x000000001a68e000 Uncommon trap: reason=class_check action=maybe_recompile pc=0x0000000002bef15c method=java.util.regex.Matcher.search(I)Z @ 86
Event: 7.491 Thread 0x000000001a68e000 Uncommon trap: reason=class_check action=maybe_recompile pc=0x0000000002bef15c method=java.util.regex.Matcher.search(I)Z @ 86
Event: 7.605 Thread 0x000000001a68e000 Uncommon trap: reason=bimorphic action=maybe_recompile pc=0x0000000002e3d230 method=java.util.Hashtable.get(Ljava/lang/Object;)Ljava/lang/Object; @ 6
Event: 7.605 Thread 0x000000001a68e000 Uncommon trap: reason=bimorphic action=maybe_recompile pc=0x0000000002e3d230 method=java.util.Hashtable.get(Ljava/lang/Object;)Ljava/lang/Object; @ 6
Event: 7.605 Thread 0x000000001a68e000 Uncommon trap: reason=bimorphic action=maybe_recompile pc=0x0000000002e3d230 method=java.util.Hashtable.get(Ljava/lang/Object;)Ljava/lang/Object; @ 6
Event: 7.605 Thread 0x000000001a68e000 Uncommon trap: reason=bimorphic action=maybe_recompile pc=0x0000000002e3d230 method=java.util.Hashtable.get(Ljava/lang/Object;)Ljava/lang/Object; @ 6
Event: 7.627 Thread 0x000000001a68e000 Uncommon trap: reason=unstable_if action=reinterpret pc=0x0000000002a96a1c method=java.lang.String.replace(CC)Ljava/lang/String; @ 2
Event: 7.632 Thread 0x000000001a68e000 Uncommon trap: reason=unstable_if action=reinterpret pc=0x0000000003771028 method=org.codehaus.groovy.runtime.metaclass.MetaMethodIndex.copyNonPrivateNonNewMetaMethods(Lorg/codehaus/groovy/runtime/metaclass/MetaMethodIndex$Entry;Lorg/codehaus/groovy/runti

Classes redefined (0 events):
No events

Internal exceptions (10 events):
Event: 7.680 Thread 0x000000001a68e000 Exception <a 'java/lang/ClassNotFoundException': java/util/PropertiesBeanInfo> (0x00000000dc24c8d8) thrown at [C:\re\workspace\8-2-build-windows-amd64-cygwin\jdk8u162\10278\hotspot\src\share\vm\classfile\systemDictionary.cpp, line 210]
Event: 7.680 Thread 0x000000001a68e000 Exception <a 'java/lang/ClassNotFoundException': java/util/HashtableBeanInfo> (0x00000000dc256850) thrown at [C:\re\workspace\8-2-build-windows-amd64-cygwin\jdk8u162\10278\hotspot\src\share\vm\classfile\systemDictionary.cpp, line 210]
Event: 7.681 Thread 0x000000001a68e000 Exception <a 'java/lang/ClassNotFoundException': java/util/DictionaryBeanInfo> (0x00000000dc260dd0) thrown at [C:\re\workspace\8-2-build-windows-amd64-cygwin\jdk8u162\10278\hotspot\src\share\vm\classfile\systemDictionary.cpp, line 210]
Event: 7.681 Thread 0x000000001a68e000 Exception <a 'java/lang/ClassNotFoundException': java/util/DictionaryCustomizer> (0x00000000dc26b440) thrown at [C:\re\workspace\8-2-build-windows-amd64-cygwin\jdk8u162\10278\hotspot\src\share\vm\classfile\systemDictionary.cpp, line 210]
Event: 7.681 Thread 0x000000001a68e000 Exception <a 'java/lang/ClassNotFoundException': java/util/HashtableCustomizer> (0x00000000dc27cd50) thrown at [C:\re\workspace\8-2-build-windows-amd64-cygwin\jdk8u162\10278\hotspot\src\share\vm\classfile\systemDictionary.cpp, line 210]
Event: 7.682 Thread 0x000000001a68e000 Exception <a 'java/lang/ClassNotFoundException': java/util/PropertiesCustomizer> (0x00000000dc2a8428) thrown at [C:\re\workspace\8-2-build-windows-amd64-cygwin\jdk8u162\10278\hotspot\src\share\vm\classfile\systemDictionary.cpp, line 210]
Event: 7.684 Thread 0x000000001a68e000 Exception <a 'java/lang/ClassNotFoundException': java/io/FileInputStreamBeanInfo> (0x00000000dc2d4de8) thrown at [C:\re\workspace\8-2-build-windows-amd64-cygwin\jdk8u162\10278\hotspot\src\share\vm\classfile\systemDictionary.cpp, line 210]
Event: 7.685 Thread 0x000000001a68e000 Exception <a 'java/lang/ClassNotFoundException': java/io/InputStreamBeanInfo> (0x00000000dc2ded58) thrown at [C:\re\workspace\8-2-build-windows-amd64-cygwin\jdk8u162\10278\hotspot\src\share\vm\classfile\systemDictionary.cpp, line 210]
Event: 7.685 Thread 0x000000001a68e000 Exception <a 'java/lang/ClassNotFoundException': java/io/InputStreamCustomizer> (0x00000000dc2e8fe8) thrown at [C:\re\workspace\8-2-build-windows-amd64-cygwin\jdk8u162\10278\hotspot\src\share\vm\classfile\systemDictionary.cpp, line 210]
Event: 7.685 Thread 0x000000001a68e000 Exception <a 'java/lang/ClassNotFoundException': java/io/FileInputStreamCustomizer> (0x00000000dc2f7e88) thrown at [C:\re\workspace\8-2-build-windows-amd64-cygwin\jdk8u162\10278\hotspot\src\share\vm\classfile\systemDictionary.cpp, line 210]

Events (10 events):
Event: 7.685 loading class java/io/InputStreamBeanInfo
Event: 7.685 loading class java/io/InputStreamBeanInfo done
Event: 7.685 loading class java/io/InputStreamCustomizer
Event: 7.685 loading class java/io/InputStreamCustomizer done
Event: 7.685 loading class java/io/InputStreamCustomizer
Event: 7.685 loading class java/io/InputStreamCustomizer done
Event: 7.685 loading class java/io/FileInputStreamCustomizer
Event: 7.685 loading class java/io/FileInputStreamCustomizer done
Event: 7.685 loading class java/io/FileInputStreamCustomizer
Event: 7.685 loading class java/io/FileInputStreamCustomizer done


Dynamic libraries:
0x00007ff635050000 - 0x00007ff635087000 	C:\Program Files\Java\jdk1.8.0_162\bin\java.exe
0x00007fffba0c0000 - 0x00007fffba2b0000 	C:\WINDOWS\SYSTEM32\ntdll.dll
0x00007fffb8ac0000 - 0x00007fffb8b72000 	C:\WINDOWS\System32\KERNEL32.DLL
0x00007fffb70f0000 - 0x00007fffb7395000 	C:\WINDOWS\System32\KERNELBASE.dll
0x00007fffb8170000 - 0x00007fffb8213000 	C:\WINDOWS\System32\ADVAPI32.dll
0x00007fffb9e80000 - 0x00007fffb9f1e000 	C:\WINDOWS\System32\msvcrt.dll
0x00007fffb8c70000 - 0x00007fffb8d07000 	C:\WINDOWS\System32\sechost.dll
0x00007fffb83c0000 - 0x00007fffb84df000 	C:\WINDOWS\System32\RPCRT4.dll
0x00007fffb8220000 - 0x00007fffb83b4000 	C:\WINDOWS\System32\USER32.dll
0x00007fffb7de0000 - 0x00007fffb7e01000 	C:\WINDOWS\System32\win32u.dll
0x00007fffb8550000 - 0x00007fffb8576000 	C:\WINDOWS\System32\GDI32.dll
0x00007fffb7c40000 - 0x00007fffb7dd8000 	C:\WINDOWS\System32\gdi32full.dll
0x00007fffb73a0000 - 0x00007fffb743e000 	C:\WINDOWS\System32\msvcp_win.dll
0x00007fffb8070000 - 0x00007fffb816a000 	C:\WINDOWS\System32\ucrtbase.dll
0x00007fff97bb0000 - 0x00007fff97e34000 	C:\WINDOWS\WinSxS\amd64_microsoft.windows.common-controls_6595b64144ccf1df_6.0.18362.1379_none_9e7ff3b3e45cc0c4\COMCTL32.dll
0x00007fffb94d0000 - 0x00007fffb9807000 	C:\WINDOWS\System32\combase.dll
0x00007fffb7fe0000 - 0x00007fffb8061000 	C:\WINDOWS\System32\bcryptPrimitives.dll
0x00007fffb9810000 - 0x00007fffb983e000 	C:\WINDOWS\System32\IMM32.DLL
0x0000000068490000 - 0x0000000068561000 	C:\Program Files\Java\jdk1.8.0_162\jre\bin\msvcr100.dll
0x0000000068850000 - 0x00000000690f0000 	C:\Program Files\Java\jdk1.8.0_162\jre\bin\server\jvm.dll
0x00007fffb8c60000 - 0x00007fffb8c68000 	C:\WINDOWS\System32\PSAPI.DLL
0x00007fff977d0000 - 0x00007fff977d9000 	C:\WINDOWS\SYSTEM32\WSOCK32.dll
0x00007fffadcf0000 - 0x00007fffadcfa000 	C:\WINDOWS\SYSTEM32\VERSION.dll
0x00007fffaffd0000 - 0x00007fffafff4000 	C:\WINDOWS\SYSTEM32\WINMM.dll
0x00007fffb9d10000 - 0x00007fffb9d7f000 	C:\WINDOWS\System32\WS2_32.dll
0x00007fffaffa0000 - 0x00007fffaffcd000 	C:\WINDOWS\SYSTEM32\WINMMBASE.dll
0x00007fffb7440000 - 0x00007fffb748a000 	C:\WINDOWS\System32\cfgmgr32.dll
0x0000000069cc0000 - 0x0000000069ccf000 	C:\Program Files\Java\jdk1.8.0_162\jre\bin\verify.dll
0x0000000069c90000 - 0x0000000069cb9000 	C:\Program Files\Java\jdk1.8.0_162\jre\bin\java.dll
0x00000000693b0000 - 0x00000000693c6000 	C:\Program Files\Java\jdk1.8.0_162\jre\bin\zip.dll
0x00007fffb8d10000 - 0x00007fffb93f8000 	C:\WINDOWS\System32\SHELL32.dll
0x00007fffb9860000 - 0x00007fffb9907000 	C:\WINDOWS\System32\shcore.dll
0x00007fffb74c0000 - 0x00007fffb7c3b000 	C:\WINDOWS\System32\windows.storage.dll
0x00007fffb6ff0000 - 0x00007fffb7013000 	C:\WINDOWS\System32\profapi.dll
0x00007fffb6fa0000 - 0x00007fffb6fea000 	C:\WINDOWS\System32\powrprof.dll
0x00007fffb6f70000 - 0x00007fffb6f80000 	C:\WINDOWS\System32\UMPDC.dll
0x00007fffb84e0000 - 0x00007fffb8532000 	C:\WINDOWS\System32\shlwapi.dll
0x00007fffb6f80000 - 0x00007fffb6f91000 	C:\WINDOWS\System32\kernel.appcore.dll
0x00007fffb7e70000 - 0x00007fffb7e87000 	C:\WINDOWS\System32\cryptsp.dll
0x0000000069390000 - 0x00000000693aa000 	C:\Program Files\Java\jdk1.8.0_162\jre\bin\net.dll
0x00007fffb67b0000 - 0x00007fffb6817000 	C:\WINDOWS\system32\mswsock.dll
0x0000000069370000 - 0x0000000069381000 	C:\Program Files\Java\jdk1.8.0_162\jre\bin\nio.dll
0x00007fff9cdc0000 - 0x00007fff9cde7000 	C:\Users\hp\.gradle\native\f6784746aeab05261644944871eae4fe03e0ef1612fff0a4a95f87b438bc6780\windows-amd64\native-platform.dll
0x0000000069360000 - 0x000000006936d000 	C:\Program Files\Java\jdk1.8.0_162\jre\bin\management.dll
0x00007fffb6330000 - 0x00007fffb6363000 	C:\WINDOWS\system32\rsaenh.dll
0x00007fffb7490000 - 0x00007fffb74b6000 	C:\WINDOWS\System32\bcrypt.dll
0x00007fffb6e90000 - 0x00007fffb6eb5000 	C:\WINDOWS\SYSTEM32\USERENV.dll
0x00007fffb6980000 - 0x00007fffb698c000 	C:\WINDOWS\SYSTEM32\CRYPTBASE.dll
0x00007fffb64c0000 - 0x00007fffb64fa000 	C:\WINDOWS\SYSTEM32\IPHLPAPI.DLL
0x00007fffb8540000 - 0x00007fffb8548000 	C:\WINDOWS\System32\NSI.dll
0x00007fffb02f0000 - 0x00007fffb0306000 	C:\WINDOWS\SYSTEM32\dhcpcsvc6.DLL
0x00007fffb02d0000 - 0x00007fffb02ec000 	C:\WINDOWS\SYSTEM32\dhcpcsvc.DLL
0x00007fffb6500000 - 0x00007fffb65cb000 	C:\WINDOWS\SYSTEM32\DNSAPI.dll
0x00007fffaff80000 - 0x00007fffaff8b000 	C:\WINDOWS\SYSTEM32\WINNSI.DLL

VM Arguments:
jvm_args: -Xmx2048m -Dfile.encoding=UTF-8 -Duser.country=US -Duser.language=en -Duser.variant 
java_command: org.gradle.launcher.daemon.bootstrap.GradleDaemon 6.5
java_class_path (initial): C:\Users\hp\.gradle\wrapper\dists\gradle-6.5-bin\6nifqtx7604sqp1q6g8wikw7p\gradle-6.5\lib\gradle-launcher-6.5.jar
Launcher Type: SUN_STANDARD

Environment Variables:
PATH=C:\Program Files (x86)\Common Files\Oracle\Java\javapath;C:\ProgramData\Oracle\Java\javapath;C:\Program Files (x86)\Intel\Intel(R) Management Engine Components\iCLS\;C:\Program Files\Intel\Intel(R) Management Engine Components\iCLS\;C:\WINDOWS\system32;C:\WINDOWS;C:\WINDOWS\System32\Wbem;C:\WINDOWS\System32\WindowsPowerShell\v1.0\;C:\WINDOWS\System32\OpenSSH\;C:\Program Files (x86)\Intel\Intel(R) Management Engine Components\DAL;C:\Program Files\Intel\Intel(R) Management Engine Components\DAL;C:\Program Files\Intel\WiFi\bin\;C:\Program Files\Common Files\Intel\WirelessCommon\;C:\Program Files\Git\cmd;C:\HashiCorp\Vagrant\bin;C:\Program Files\PuTTY\;C:\php;C:\ProgramData\ComposerSetup\bin;C:\Users\hp\AppData\Local\Microsoft\WindowsApps;C:\Users\hp\AppData\Roaming\Composer\vendor\bin;
USERNAME=hp
OS=Windows_NT
PROCESSOR_IDENTIFIER=Intel64 Family 6 Model 142 Stepping 12, GenuineIntel



---------------  S Y S T E M  ---------------

OS: Windows 10.0 , 64 bit Build 18362 (10.0.18362.1350)

CPU:total 8 (initial active 8) (4 cores per cpu, 2 threads per core) family 6 model 142 stepping 12, cmov, cx8, fxsr, mmx, sse, sse2, sse3, ssse3, sse4.1, sse4.2, popcnt, avx, avx2, aes, clmul, erms, 3dnowpref, lzcnt, ht, tsc, tscinvbit, bmi1, bmi2, adx

Memory: 4k page, physical 12367604k(262564k free), swap 43463280k(5164k free)

vm_info: Java HotSpot(TM) 64-Bit Server VM (25.162-b12) for windows-amd64 JRE (1.8.0_162-b12), built on Dec 19 2017 20:00:03 by "java_re" with MS VC++ 10.0 (VS2010)

time: Wed Mar 10 18:46:57 2021
elapsed time: 7 seconds (0d 0h 0m 7s)

