#
# There is insufficient memory for the Java Runtime Environment to continue.
# Native memory allocation (malloc) failed to allocate 32744 bytes for ChunkPool::allocate
# Possible reasons:
#   The system is out of physical RAM or swap space
#   In 32 bit mode, the process size limit was hit
# Possible solutions:
#   Reduce memory load on the system
#   Increase physical memory or swap space
#   Check if swap backing store is full
#   Use 64 bit Java on a 64 bit OS
#   Decrease Java heap size (-Xmx/-Xms)
#   Decrease number of Java threads
#   Decrease Java thread stack sizes (-Xss)
#   Set larger code cache with -XX:ReservedCodeCacheSize=
# This output file may be truncated or incomplete.
#
#  Out of Memory Error (allocation.cpp:273), pid=8240, tid=0x0000000000002f1c
#
# JRE version: Java(TM) SE Runtime Environment (8.0_162-b12) (build 1.8.0_162-b12)
# Java VM: Java HotSpot(TM) 64-Bit Server VM (25.162-b12 mixed mode windows-amd64 compressed oops)
# Failed to write core dump. Minidumps are not enabled by default on client versions of Windows
#

---------------  T H R E A D  ---------------

Current thread (0x000000001a370800):  JavaThread "C2 CompilerThread1" daemon [_thread_in_native, id=12060, stack(0x000000001ac40000,0x000000001ad40000)]

Stack: [0x000000001ac40000,0x000000001ad40000]
[error occurred during error reporting (printing stack bounds), id 0xc0000005]

Native frames: (J=compiled Java code, j=interpreted, Vv=VM code, C=native code)


Current CompileTask:
C2:  81841 14870       4       org.gradle.internal.fingerprint.impl.DefaultCurrentFileCollectionFingerprint::accept (57 bytes)


---------------  P R O C E S S  ---------------

Java Threads: ( => current thread )
  0x00000000252b8000 JavaThread "ForkJoinPool.commonPool-worker-7" daemon [_thread_blocked, id=5408, stack(0x0000000033d10000,0x0000000033e10000)]
  0x0000000025403800 JavaThread "ForkJoinPool.commonPool-worker-6" daemon [_thread_blocked, id=28540, stack(0x0000000033c10000,0x0000000033d10000)]
  0x0000000025403000 JavaThread "ForkJoinPool.commonPool-worker-5" daemon [_thread_blocked, id=3960, stack(0x0000000033b10000,0x0000000033c10000)]
  0x0000000025404800 JavaThread "ForkJoinPool.commonPool-worker-4" daemon [_thread_blocked, id=20832, stack(0x0000000033900000,0x0000000033a00000)]
  0x0000000025402000 JavaThread "ForkJoinPool.commonPool-worker-3" daemon [_thread_blocked, id=28500, stack(0x0000000033800000,0x0000000033900000)]
  0x0000000025401800 JavaThread "ForkJoinPool.commonPool-worker-2" daemon [_thread_blocked, id=16536, stack(0x0000000033700000,0x0000000033800000)]
  0x0000000025405000 JavaThread "ForkJoinPool.commonPool-worker-1" daemon [_thread_blocked, id=28416, stack(0x0000000033600000,0x0000000033700000)]
  0x00000000253f9000 JavaThread "WorkerExecutor Queue Thread 6" [_thread_blocked, id=9732, stack(0x0000000032270000,0x0000000032370000)]
  0x00000000253f7800 JavaThread "WorkerExecutor Queue Thread 5" [_thread_blocked, id=16104, stack(0x0000000032170000,0x0000000032270000)]
  0x00000000253fe800 JavaThread "WorkerExecutor Queue Thread 4" [_thread_blocked, id=24272, stack(0x00000000317c0000,0x00000000318c0000)]
  0x00000000253fd000 JavaThread "WorkerExecutor Queue Thread 3" [_thread_blocked, id=8920, stack(0x0000000031280000,0x0000000031380000)]
  0x00000000253f6800 JavaThread "stdout" [_thread_in_native, id=9188, stack(0x0000000031c70000,0x0000000031d70000)]
  0x00000000253fc000 JavaThread "stderr" [_thread_in_native, id=15156, stack(0x0000000031b70000,0x0000000031c70000)]
  0x00000000253fb800 JavaThread "stdout" [_thread_in_native, id=19424, stack(0x0000000031a70000,0x0000000031b70000)]
  0x00000000253f8000 JavaThread "stderr" [_thread_in_native, id=8300, stack(0x0000000031970000,0x0000000031a70000)]
  0x00000000253fa800 JavaThread "pool-4-thread-1" [_thread_blocked, id=27804, stack(0x0000000030960000,0x0000000030a60000)]
  0x000000001d8c9000 JavaThread "WorkerExecutor Queue Thread 2" [_thread_blocked, id=20456, stack(0x0000000001730000,0x0000000001830000)]
  0x0000000022478800 JavaThread "WorkerExecutor Queue" [_thread_blocked, id=9808, stack(0x0000000001530000,0x0000000001630000)]
  0x0000000022478000 JavaThread "Cache worker for execution history cache (C:\Users\hp\AndroidStudioProjects\emaishaPay\.gradle\6.5\executionHistory)" [_thread_blocked, id=25876, stack(0x0000000031180000,0x0000000031280000)]
  0x0000000022472000 JavaThread "Cache worker for file content cache (C:\Users\hp\AndroidStudioProjects\emaishaPay\.gradle\6.5\fileContent)" [_thread_blocked, id=27748, stack(0x0000000030860000,0x0000000030960000)]
  0x000000002246f800 JavaThread "pool-3-thread-1" [_thread_blocked, id=23932, stack(0x0000000030760000,0x0000000030860000)]
  0x0000000022470800 JavaThread "Cache worker for Build Output Cleanup Cache (C:\Users\hp\AndroidStudioProjects\emaishaPay\.gradle\buildOutputCleanup)" [_thread_blocked, id=28432, stack(0x000000002ea90000,0x000000002eb90000)]
  0x000000002246c800 JavaThread "Build operations Thread 8" [_thread_blocked, id=23464, stack(0x000000002bdd0000,0x000000002bed0000)]
  0x000000002246f000 JavaThread "Build operations Thread 7" [_thread_blocked, id=25996, stack(0x0000000026fd0000,0x00000000270d0000)]
  0x000000002246e000 JavaThread "Build operations Thread 6" [_thread_blocked, id=21752, stack(0x0000000026ed0000,0x0000000026fd0000)]
  0x000000001ccc3000 JavaThread "Build operations Thread 5" [_thread_blocked, id=24568, stack(0x0000000026b60000,0x0000000026c60000)]
  0x00000000228ac000 JavaThread "Build operations Thread 4" [_thread_blocked, id=20208, stack(0x0000000026a60000,0x0000000026b60000)]
  0x00000000252ba000 JavaThread "Build operations Thread 3" [_thread_blocked, id=11912, stack(0x0000000026960000,0x0000000026a60000)]
  0x00000000252ad800 JavaThread "Build operations Thread 2" [_thread_blocked, id=16380, stack(0x0000000026860000,0x0000000026960000)]
  0x000000001d8cc000 JavaThread "Build operations" [_thread_blocked, id=18456, stack(0x0000000026760000,0x0000000026860000)]
  0x000000001d8cb000 JavaThread "Cache worker for cache directory md-rule (C:\Users\hp\.gradle\caches\6.5\md-rule)" [_thread_blocked, id=10648, stack(0x0000000026660000,0x0000000026760000)]
  0x00000000228b4000 JavaThread "Cache worker for cache directory md-supplier (C:\Users\hp\.gradle\caches\6.5\md-supplier)" [_thread_blocked, id=21024, stack(0x0000000026560000,0x0000000026660000)]
  0x00000000228ac800 JavaThread "Cache worker for checksums cache (C:\Users\hp\AndroidStudioProjects\emaishaPay\.gradle\checksums)" [_thread_blocked, id=9420, stack(0x0000000024a80000,0x0000000024b80000)]
  0x00000000228ab000 JavaThread "Cache worker for file hash cache (C:\Users\hp\AndroidStudioProjects\emaishaPay\.gradle\6.5\fileHashes)" [_thread_blocked, id=1688, stack(0x0000000024180000,0x0000000024280000)]
  0x00000000228af800 JavaThread "Thread-135" [_thread_blocked, id=11340, stack(0x000000001f260000,0x000000001f360000)]
  0x00000000228b1000 JavaThread "Stdin handler" [_thread_blocked, id=8820, stack(0x000000001ec60000,0x000000001ed60000)]
  0x00000000228af000 JavaThread "Asynchronous log dispatcher for DefaultDaemonConnection: socket connection from /127.0.0.1:59849 to /127.0.0.1:59866" [_thread_blocked, id=15904, stack(0x000000001e860000,0x000000001e960000)]
  0x00000000228aa800 JavaThread "Cancel handler" [_thread_blocked, id=2528, stack(0x000000001e560000,0x000000001e660000)]
  0x00000000228ae000 JavaThread "Handler for socket connection from /127.0.0.1:59849 to /127.0.0.1:59866" [_thread_in_native, id=8988, stack(0x0000000001630000,0x0000000001730000)]
  0x00000000252af000 JavaThread "Memory manager" [_thread_blocked, id=968, stack(0x000000002e290000,0x000000002e390000)]
  0x00000000252af800 JavaThread "jar transforms Thread 95" [_thread_blocked, id=16708, stack(0x000000002bad0000,0x000000002bbd0000)]
  0x000000001fb04000 JavaThread "jar transforms Thread 94" [_thread_blocked, id=12596, stack(0x000000002b9d0000,0x000000002bad0000)]
  0x000000001fb03000 JavaThread "jar transforms Thread 93" [_thread_blocked, id=10352, stack(0x000000002b8d0000,0x000000002b9d0000)]
  0x000000001fb02800 JavaThread "jar transforms Thread 92" [_thread_blocked, id=11936, stack(0x000000002b7d0000,0x000000002b8d0000)]
  0x000000001fb01800 JavaThread "jar transforms Thread 91" [_thread_blocked, id=27856, stack(0x000000002b6d0000,0x000000002b7d0000)]
  0x000000001fafa000 JavaThread "jar transforms Thread 90" [_thread_blocked, id=19668, stack(0x000000002b5d0000,0x000000002b6d0000)]
  0x000000001fb01000 JavaThread "jar transforms Thread 89" [_thread_blocked, id=6516, stack(0x000000002b4d0000,0x000000002b5d0000)]
  0x000000001fb00000 JavaThread "jar transforms Thread 88" [_thread_blocked, id=19764, stack(0x000000002b3d0000,0x000000002b4d0000)]
  0x000000001faff800 JavaThread "jar transforms Thread 87" [_thread_blocked, id=88, stack(0x000000002b2d0000,0x000000002b3d0000)]
  0x000000001fafb000 JavaThread "jar transforms Thread 86" [_thread_blocked, id=12172, stack(0x000000002b1d0000,0x000000002b2d0000)]
  0x000000001fafe800 JavaThread "jar transforms Thread 85" [_thread_blocked, id=16804, stack(0x000000002b0d0000,0x000000002b1d0000)]
  0x000000001faf8000 JavaThread "jar transforms Thread 84" [_thread_blocked, id=6040, stack(0x000000002afd0000,0x000000002b0d0000)]
  0x000000001faf9800 JavaThread "jar transforms Thread 83" [_thread_blocked, id=17612, stack(0x000000002aed0000,0x000000002afd0000)]
  0x000000001fafe000 JavaThread "jar transforms Thread 82" [_thread_blocked, id=14020, stack(0x000000002add0000,0x000000002aed0000)]
  0x000000001fafb800 JavaThread "jar transforms Thread 81" [_thread_blocked, id=19748, stack(0x000000002acd0000,0x000000002add0000)]
  0x000000001faf7000 JavaThread "jar transforms Thread 80" [_thread_blocked, id=8076, stack(0x000000002abd0000,0x000000002acd0000)]
  0x000000001faf6800 JavaThread "jar transforms Thread 79" [_thread_blocked, id=17740, stack(0x000000002aad0000,0x000000002abd0000)]
  0x000000001fafc800 JavaThread "jar transforms Thread 78" [_thread_blocked, id=16680, stack(0x000000002a9d0000,0x000000002aad0000)]
  0x000000001fafd000 JavaThread "jar transforms Thread 77" [_thread_blocked, id=22244, stack(0x000000002a8d0000,0x000000002a9d0000)]
  0x000000001faf5800 JavaThread "jar transforms Thread 76" [_thread_blocked, id=21872, stack(0x000000002a7d0000,0x000000002a8d0000)]
  0x000000001faf5000 JavaThread "jar transforms Thread 75" [_thread_blocked, id=12580, stack(0x000000002a6d0000,0x000000002a7d0000)]
  0x000000001faf8800 JavaThread "jar transforms Thread 74" [_thread_blocked, id=5288, stack(0x000000002a5d0000,0x000000002a6d0000)]
  0x00000000203d9000 JavaThread "jar transforms Thread 73" [_thread_blocked, id=18648, stack(0x000000002a4d0000,0x000000002a5d0000)]
  0x00000000203d8800 JavaThread "jar transforms Thread 72" [_thread_blocked, id=10828, stack(0x000000002a3d0000,0x000000002a4d0000)]
  0x00000000203d6000 JavaThread "jar transforms Thread 71" [_thread_blocked, id=16740, stack(0x000000002a2d0000,0x000000002a3d0000)]
  0x00000000203da000 JavaThread "jar transforms Thread 70" [_thread_blocked, id=12692, stack(0x000000002a1d0000,0x000000002a2d0000)]
  0x00000000203d7800 JavaThread "jar transforms Thread 69" [_thread_blocked, id=20492, stack(0x000000002a0d0000,0x000000002a1d0000)]
  0x00000000203d7000 JavaThread "jar transforms Thread 68" [_thread_blocked, id=28136, stack(0x0000000029fd0000,0x000000002a0d0000)]
  0x00000000203ce800 JavaThread "jar transforms Thread 67" [_thread_blocked, id=21264, stack(0x0000000029ed0000,0x0000000029fd0000)]
  0x00000000203d5800 JavaThread "jar transforms Thread 66" [_thread_blocked, id=14776, stack(0x0000000029dd0000,0x0000000029ed0000)]
  0x00000000203ce000 JavaThread "jar transforms Thread 65" [_thread_blocked, id=13584, stack(0x0000000029cd0000,0x0000000029dd0000)]
  0x00000000203d4800 JavaThread "jar transforms Thread 64" [_thread_blocked, id=22080, stack(0x0000000029bd0000,0x0000000029cd0000)]
  0x00000000203d4000 JavaThread "jar transforms Thread 63" [_thread_blocked, id=22948, stack(0x0000000029ad0000,0x0000000029bd0000)]
  0x00000000203d3000 JavaThread "jar transforms Thread 62" [_thread_blocked, id=13508, stack(0x00000000299d0000,0x0000000029ad0000)]
  0x00000000203cc800 JavaThread "jar transforms Thread 61" [_thread_blocked, id=16128, stack(0x00000000298d0000,0x00000000299d0000)]
  0x00000000203cb800 JavaThread "jar transforms Thread 60" [_thread_blocked, id=17884, stack(0x00000000297d0000,0x00000000298d0000)]
  0x00000000203d2800 JavaThread "jar transforms Thread 59" [_thread_blocked, id=19488, stack(0x00000000296d0000,0x00000000297d0000)]
  0x00000000203cb000 JavaThread "jar transforms Thread 58" [_thread_blocked, id=14892, stack(0x00000000295d0000,0x00000000296d0000)]
  0x00000000203d1800 JavaThread "jar transforms Thread 57" [_thread_blocked, id=9120, stack(0x00000000294d0000,0x00000000295d0000)]
  0x00000000203d0000 JavaThread "jar transforms Thread 56" [_thread_blocked, id=17656, stack(0x00000000293d0000,0x00000000294d0000)]
  0x00000000203cf800 JavaThread "jar transforms Thread 55" [_thread_blocked, id=9320, stack(0x00000000292d0000,0x00000000293d0000)]
  0x00000000203cd000 JavaThread "jar transforms Thread 54" [_thread_blocked, id=8684, stack(0x00000000291d0000,0x00000000292d0000)]
  0x00000000203d1000 JavaThread "jar transforms Thread 53" [_thread_blocked, id=1204, stack(0x00000000290d0000,0x00000000291d0000)]
  0x000000001c449000 JavaThread "jar transforms Thread 52" [_thread_blocked, id=28228, stack(0x0000000028fd0000,0x00000000290d0000)]
  0x000000001c44d800 JavaThread "jar transforms Thread 51" [_thread_blocked, id=7824, stack(0x0000000028ed0000,0x0000000028fd0000)]
  0x000000001c44b800 JavaThread "jar transforms Thread 50" [_thread_blocked, id=256, stack(0x0000000028dd0000,0x0000000028ed0000)]
  0x000000001c448800 JavaThread "jar transforms Thread 49" [_thread_blocked, id=13136, stack(0x0000000028cd0000,0x0000000028dd0000)]
  0x000000001c44a800 JavaThread "jar transforms Thread 48" [_thread_blocked, id=2224, stack(0x0000000028bd0000,0x0000000028cd0000)]
  0x000000001c44a000 JavaThread "jar transforms Thread 47" [_thread_blocked, id=660, stack(0x0000000028ad0000,0x0000000028bd0000)]
  0x000000001c44c000 JavaThread "jar transforms Thread 46" [_thread_blocked, id=25192, stack(0x00000000289d0000,0x0000000028ad0000)]
  0x000000001c44f000 JavaThread "jar transforms Thread 45" [_thread_blocked, id=23844, stack(0x00000000288d0000,0x00000000289d0000)]
  0x000000001c44d000 JavaThread "jar transforms Thread 44" [_thread_blocked, id=14236, stack(0x00000000287d0000,0x00000000288d0000)]
  0x000000001c44e800 JavaThread "jar transforms Thread 43" [_thread_blocked, id=28640, stack(0x00000000286d0000,0x00000000287d0000)]
  0x000000001c441000 JavaThread "jar transforms Thread 42" [_thread_blocked, id=21728, stack(0x00000000285d0000,0x00000000286d0000)]
  0x000000001c447800 JavaThread "jar transforms Thread 41" [_thread_blocked, id=15196, stack(0x00000000284d0000,0x00000000285d0000)]
  0x000000001c446000 JavaThread "jar transforms Thread 40" [_thread_blocked, id=20188, stack(0x00000000283d0000,0x00000000284d0000)]
  0x000000001c444000 JavaThread "jar transforms Thread 39" [_thread_blocked, id=32, stack(0x00000000282d0000,0x00000000283d0000)]
  0x000000001c442800 JavaThread "jar transforms Thread 38" [_thread_blocked, id=21360, stack(0x00000000281d0000,0x00000000282d0000)]
  0x000000001c443000 JavaThread "jar transforms Thread 37" [_thread_blocked, id=27492, stack(0x00000000280d0000,0x00000000281d0000)]
  0x000000001c445800 JavaThread "jar transforms Thread 36" [_thread_blocked, id=28044, stack(0x0000000027fd0000,0x00000000280d0000)]
  0x000000001c440000 JavaThread "jar transforms Thread 35" [_thread_blocked, id=16284, stack(0x0000000027ed0000,0x0000000027fd0000)]
  0x000000001c444800 JavaThread "jar transforms Thread 34" [_thread_blocked, id=27192, stack(0x0000000027dd0000,0x0000000027ed0000)]
  0x000000001c447000 JavaThread "jar transforms Thread 33" [_thread_blocked, id=2468, stack(0x0000000027cd0000,0x0000000027dd0000)]
  0x000000001c441800 JavaThread "jar transforms Thread 32" [_thread_blocked, id=21756, stack(0x0000000027bd0000,0x0000000027cd0000)]
  0x00000000228b8800 JavaThread "jar transforms Thread 31" [_thread_blocked, id=23244, stack(0x0000000027ad0000,0x0000000027bd0000)]
  0x00000000228b2800 JavaThread "jar transforms Thread 30" [_thread_blocked, id=17528, stack(0x00000000279d0000,0x0000000027ad0000)]
  0x00000000228b7000 JavaThread "jar transforms Thread 29" [_thread_blocked, id=27888, stack(0x00000000278d0000,0x00000000279d0000)]
  0x00000000228b5800 JavaThread "jar transforms Thread 28" [_thread_blocked, id=17644, stack(0x00000000277d0000,0x00000000278d0000)]
  0x00000000228b6800 JavaThread "jar transforms Thread 27" [_thread_blocked, id=9728, stack(0x00000000276d0000,0x00000000277d0000)]
  0x00000000228b8000 JavaThread "jar transforms Thread 26" [_thread_blocked, id=17764, stack(0x00000000275d0000,0x00000000276d0000)]
  0x00000000228b5000 JavaThread "jar transforms Thread 25" [_thread_blocked, id=27400, stack(0x00000000274d0000,0x00000000275d0000)]
  0x00000000228b9800 JavaThread "jar transforms Thread 24" [_thread_blocked, id=28012, stack(0x00000000273d0000,0x00000000274d0000)]
  0x00000000228b0800 JavaThread "jar transforms Thread 23" [_thread_blocked, id=21776, stack(0x00000000272d0000,0x00000000273d0000)]
  0x00000000228b3800 JavaThread "jar transforms Thread 22" [_thread_blocked, id=27848, stack(0x00000000271d0000,0x00000000272d0000)]
  0x00000000228b2000 JavaThread "jar transforms Thread 21" [_thread_blocked, id=24604, stack(0x00000000270d0000,0x00000000271d0000)]
  0x000000001d8cc800 JavaThread "Cache worker for file content cache (C:\Users\hp\.gradle\caches\6.5\fileContent)" [_thread_blocked, id=28444, stack(0x0000000024980000,0x0000000024a80000)]
  0x000000001d8c9800 JavaThread "Cache worker for execution history cache (C:\Users\hp\.gradle\caches\6.5\executionHistory)" [_thread_blocked, id=28060, stack(0x0000000024480000,0x0000000024580000)]
  0x000000001d8c1800 JavaThread "jar transforms Thread 20" [_thread_blocked, id=14520, stack(0x0000000023c80000,0x0000000023d80000)]
  0x000000001d8c8000 JavaThread "jar transforms Thread 19" [_thread_blocked, id=18308, stack(0x0000000023b80000,0x0000000023c80000)]
  0x000000001d8c7800 JavaThread "jar transforms Thread 18" [_thread_blocked, id=8256, stack(0x0000000023a80000,0x0000000023b80000)]
  0x000000001d8c6800 JavaThread "jar transforms Thread 17" [_thread_blocked, id=10356, stack(0x0000000023980000,0x0000000023a80000)]
  0x000000001d8bf000 JavaThread "jar transforms Thread 16" [_thread_blocked, id=27172, stack(0x0000000023880000,0x0000000023980000)]
  0x000000001d8c0800 JavaThread "jar transforms Thread 15" [_thread_blocked, id=19220, stack(0x0000000023780000,0x0000000023880000)]
  0x000000001d8c5000 JavaThread "jar transforms Thread 14" [_thread_blocked, id=5608, stack(0x0000000023580000,0x0000000023680000)]
  0x000000001d8c4800 JavaThread "jar transforms Thread 13" [_thread_blocked, id=12972, stack(0x0000000023480000,0x0000000023580000)]
  0x000000001d8c3800 JavaThread "jar transforms Thread 12" [_thread_blocked, id=28584, stack(0x0000000023380000,0x0000000023480000)]
  0x000000001d8c0000 JavaThread "jar transforms Thread 11" [_thread_blocked, id=27120, stack(0x0000000023280000,0x0000000023380000)]
  0x000000001d8c6000 JavaThread "jar transforms Thread 10" [_thread_blocked, id=15720, stack(0x0000000023180000,0x0000000023280000)]
  0x000000001d8c3000 JavaThread "jar transforms Thread 9" [_thread_blocked, id=5228, stack(0x0000000023080000,0x0000000023180000)]
  0x000000001d8c2000 JavaThread "jar transforms Thread 8" [_thread_blocked, id=24228, stack(0x0000000022f80000,0x0000000023080000)]
  0x000000001d8be800 JavaThread "jar transforms Thread 7" [_thread_blocked, id=28532, stack(0x0000000022e80000,0x0000000022f80000)]
  0x000000001ccc0000 JavaThread "jar transforms Thread 6" [_thread_blocked, id=9256, stack(0x0000000021850000,0x0000000021950000)]
  0x000000001ccc1800 JavaThread "jar transforms Thread 5" [_thread_blocked, id=27376, stack(0x0000000021750000,0x0000000021850000)]
  0x000000001ccc4800 JavaThread "jar transforms Thread 4" [_thread_blocked, id=23624, stack(0x0000000021650000,0x0000000021750000)]
  0x000000001ccbf800 JavaThread "jar transforms Thread 3" [_thread_blocked, id=28352, stack(0x0000000021550000,0x0000000021650000)]
  0x000000001ccc2800 JavaThread "jar transforms Thread 2" [_thread_blocked, id=10636, stack(0x0000000022d80000,0x0000000022e80000)]
  0x000000001ccc5800 JavaThread "jar transforms" [_thread_blocked, id=22260, stack(0x0000000021bd0000,0x0000000021cd0000)]
  0x000000001ccc1000 JavaThread "Cache worker for file hash cache (C:\Users\hp\.gradle\caches\6.5\fileHashes)" [_thread_blocked, id=8008, stack(0x000000001f160000,0x000000001f260000)]
  0x000000001ccbe800 JavaThread "File lock request listener" [_thread_in_native, id=24540, stack(0x000000001f060000,0x000000001f160000)]
  0x000000001ccc4000 JavaThread "Cache worker for journal cache (C:\Users\hp\.gradle\caches\journal-1)" [_thread_blocked, id=7544, stack(0x000000001ef60000,0x000000001f060000)]
  0x000000001b1ac000 JavaThread "Daemon worker" [_thread_blocked, id=26040, stack(0x000000001e960000,0x000000001ea60000)]
  0x000000001cc7a000 JavaThread "Daemon" [_thread_blocked, id=26784, stack(0x000000001e460000,0x000000001e560000)]
  0x000000001cc39000 JavaThread "Daemon periodic checks" [_thread_blocked, id=28068, stack(0x000000001e360000,0x000000001e460000)]
  0x000000001cba5000 JavaThread "Incoming local TCP Connector on port 59849" [_thread_in_native, id=28400, stack(0x000000001e120000,0x000000001e220000)]
  0x000000001ca81800 JavaThread "Daemon health stats" [_thread_blocked, id=21892, stack(0x000000001d8e0000,0x000000001d9e0000)]
  0x000000001a420000 JavaThread "Service Thread" daemon [_thread_blocked, id=28308, stack(0x000000001af40000,0x000000001b040000)]
  0x000000001a383800 JavaThread "C1 CompilerThread3" daemon [_thread_blocked, id=8384, stack(0x000000001ae40000,0x000000001af40000)]
  0x000000001a378000 JavaThread "C2 CompilerThread2" daemon [_thread_blocked, id=10148, stack(0x000000001ad40000,0x000000001ae40000)]
=>0x000000001a370800 JavaThread "C2 CompilerThread1" daemon [_thread_in_native, id=12060, stack(0x000000001ac40000,0x000000001ad40000)]
  0x000000001a36b800 JavaThread "C2 CompilerThread0" daemon [_thread_blocked, id=10084, stack(0x000000001ab40000,0x000000001ac40000)]
  0x000000001a36a800 JavaThread "Attach Listener" daemon [_thread_blocked, id=23628, stack(0x000000001aa40000,0x000000001ab40000)]
  0x000000001847e800 JavaThread "Signal Dispatcher" daemon [_thread_blocked, id=28048, stack(0x000000001a940000,0x000000001aa40000)]
  0x000000001a360800 JavaThread "Finalizer" daemon [_thread_blocked, id=28040, stack(0x000000001a740000,0x000000001a840000)]
  0x00000000033fa000 JavaThread "Reference Handler" daemon [_thread_blocked, id=27520, stack(0x000000001a240000,0x000000001a340000)]
  0x00000000032fd800 JavaThread "main" [_thread_blocked, id=27732, stack(0x0000000003110000,0x0000000003210000)]

Other Threads:
  0x0000000018469000 VMThread [stack: 0x000000001a140000,0x000000001a240000] [id=28088]
  0x000000001a3da000 WatcherThread [stack: 0x000000001b040000,0x000000001b140000] [id=23720]

VM state:at safepoint (normal execution)

VM Mutex/Monitor currently owned by a thread:  ([mutex/lock_event])
[0x00000000032fcf30] Threads_lock - owner thread: 0x0000000018469000

Heap:
 PSYoungGen      total 477184K, used 293991K [0x00000000d5580000, 0x00000000fb780000, 0x0000000100000000)
  eden space 424448K, 63% used [0x00000000d5580000,0x00000000e5dadbe8,0x00000000ef400000)
  from space 52736K, 44% used [0x00000000ef400000,0x00000000f0aec050,0x00000000f2780000)
  to   space 51200K, 0% used [0x00000000f8580000,0x00000000f8580000,0x00000000fb780000)
 ParOldGen       total 265728K, used 109845K [0x0000000080000000, 0x0000000090380000, 0x00000000d5580000)
  object space 265728K, 41% used [0x0000000080000000,0x0000000086b45550,0x0000000090380000)
 Metaspace       used 99991K, capacity 104580K, committed 104960K, reserved 1140736K
  class space    used 13594K, capacity 14563K, committed 14592K, reserved 1048576K

Card table byte_map: [0x00000000127c0000,0x0000000012bd0000] byte_map_base: 0x00000000123c0000

Marking Bits: (ParMarkBitMap*) 0x000000005fea0860
 Begin Bits: [0x0000000013680000, 0x0000000015680000)
 End Bits:   [0x0000000015680000, 0x0000000017680000)

Polling page: 0x0000000001340000

CodeCache: size=245760Kb used=41102Kb max_used=41964Kb free=204657Kb
 bounds [0x0000000003400000, 0x0000000005d30000, 0x0000000012400000]
 total_blobs=12884 nmethods=11971 adapters=823
 compilation: enabled

Compilation events (10 events):
Event: 81.416 Thread 0x000000001a383800 14867       3       java.lang.reflect.Field::isSynthetic (8 bytes)
Event: 81.416 Thread 0x000000001a383800 nmethod 14867 0x00000000041e6010 code [0x00000000041e6180, 0x00000000041e6430]
Event: 81.421 Thread 0x000000001a383800 14868   !   3       org.gradle.internal.snapshot.impl.DirectorySnapshotter$PathVisitor::snapshotFile (114 bytes)
Event: 81.425 Thread 0x000000001a383800 nmethod 14868 0x0000000005c25390 code [0x0000000005c256e0, 0x0000000005c27548]
Event: 81.833 Thread 0x000000001a383800 14869       3       java.util.concurrent.TimeUnit$3::toMillis (2 bytes)
Event: 81.833 Thread 0x000000001a383800 nmethod 14869 0x0000000005c22f90 code [0x0000000005c230e0, 0x0000000005c23230]
Event: 81.837 Thread 0x000000001a370800 14870       4       org.gradle.internal.fingerprint.impl.DefaultCurrentFileCollectionFingerprint::accept (57 bytes)
Event: 81.839 Thread 0x000000001a383800 14871       3       com.google.common.cache.LocalCache::expiresAfterWrite (15 bytes)
Event: 81.839 Thread 0x000000001a383800 nmethod 14871 0x0000000005c291d0 code [0x0000000005c29320, 0x0000000005c294d0]
Event: 81.839 Thread 0x000000001a383800 14872       3       java.util.concurrent.SynchronousQueue::poll (38 bytes)

GC Heap History (10 events):
Event: 59.863 GC heap before
{Heap before GC invocations=17 (full 3):
 PSYoungGen      total 320000K, used 319988K [0x00000000d5580000, 0x00000000ef480000, 0x0000000100000000)
  eden space 293888K, 100% used [0x00000000d5580000,0x00000000e7480000,0x00000000e7480000)
  from space 26112K, 99% used [0x00000000e7480000,0x00000000e8dfd3c8,0x00000000e8e00000)
  to   space 34304K, 0% used [0x00000000ed300000,0x00000000ed300000,0x00000000ef480000)
 ParOldGen       total 144384K, used 45809K [0x0000000080000000, 0x0000000088d00000, 0x00000000d5580000)
  object space 144384K, 31% used [0x0000000080000000,0x0000000082cbc660,0x0000000088d00000)
 Metaspace       used 89148K, capacity 93930K, committed 94208K, reserved 1130496K
  class space    used 12174K, capacity 13194K, committed 13312K, reserved 1048576K
Event: 59.898 GC heap after
Heap after GC invocations=17 (full 3):
 PSYoungGen      total 388096K, used 25550K [0x00000000d5580000, 0x00000000ef780000, 0x0000000100000000)
  eden space 353792K, 0% used [0x00000000d5580000,0x00000000d5580000,0x00000000eaf00000)
  from space 34304K, 74% used [0x00000000ed300000,0x00000000eebf39f0,0x00000000ef480000)
  to   space 36864K, 0% used [0x00000000eaf00000,0x00000000eaf00000,0x00000000ed300000)
 ParOldGen       total 144384K, used 69522K [0x0000000080000000, 0x0000000088d00000, 0x00000000d5580000)
  object space 144384K, 48% used [0x0000000080000000,0x00000000843e49b8,0x0000000088d00000)
 Metaspace       used 89148K, capacity 93930K, committed 94208K, reserved 1130496K
  class space    used 12174K, capacity 13194K, committed 13312K, reserved 1048576K
}
Event: 62.455 GC heap before
{Heap before GC invocations=18 (full 3):
 PSYoungGen      total 388096K, used 379342K [0x00000000d5580000, 0x00000000ef780000, 0x0000000100000000)
  eden space 353792K, 100% used [0x00000000d5580000,0x00000000eaf00000,0x00000000eaf00000)
  from space 34304K, 74% used [0x00000000ed300000,0x00000000eebf39f0,0x00000000ef480000)
  to   space 36864K, 0% used [0x00000000eaf00000,0x00000000eaf00000,0x00000000ed300000)
 ParOldGen       total 144384K, used 69522K [0x0000000080000000, 0x0000000088d00000, 0x00000000d5580000)
  object space 144384K, 48% used [0x0000000080000000,0x00000000843e49b8,0x0000000088d00000)
 Metaspace       used 93273K, capacity 98166K, committed 98304K, reserved 1134592K
  class space    used 12748K, capacity 13780K, committed 13824K, reserved 1048576K
Event: 62.514 GC heap after
Heap after GC invocations=18 (full 3):
 PSYoungGen      total 390656K, used 36859K [0x00000000d5580000, 0x00000000f5b00000, 0x0000000100000000)
  eden space 353792K, 0% used [0x00000000d5580000,0x00000000d5580000,0x00000000eaf00000)
  from space 36864K, 99% used [0x00000000eaf00000,0x00000000ed2feec8,0x00000000ed300000)
  to   space 52736K, 0% used [0x00000000f2780000,0x00000000f2780000,0x00000000f5b00000)
 ParOldGen       total 144384K, used 96874K [0x0000000080000000, 0x0000000088d00000, 0x00000000d5580000)
  object space 144384K, 67% used [0x0000000080000000,0x0000000085e9a8a0,0x0000000088d00000)
 Metaspace       used 93273K, capacity 98166K, committed 98304K, reserved 1134592K
  class space    used 12748K, capacity 13780K, committed 13824K, reserved 1048576K
}
Event: 62.682 GC heap before
{Heap before GC invocations=19 (full 3):
 PSYoungGen      total 390656K, used 61438K [0x00000000d5580000, 0x00000000f5b00000, 0x0000000100000000)
  eden space 353792K, 6% used [0x00000000d5580000,0x00000000d6d80a58,0x00000000eaf00000)
  from space 36864K, 99% used [0x00000000eaf00000,0x00000000ed2feec8,0x00000000ed300000)
  to   space 52736K, 0% used [0x00000000f2780000,0x00000000f2780000,0x00000000f5b00000)
 ParOldGen       total 144384K, used 96874K [0x0000000080000000, 0x0000000088d00000, 0x00000000d5580000)
  object space 144384K, 67% used [0x0000000080000000,0x0000000085e9a8a0,0x0000000088d00000)
 Metaspace       used 93579K, capacity 98396K, committed 98560K, reserved 1134592K
  class space    used 12816K, capacity 13813K, committed 13824K, reserved 1048576K
Event: 62.724 GC heap after
Heap after GC invocations=19 (full 3):
 PSYoungGen      total 477184K, used 2486K [0x00000000d5580000, 0x00000000f8d80000, 0x0000000100000000)
  eden space 424448K, 0% used [0x00000000d5580000,0x00000000d5580000,0x00000000ef400000)
  from space 52736K, 4% used [0x00000000f2780000,0x00000000f29ed8a8,0x00000000f5b00000)
  to   space 52736K, 0% used [0x00000000ef400000,0x00000000ef400000,0x00000000f2780000)
 ParOldGen       total 144384K, used 133904K [0x0000000080000000, 0x0000000088d00000, 0x00000000d5580000)
  object space 144384K, 92% used [0x0000000080000000,0x00000000882c43d8,0x0000000088d00000)
 Metaspace       used 93579K, capacity 98396K, committed 98560K, reserved 1134592K
  class space    used 12816K, capacity 13813K, committed 13824K, reserved 1048576K
}
Event: 62.724 GC heap before
{Heap before GC invocations=20 (full 4):
 PSYoungGen      total 477184K, used 2486K [0x00000000d5580000, 0x00000000f8d80000, 0x0000000100000000)
  eden space 424448K, 0% used [0x00000000d5580000,0x00000000d5580000,0x00000000ef400000)
  from space 52736K, 4% used [0x00000000f2780000,0x00000000f29ed8a8,0x00000000f5b00000)
  to   space 52736K, 0% used [0x00000000ef400000,0x00000000ef400000,0x00000000f2780000)
 ParOldGen       total 144384K, used 133904K [0x0000000080000000, 0x0000000088d00000, 0x00000000d5580000)
  object space 144384K, 92% used [0x0000000080000000,0x00000000882c43d8,0x0000000088d00000)
 Metaspace       used 93579K, capacity 98396K, committed 98560K, reserved 1134592K
  class space    used 12816K, capacity 13813K, committed 13824K, reserved 1048576K
Event: 63.187 GC heap after
Heap after GC invocations=20 (full 4):
 PSYoungGen      total 477184K, used 0K [0x00000000d5580000, 0x00000000f8d80000, 0x0000000100000000)
  eden space 424448K, 0% used [0x00000000d5580000,0x00000000d5580000,0x00000000ef400000)
  from space 52736K, 0% used [0x00000000f2780000,0x00000000f2780000,0x00000000f5b00000)
  to   space 52736K, 0% used [0x00000000ef400000,0x00000000ef400000,0x00000000f2780000)
 ParOldGen       total 265728K, used 109837K [0x0000000080000000, 0x0000000090380000, 0x00000000d5580000)
  object space 265728K, 41% used [0x0000000080000000,0x0000000086b43550,0x0000000090380000)
 Metaspace       used 93360K, capacity 97736K, committed 98560K, reserved 1134592K
  class space    used 12745K, capacity 13691K, committed 13824K, reserved 1048576K
}
Event: 67.049 GC heap before
{Heap before GC invocations=21 (full 4):
 PSYoungGen      total 477184K, used 424448K [0x00000000d5580000, 0x00000000f8d80000, 0x0000000100000000)
  eden space 424448K, 100% used [0x00000000d5580000,0x00000000ef400000,0x00000000ef400000)
  from space 52736K, 0% used [0x00000000f2780000,0x00000000f2780000,0x00000000f5b00000)
  to   space 52736K, 0% used [0x00000000ef400000,0x00000000ef400000,0x00000000f2780000)
 ParOldGen       total 265728K, used 109837K [0x0000000080000000, 0x0000000090380000, 0x00000000d5580000)
  object space 265728K, 41% used [0x0000000080000000,0x0000000086b43550,0x0000000090380000)
 Metaspace       used 97965K, capacity 102482K, committed 103040K, reserved 1138688K
  class space    used 13357K, capacity 14338K, committed 14464K, reserved 1048576K
Event: 67.093 GC heap after
Heap after GC invocations=21 (full 4):
 PSYoungGen      total 477184K, used 23472K [0x00000000d5580000, 0x00000000fb780000, 0x0000000100000000)
  eden space 424448K, 0% used [0x00000000d5580000,0x00000000d5580000,0x00000000ef400000)
  from space 52736K, 44% used [0x00000000ef400000,0x00000000f0aec050,0x00000000f2780000)
  to   space 51200K, 0% used [0x00000000f8580000,0x00000000f8580000,0x00000000fb780000)
 ParOldGen       total 265728K, used 109845K [0x0000000080000000, 0x0000000090380000, 0x00000000d5580000)
  object space 265728K, 41% used [0x0000000080000000,0x0000000086b45550,0x0000000090380000)
 Metaspace       used 97965K, capacity 102482K, committed 103040K, reserved 1138688K
  class space    used 13357K, capacity 14338K, committed 14464K, reserved 1048576K
}

Deoptimization events (10 events):
Event: 80.684 Thread 0x00000000253f7800 Uncommon trap: reason=bimorphic action=maybe_recompile pc=0x00000000037e6bdc method=com.google.common.collect.TransformedIterator.hasNext()Z @ 4
Event: 80.684 Thread 0x00000000253f7800 Uncommon trap: reason=bimorphic action=maybe_recompile pc=0x00000000040f1df0 method=com.google.common.collect.TransformedIterator.next()Ljava/lang/Object; @ 5
Event: 80.685 Thread 0x00000000253f7800 Uncommon trap: reason=bimorphic action=maybe_recompile pc=0x00000000037e6bdc method=com.google.common.collect.TransformedIterator.hasNext()Z @ 4
Event: 80.685 Thread 0x00000000253f7800 Uncommon trap: reason=bimorphic action=maybe_recompile pc=0x00000000040f1df0 method=com.google.common.collect.TransformedIterator.next()Ljava/lang/Object; @ 5
Event: 80.719 Thread 0x00000000253f7800 Uncommon trap: reason=class_check action=maybe_recompile pc=0x00000000057376c8 method=sun.nio.ch.IOUtil.writeFromNativeBuffer(Ljava/io/FileDescriptor;Ljava/nio/ByteBuffer;JLsun/nio/ch/NativeDispatcher;)I @ 100
Event: 80.725 Thread 0x00000000253f7800 Uncommon trap: reason=class_check action=maybe_recompile pc=0x00000000057376c8 method=sun.nio.ch.IOUtil.writeFromNativeBuffer(Ljava/io/FileDescriptor;Ljava/nio/ByteBuffer;JLsun/nio/ch/NativeDispatcher;)I @ 100
Event: 80.725 Thread 0x00000000253f7800 Uncommon trap: reason=class_check action=maybe_recompile pc=0x00000000057376c8 method=sun.nio.ch.IOUtil.writeFromNativeBuffer(Ljava/io/FileDescriptor;Ljava/nio/ByteBuffer;JLsun/nio/ch/NativeDispatcher;)I @ 100
Event: 80.725 Thread 0x00000000253f7800 Uncommon trap: reason=class_check action=maybe_recompile pc=0x00000000057ec9d8 method=sun.nio.ch.IOUtil.writeFromNativeBuffer(Ljava/io/FileDescriptor;Ljava/nio/ByteBuffer;JLsun/nio/ch/NativeDispatcher;)I @ 100
Event: 81.173 Thread 0x00000000253f7800 Uncommon trap: reason=unstable_if action=reinterpret pc=0x0000000004e6b77c method=java.nio.Bits.getInt(Ljava/nio/ByteBuffer;IZ)I @ 1
Event: 81.837 Thread 0x0000000022478000 Uncommon trap: reason=class_check action=maybe_recompile pc=0x0000000003fc03cc method=java.io.BufferedOutputStream.write([BII)V @ 20

Classes redefined (0 events):
No events

Internal exceptions (10 events):
Event: 77.964 Thread 0x000000002247a000 Exception <a 'sun/nio/fs/WindowsException'> (0x00000000e29e1a60) thrown at [C:\re\workspace\8-2-build-windows-amd64-cygwin\jdk8u162\10278\hotspot\src\share\vm\prims\jni.cpp, line 709]
Event: 77.966 Thread 0x000000002247a000 Exception <a 'sun/nio/fs/WindowsException'> (0x00000000e29ea160) thrown at [C:\re\workspace\8-2-build-windows-amd64-cygwin\jdk8u162\10278\hotspot\src\share\vm\prims\jni.cpp, line 709]
Event: 77.966 Thread 0x000000002247a000 Exception <a 'sun/nio/fs/WindowsException'> (0x00000000e29eae98) thrown at [C:\re\workspace\8-2-build-windows-amd64-cygwin\jdk8u162\10278\hotspot\src\share\vm\prims\jni.cpp, line 709]
Event: 77.970 Thread 0x000000002247a000 Exception <a 'sun/nio/fs/WindowsException'> (0x00000000e2a03570) thrown at [C:\re\workspace\8-2-build-windows-amd64-cygwin\jdk8u162\10278\hotspot\src\share\vm\prims\jni.cpp, line 709]
Event: 77.970 Thread 0x000000002247a000 Exception <a 'sun/nio/fs/WindowsException'> (0x00000000e2a042b8) thrown at [C:\re\workspace\8-2-build-windows-amd64-cygwin\jdk8u162\10278\hotspot\src\share\vm\prims\jni.cpp, line 709]
Event: 78.030 Thread 0x000000002247a000 Exception <a 'sun/nio/fs/WindowsException'> (0x00000000e305e650) thrown at [C:\re\workspace\8-2-build-windows-amd64-cygwin\jdk8u162\10278\hotspot\src\share\vm\prims\jni.cpp, line 709]
Event: 78.030 Thread 0x000000002247a000 Exception <a 'sun/nio/fs/WindowsException'> (0x00000000e305f370) thrown at [C:\re\workspace\8-2-build-windows-amd64-cygwin\jdk8u162\10278\hotspot\src\share\vm\prims\jni.cpp, line 709]
Event: 79.567 Thread 0x00000000253f7800 Exception <a 'java/lang/NoSuchMethodError': java.lang.Object.lambda$asRunnable$0(Lcom/android/tools/build/apkzlib/utils/IOExceptionRunnable;)V> (0x00000000e42bb600) thrown at [C:\re\workspace\8-2-build-windows-amd64-cygwin\jdk8u162\10278\hotspot\src\share
Event: 79.791 Thread 0x00000000253f7800 Exception <a 'java/lang/NoSuchMethodError': java.lang.Object.newSystemTemporaryDirectory()Lcom/android/tools/build/apkzlib/bytestorage/TemporaryDirectory;> (0x00000000e43e49c8) thrown at [C:\re\workspace\8-2-build-windows-amd64-cygwin\jdk8u162\10278\hotsp
Event: 80.615 Thread 0x00000000253f7800 Exception <a 'java/lang/NoSuchMethodError': java.lang.Object.lambda$static$0(Lcom/android/apksig/util/RunnablesProvider;)V> (0x00000000e4702ce0) thrown at [C:\re\workspace\8-2-build-windows-amd64-cygwin\jdk8u162\10278\hotspot\src\share\vm\interpreter\link

Events (10 events):
Event: 81.344 loading class com/android/builder/files/KeyedFileCache done
Event: 81.344 loading class com/android/builder/files/KeyedFileCache
Event: 81.344 loading class com/android/builder/files/KeyedFileCache done
Event: 81.345 loading class java/util/stream/DistinctOps$1$2
Event: 81.345 loading class java/util/stream/DistinctOps$1$2 done
Event: 81.833 loading class org/gradle/internal/execution/impl/OutputFilterUtil$GetAllSnapshotsVisitor
Event: 81.833 loading class org/gradle/internal/execution/impl/OutputFilterUtil$GetAllSnapshotsVisitor done
Event: 81.837 Thread 0x0000000022478000 Uncommon trap: trap_request=0xffffffde fr.pc=0x0000000003fc03cc
Event: 81.837 Thread 0x0000000022478000 DEOPT PACKING pc=0x0000000003fc03cc sp=0x000000003127e880
Event: 81.837 Thread 0x0000000022478000 DEOPT UNPACKING pc=0x000000000344583b sp=0x000000003127e7c0 mode 2


Dynamic libraries:
0x00007ff6e8a10000 - 0x00007ff6e8a47000 	C:\Program Files\Java\jdk1.8.0_162\bin\java.exe
0x00007fff751c0000 - 0x00007fff753b0000 	C:\WINDOWS\SYSTEM32\ntdll.dll
0x00007fff750c0000 - 0x00007fff75172000 	C:\WINDOWS\System32\KERNEL32.DLL
0x00007fff72dd0000 - 0x00007fff73075000 	C:\WINDOWS\System32\KERNELBASE.dll
0x00007fff73270000 - 0x00007fff73313000 	C:\WINDOWS\System32\ADVAPI32.dll
0x00007fff748d0000 - 0x00007fff7496e000 	C:\WINDOWS\System32\msvcrt.dll
0x00007fff73320000 - 0x00007fff733b7000 	C:\WINDOWS\System32\sechost.dll
0x00007fff74d20000 - 0x00007fff74e3f000 	C:\WINDOWS\System32\RPCRT4.dll
0x00007fff73760000 - 0x00007fff738f4000 	C:\WINDOWS\System32\USER32.dll
0x00007fff72da0000 - 0x00007fff72dc1000 	C:\WINDOWS\System32\win32u.dll
0x00007fff733f0000 - 0x00007fff73416000 	C:\WINDOWS\System32\GDI32.dll
0x00007fff73080000 - 0x00007fff73218000 	C:\WINDOWS\System32\gdi32full.dll
0x00007fff72bc0000 - 0x00007fff72c5e000 	C:\WINDOWS\System32\msvcp_win.dll
0x00007fff72970000 - 0x00007fff72a6a000 	C:\WINDOWS\System32\ucrtbase.dll
0x00007fff53ba0000 - 0x00007fff53e24000 	C:\WINDOWS\WinSxS\amd64_microsoft.windows.common-controls_6595b64144ccf1df_6.0.18362.1379_none_9e7ff3b3e45cc0c4\COMCTL32.dll
0x00007fff73420000 - 0x00007fff73757000 	C:\WINDOWS\System32\combase.dll
0x00007fff72160000 - 0x00007fff721e1000 	C:\WINDOWS\System32\bcryptPrimitives.dll
0x00007fff733c0000 - 0x00007fff733ee000 	C:\WINDOWS\System32\IMM32.DLL
0x000000005f040000 - 0x000000005f111000 	C:\Program Files\Java\jdk1.8.0_162\jre\bin\msvcr100.dll
0x000000005f680000 - 0x000000005ff20000 	C:\Program Files\Java\jdk1.8.0_162\jre\bin\server\jvm.dll
0x00007fff74100000 - 0x00007fff74108000 	C:\WINDOWS\System32\PSAPI.DLL
0x00007fff50c20000 - 0x00007fff50c29000 	C:\WINDOWS\SYSTEM32\WSOCK32.dll
0x00007fff6af00000 - 0x00007fff6af24000 	C:\WINDOWS\SYSTEM32\WINMM.dll
0x00007fff65b00000 - 0x00007fff65b0a000 	C:\WINDOWS\SYSTEM32\VERSION.dll
0x00007fff74e40000 - 0x00007fff74eaf000 	C:\WINDOWS\System32\WS2_32.dll
0x00007fff6aed0000 - 0x00007fff6aefd000 	C:\WINDOWS\SYSTEM32\WINMMBASE.dll
0x00007fff73220000 - 0x00007fff7326a000 	C:\WINDOWS\System32\cfgmgr32.dll
0x0000000060250000 - 0x000000006025f000 	C:\Program Files\Java\jdk1.8.0_162\jre\bin\verify.dll
0x0000000060020000 - 0x0000000060049000 	C:\Program Files\Java\jdk1.8.0_162\jre\bin\java.dll
0x0000000060000000 - 0x0000000060016000 	C:\Program Files\Java\jdk1.8.0_162\jre\bin\zip.dll
0x00007fff741e0000 - 0x00007fff748c8000 	C:\WINDOWS\System32\SHELL32.dll
0x00007fff73ab0000 - 0x00007fff73b57000 	C:\WINDOWS\System32\shcore.dll
0x00007fff721f0000 - 0x00007fff7296b000 	C:\WINDOWS\System32\windows.storage.dll
0x00007fff72110000 - 0x00007fff72133000 	C:\WINDOWS\System32\profapi.dll
0x00007fff72080000 - 0x00007fff720ca000 	C:\WINDOWS\System32\powrprof.dll
0x00007fff72070000 - 0x00007fff72080000 	C:\WINDOWS\System32\UMPDC.dll
0x00007fff74f10000 - 0x00007fff74f62000 	C:\WINDOWS\System32\shlwapi.dll
0x00007fff720d0000 - 0x00007fff720e1000 	C:\WINDOWS\System32\kernel.appcore.dll
0x00007fff72140000 - 0x00007fff72157000 	C:\WINDOWS\System32\cryptsp.dll
0x000000005ffe0000 - 0x000000005fffa000 	C:\Program Files\Java\jdk1.8.0_162\jre\bin\net.dll
0x00007fff718b0000 - 0x00007fff71917000 	C:\WINDOWS\system32\mswsock.dll
0x000000005ffc0000 - 0x000000005ffd1000 	C:\Program Files\Java\jdk1.8.0_162\jre\bin\nio.dll
0x00007fff57a70000 - 0x00007fff57a97000 	C:\Users\hp\.gradle\native\f6784746aeab05261644944871eae4fe03e0ef1612fff0a4a95f87b438bc6780\windows-amd64\native-platform.dll
0x000000005ffb0000 - 0x000000005ffbd000 	C:\Program Files\Java\jdk1.8.0_162\jre\bin\management.dll
0x00007fff71430000 - 0x00007fff71463000 	C:\WINDOWS\system32\rsaenh.dll
0x00007fff72c60000 - 0x00007fff72c86000 	C:\WINDOWS\System32\bcrypt.dll
0x00007fff71f90000 - 0x00007fff71fb5000 	C:\WINDOWS\SYSTEM32\USERENV.dll
0x00007fff71a80000 - 0x00007fff71a8c000 	C:\WINDOWS\SYSTEM32\CRYPTBASE.dll
0x00007fff715c0000 - 0x00007fff715fa000 	C:\WINDOWS\SYSTEM32\IPHLPAPI.DLL
0x00007fff75000000 - 0x00007fff75008000 	C:\WINDOWS\System32\NSI.dll
0x00007fff6b7b0000 - 0x00007fff6b7c6000 	C:\WINDOWS\SYSTEM32\dhcpcsvc6.DLL
0x00007fff6b790000 - 0x00007fff6b7ac000 	C:\WINDOWS\SYSTEM32\dhcpcsvc.DLL
0x00007fff71600000 - 0x00007fff716cb000 	C:\WINDOWS\SYSTEM32\DNSAPI.dll
0x00007fff69370000 - 0x00007fff6937b000 	C:\WINDOWS\SYSTEM32\WINNSI.DLL
0x0000000060260000 - 0x0000000060284000 	C:\Program Files\Java\jdk1.8.0_162\jre\bin\sunec.dll
0x00007fff65630000 - 0x00007fff6563a000 	C:\Windows\System32\rasadhlp.dll
0x00007fff68df0000 - 0x00007fff68e67000 	C:\WINDOWS\System32\fwpuclnt.dll
0x000000005ffa0000 - 0x000000005ffab000 	C:\Program Files\Java\jdk1.8.0_162\jre\bin\sunmscapi.dll
0x00007fff72a70000 - 0x00007fff72bba000 	C:\WINDOWS\System32\CRYPT32.dll
0x00007fff720f0000 - 0x00007fff72102000 	C:\WINDOWS\System32\MSASN1.dll

VM Arguments:
jvm_args: -Xmx2048m -Dfile.encoding=UTF-8 -Duser.country=US -Duser.language=en -Duser.variant 
java_command: org.gradle.launcher.daemon.bootstrap.GradleDaemon 6.5
java_class_path (initial): C:\Users\hp\.gradle\wrapper\dists\gradle-6.5-bin\6nifqtx7604sqp1q6g8wikw7p\gradle-6.5\lib\gradle-launcher-6.5.jar
Launcher Type: SUN_STANDARD

Environment Variables:
PATH=C:\ProgramData\Oracle\Java\javapath;C:\Program Files (x86)\Intel\Intel(R) Management Engine Components\iCLS\;C:\Program Files\Intel\Intel(R) Management Engine Components\iCLS\;C:\WINDOWS\system32;C:\WINDOWS;C:\WINDOWS\System32\Wbem;C:\WINDOWS\System32\WindowsPowerShell\v1.0\;C:\WINDOWS\System32\OpenSSH\;C:\Program Files (x86)\Intel\Intel(R) Management Engine Components\DAL;C:\Program Files\Intel\Intel(R) Management Engine Components\DAL;C:\Program Files\Intel\WiFi\bin\;C:\Program Files\Common Files\Intel\WirelessCommon\;C:\Program Files\Git\cmd;C:\HashiCorp\Vagrant\bin;C:\Program Files\PuTTY\;C:\php;C:\ProgramData\ComposerSetup\bin;C:\Users\hp\AppData\Local\Microsoft\WindowsApps;C:\Users\hp\AppData\Roaming\Composer\vendor\bin;
USERNAME=hp
OS=Windows_NT
PROCESSOR_IDENTIFIER=Intel64 Family 6 Model 142 Stepping 12, GenuineIntel



---------------  S Y S T E M  ---------------

OS: Windows 10.0 , 64 bit Build 18362 (10.0.18362.1350)

CPU:total 8 (initial active 8) (4 cores per cpu, 2 threads per core) family 6 model 142 stepping 12, cmov, cx8, fxsr, mmx, sse, sse2, sse3, ssse3, sse4.1, sse4.2, popcnt, avx, avx2, aes, clmul, erms, 3dnowpref, lzcnt, ht, tsc, tscinvbit, bmi1, bmi2, adx

Memory: 4k page, physical 12367604k(247804k free), swap 43463280k(0k free)

vm_info: Java HotSpot(TM) 64-Bit Server VM (25.162-b12) for windows-amd64 JRE (1.8.0_162-b12), built on Dec 19 2017 20:00:03 by "java_re" with MS VC++ 10.0 (VS2010)

time: Mon Feb 22 18:49:04 2021
elapsed time: 81 seconds (0d 0h 1m 21s)

