#
# There is insufficient memory for the Java Runtime Environment to continue.
# Native memory allocation (malloc) failed to allocate 1352304 bytes for Chunk::new
# Possible reasons:
#   The system is out of physical RAM or swap space
#   In 32 bit mode, the process size limit was hit
# Possible solutions:
#   Reduce memory load on the system
#   Increase physical memory or swap space
#   Check if swap backing store is full
#   Use 64 bit Java on a 64 bit OS
#   Decrease Java heap size (-Xmx/-Xms)
#   Decrease number of Java threads
#   Decrease Java thread stack sizes (-Xss)
#   Set larger code cache with -XX:ReservedCodeCacheSize=
# This output file may be truncated or incomplete.
#
#  Out of Memory Error (allocation.cpp:390), pid=11224, tid=0x0000000000001608
#
# JRE version: Java(TM) SE Runtime Environment (8.0_162-b12) (build 1.8.0_162-b12)
# Java VM: Java HotSpot(TM) 64-Bit Server VM (25.162-b12 mixed mode windows-amd64 compressed oops)
# Failed to write core dump. Minidumps are not enabled by default on client versions of Windows
#

---------------  T H R E A D  ---------------

Current thread (0x00000000194cf000):  JavaThread "C2 CompilerThread1" daemon [_thread_in_native, id=5640, stack(0x0000000019da0000,0x0000000019ea0000)]

Stack: [0x0000000019da0000,0x0000000019ea0000]
[error occurred during error reporting (printing stack bounds), id 0xc0000005]

Native frames: (J=compiled Java code, j=interpreted, Vv=VM code, C=native code)


Current CompileTask:
C2:   6563 4973       4       sun.reflect.generics.parser.SignatureParser::parsePackageNameAndSimpleClassTypeSignature (139 bytes)


---------------  P R O C E S S  ---------------

Java Threads: ( => current thread )
  0x0000000021af0000 JavaThread "pool-1-thread-1" [_thread_blocked, id=19632, stack(0x000000002ac60000,0x000000002ad60000)]
  0x0000000021af3000 JavaThread "Cache worker for Build Output Cleanup Cache (C:\Users\hp\AndroidStudioProjects\emaishaPay\.gradle\buildOutputCleanup)" [_thread_blocked, id=12304, stack(0x000000002a800000,0x000000002a900000)]
  0x0000000021aef800 JavaThread "jar transforms Thread 95" [_thread_blocked, id=6836, stack(0x000000002a500000,0x000000002a600000)]
  0x0000000021aee800 JavaThread "jar transforms Thread 94" [_thread_blocked, id=4116, stack(0x000000002a400000,0x000000002a500000)]
  0x0000000021aeb800 JavaThread "jar transforms Thread 93" [_thread_blocked, id=23000, stack(0x000000002a300000,0x000000002a400000)]
  0x0000000021af2800 JavaThread "jar transforms Thread 92" [_thread_blocked, id=11852, stack(0x000000002a200000,0x000000002a300000)]
  0x0000000021aee000 JavaThread "jar transforms Thread 91" [_thread_blocked, id=7652, stack(0x000000002a100000,0x000000002a200000)]
  0x0000000021aea000 JavaThread "jar transforms Thread 90" [_thread_blocked, id=23196, stack(0x000000002a000000,0x000000002a100000)]
  0x0000000021aeb000 JavaThread "jar transforms Thread 89" [_thread_blocked, id=23200, stack(0x0000000029f00000,0x000000002a000000)]
  0x000000001bf4b000 JavaThread "jar transforms Thread 88" [_thread_blocked, id=22976, stack(0x0000000029e00000,0x0000000029f00000)]
  0x000000001bf4a000 JavaThread "jar transforms Thread 87" [_thread_blocked, id=22728, stack(0x0000000029d00000,0x0000000029e00000)]
  0x000000001bf4b800 JavaThread "jar transforms Thread 86" [_thread_blocked, id=3948, stack(0x0000000029c00000,0x0000000029d00000)]
  0x000000001bf49800 JavaThread "jar transforms Thread 85" [_thread_blocked, id=19796, stack(0x0000000029b00000,0x0000000029c00000)]
  0x000000001bf48800 JavaThread "jar transforms Thread 84" [_thread_blocked, id=12464, stack(0x0000000029a00000,0x0000000029b00000)]
  0x000000001bf4c800 JavaThread "jar transforms Thread 83" [_thread_blocked, id=22932, stack(0x0000000029900000,0x0000000029a00000)]
  0x000000001bf48000 JavaThread "jar transforms Thread 82" [_thread_blocked, id=22896, stack(0x0000000029800000,0x0000000029900000)]
  0x000000001bf40800 JavaThread "jar transforms Thread 81" [_thread_blocked, id=2520, stack(0x0000000029700000,0x0000000029800000)]
  0x000000001bf47000 JavaThread "jar transforms Thread 80" [_thread_blocked, id=20084, stack(0x0000000029600000,0x0000000029700000)]
  0x000000001bf46800 JavaThread "jar transforms Thread 79" [_thread_blocked, id=17880, stack(0x0000000029500000,0x0000000029600000)]
  0x000000001bf45800 JavaThread "jar transforms Thread 78" [_thread_blocked, id=8552, stack(0x0000000029400000,0x0000000029500000)]
  0x000000001bf3e000 JavaThread "jar transforms Thread 77" [_thread_blocked, id=16912, stack(0x0000000029300000,0x0000000029400000)]
  0x000000001bf44000 JavaThread "jar transforms Thread 76" [_thread_blocked, id=22488, stack(0x0000000029200000,0x0000000029300000)]
  0x000000001bf42000 JavaThread "jar transforms Thread 75" [_thread_blocked, id=21364, stack(0x0000000029100000,0x0000000029200000)]
  0x000000001bf42800 JavaThread "jar transforms Thread 74" [_thread_blocked, id=21280, stack(0x0000000029000000,0x0000000029100000)]
  0x000000001bf43800 JavaThread "jar transforms Thread 73" [_thread_blocked, id=9604, stack(0x0000000028f00000,0x0000000029000000)]
  0x000000001bf3f800 JavaThread "jar transforms Thread 72" [_thread_blocked, id=18828, stack(0x0000000028e00000,0x0000000028f00000)]
  0x000000001bf3f000 JavaThread "jar transforms Thread 71" [_thread_blocked, id=14612, stack(0x0000000028d00000,0x0000000028e00000)]
  0x000000001bf45000 JavaThread "jar transforms Thread 70" [_thread_blocked, id=19076, stack(0x0000000028c00000,0x0000000028d00000)]
  0x000000001bf3d800 JavaThread "jar transforms Thread 69" [_thread_blocked, id=18648, stack(0x0000000028b00000,0x0000000028c00000)]
  0x000000001bf41000 JavaThread "jar transforms Thread 68" [_thread_blocked, id=22692, stack(0x0000000028a00000,0x0000000028b00000)]
  0x000000001ebc2800 JavaThread "jar transforms Thread 67" [_thread_blocked, id=21612, stack(0x0000000028900000,0x0000000028a00000)]
  0x000000001ebc5000 JavaThread "jar transforms Thread 66" [_thread_blocked, id=17396, stack(0x0000000028800000,0x0000000028900000)]
  0x000000001ebc4000 JavaThread "jar transforms Thread 65" [_thread_blocked, id=9984, stack(0x0000000028700000,0x0000000028800000)]
  0x000000001ebc5800 JavaThread "jar transforms Thread 64" [_thread_blocked, id=23292, stack(0x0000000028600000,0x0000000028700000)]
  0x000000001ebc6800 JavaThread "jar transforms Thread 63" [_thread_blocked, id=6688, stack(0x0000000028500000,0x0000000028600000)]
  0x000000001ebc3800 JavaThread "jar transforms Thread 62" [_thread_blocked, id=23456, stack(0x0000000028400000,0x0000000028500000)]
  0x000000001ebc1000 JavaThread "jar transforms Thread 61" [_thread_blocked, id=5184, stack(0x0000000028300000,0x0000000028400000)]
  0x000000001ebc2000 JavaThread "jar transforms Thread 60" [_thread_blocked, id=14604, stack(0x0000000028200000,0x0000000028300000)]
  0x000000001ebb9800 JavaThread "jar transforms Thread 59" [_thread_blocked, id=13020, stack(0x0000000028100000,0x0000000028200000)]
  0x000000001ebc0800 JavaThread "jar transforms Thread 58" [_thread_blocked, id=13356, stack(0x0000000028000000,0x0000000028100000)]
  0x000000001ebb9000 JavaThread "jar transforms Thread 57" [_thread_blocked, id=21644, stack(0x0000000027f00000,0x0000000028000000)]
  0x000000001ebbf800 JavaThread "jar transforms Thread 56" [_thread_blocked, id=12292, stack(0x0000000027e00000,0x0000000027f00000)]
  0x000000001ebbe000 JavaThread "jar transforms Thread 55" [_thread_blocked, id=23164, stack(0x0000000027d00000,0x0000000027e00000)]
  0x000000001ebbb000 JavaThread "jar transforms Thread 54" [_thread_blocked, id=23344, stack(0x0000000027c00000,0x0000000027d00000)]
  0x000000001ebbc800 JavaThread "jar transforms Thread 53" [_thread_blocked, id=11792, stack(0x0000000027b00000,0x0000000027c00000)]
  0x000000001ebbf000 JavaThread "jar transforms Thread 52" [_thread_blocked, id=22984, stack(0x0000000027a00000,0x0000000027b00000)]
  0x000000001ebba800 JavaThread "jar transforms Thread 51" [_thread_blocked, id=21616, stack(0x0000000024210000,0x0000000024310000)]
  0x000000001ebb7800 JavaThread "jar transforms Thread 50" [_thread_blocked, id=7444, stack(0x0000000024110000,0x0000000024210000)]
  0x000000001ebbc000 JavaThread "jar transforms Thread 49" [_thread_blocked, id=23076, stack(0x0000000023ef0000,0x0000000023ff0000)]
  0x000000001ebb8000 JavaThread "jar transforms Thread 48" [_thread_blocked, id=21672, stack(0x0000000023df0000,0x0000000023ef0000)]
  0x000000001ebbd800 JavaThread "jar transforms Thread 47" [_thread_blocked, id=17392, stack(0x0000000027900000,0x0000000027a00000)]
  0x000000001ea18800 JavaThread "jar transforms Thread 46" [_thread_blocked, id=3204, stack(0x0000000027800000,0x0000000027900000)]
  0x000000001ea19800 JavaThread "jar transforms Thread 45" [_thread_blocked, id=11632, stack(0x0000000027700000,0x0000000027800000)]
  0x000000001ea18000 JavaThread "jar transforms Thread 44" [_thread_blocked, id=17280, stack(0x0000000027600000,0x0000000027700000)]
  0x000000001ea17000 JavaThread "jar transforms Thread 43" [_thread_blocked, id=23412, stack(0x0000000027500000,0x0000000027600000)]
  0x000000001ea0f800 JavaThread "jar transforms Thread 42" [_thread_blocked, id=13192, stack(0x0000000027400000,0x0000000027500000)]
  0x000000001ea16800 JavaThread "jar transforms Thread 41" [_thread_blocked, id=22672, stack(0x0000000027300000,0x0000000027400000)]
  0x000000001ea15000 JavaThread "jar transforms Thread 40" [_thread_blocked, id=14268, stack(0x0000000027200000,0x0000000027300000)]
  0x000000001ea14000 JavaThread "jar transforms Thread 39" [_thread_blocked, id=21868, stack(0x0000000027100000,0x0000000027200000)]
  0x000000001ea15800 JavaThread "jar transforms Thread 38" [_thread_blocked, id=15936, stack(0x0000000027000000,0x0000000027100000)]
  0x000000001ea13800 JavaThread "jar transforms Thread 37" [_thread_blocked, id=3756, stack(0x0000000026f00000,0x0000000027000000)]
  0x000000001ea12800 JavaThread "jar transforms Thread 36" [_thread_blocked, id=18724, stack(0x0000000026e00000,0x0000000026f00000)]
  0x000000001ea0b000 JavaThread "jar transforms Thread 35" [_thread_blocked, id=10952, stack(0x0000000026d00000,0x0000000026e00000)]
  0x000000001ea0d800 JavaThread "jar transforms Thread 34" [_thread_blocked, id=12988, stack(0x0000000026c00000,0x0000000026d00000)]
  0x000000001ea0c000 JavaThread "jar transforms Thread 33" [_thread_blocked, id=22236, stack(0x0000000026b00000,0x0000000026c00000)]
  0x000000001ea12000 JavaThread "jar transforms Thread 32" [_thread_blocked, id=10932, stack(0x0000000026a00000,0x0000000026b00000)]
  0x000000001ea0f000 JavaThread "jar transforms Thread 31" [_thread_blocked, id=22748, stack(0x0000000026900000,0x0000000026a00000)]
  0x000000001ea0c800 JavaThread "jar transforms Thread 30" [_thread_blocked, id=22556, stack(0x0000000026800000,0x0000000026900000)]
  0x000000001ea0a800 JavaThread "jar transforms Thread 29" [_thread_blocked, id=22540, stack(0x0000000026700000,0x0000000026800000)]
  0x000000001ea10800 JavaThread "jar transforms Thread 28" [_thread_blocked, id=9456, stack(0x0000000026600000,0x0000000026700000)]
  0x000000001ea0e000 JavaThread "jar transforms Thread 27" [_thread_blocked, id=11608, stack(0x0000000026500000,0x0000000026600000)]
  0x000000001ea11000 JavaThread "jar transforms Thread 26" [_thread_blocked, id=7996, stack(0x0000000026400000,0x0000000026500000)]
  0x0000000021393800 JavaThread "jar transforms Thread 25" [_thread_blocked, id=8512, stack(0x0000000026300000,0x0000000026400000)]
  0x0000000021390800 JavaThread "jar transforms Thread 24" [_thread_blocked, id=4260, stack(0x0000000026200000,0x0000000026300000)]
  0x0000000021392000 JavaThread "jar transforms Thread 23" [_thread_blocked, id=21596, stack(0x0000000026100000,0x0000000026200000)]
  0x0000000021397000 JavaThread "jar transforms Thread 22" [_thread_blocked, id=4280, stack(0x0000000026000000,0x0000000026100000)]
  0x000000002138f800 JavaThread "jar transforms Thread 21" [_thread_blocked, id=9608, stack(0x0000000025f00000,0x0000000026000000)]
  0x0000000021392800 JavaThread "jar transforms Thread 20" [_thread_blocked, id=14332, stack(0x0000000025e00000,0x0000000025f00000)]
  0x0000000021395800 JavaThread "jar transforms Thread 19" [_thread_blocked, id=22416, stack(0x0000000025d00000,0x0000000025e00000)]
  0x0000000021395000 JavaThread "jar transforms Thread 18" [_thread_blocked, id=12192, stack(0x0000000025c00000,0x0000000025d00000)]
  0x0000000021394000 JavaThread "jar transforms Thread 17" [_thread_blocked, id=23260, stack(0x0000000025b00000,0x0000000025c00000)]
  0x0000000021396800 JavaThread "jar transforms Thread 16" [_thread_blocked, id=14984, stack(0x0000000025a00000,0x0000000025b00000)]
  0x0000000021391000 JavaThread "jar transforms Thread 15" [_thread_blocked, id=13784, stack(0x0000000025900000,0x0000000025a00000)]
  0x000000002138d800 JavaThread "jar transforms Thread 14" [_thread_blocked, id=92, stack(0x0000000025800000,0x0000000025900000)]
  0x000000002138f000 JavaThread "jar transforms Thread 13" [_thread_blocked, id=2336, stack(0x0000000025700000,0x0000000025800000)]
  0x0000000021388000 JavaThread "jar transforms Thread 12" [_thread_blocked, id=14428, stack(0x0000000025600000,0x0000000025700000)]
  0x000000002138a800 JavaThread "jar transforms Thread 11" [_thread_blocked, id=22800, stack(0x0000000025500000,0x0000000025600000)]
  0x000000002138c800 JavaThread "jar transforms Thread 10" [_thread_blocked, id=14384, stack(0x0000000025400000,0x0000000025500000)]
  0x0000000021389000 JavaThread "jar transforms Thread 9" [_thread_blocked, id=12412, stack(0x0000000025300000,0x0000000025400000)]
  0x000000002138c000 JavaThread "jar transforms Thread 8" [_thread_blocked, id=9576, stack(0x0000000025200000,0x0000000025300000)]
  0x000000002138b000 JavaThread "jar transforms Thread 7" [_thread_blocked, id=15140, stack(0x0000000025100000,0x0000000025200000)]
  0x000000002138e000 JavaThread "jar transforms Thread 6" [_thread_blocked, id=20656, stack(0x0000000025000000,0x0000000025100000)]
  0x0000000021389800 JavaThread "jar transforms Thread 5" [_thread_blocked, id=21888, stack(0x0000000024f00000,0x0000000025000000)]
  0x000000001fec0800 JavaThread "jar transforms Thread 4" [_thread_blocked, id=18056, stack(0x0000000024e00000,0x0000000024f00000)]
  0x000000001fec0000 JavaThread "jar transforms Thread 3" [_thread_blocked, id=23364, stack(0x0000000024d00000,0x0000000024e00000)]
  0x000000001febf000 JavaThread "jar transforms Thread 2" [_thread_blocked, id=23156, stack(0x0000000024c00000,0x0000000024d00000)]
  0x000000001febd800 JavaThread "Build operations Thread 8" [_thread_blocked, id=8132, stack(0x0000000024a00000,0x0000000024b00000)]
  0x000000001febe800 JavaThread "Build operations Thread 7" [_thread_blocked, id=14884, stack(0x0000000024900000,0x0000000024a00000)]
  0x000000001febd000 JavaThread "Build operations Thread 6" [_thread_blocked, id=3868, stack(0x0000000024800000,0x0000000024900000)]
  0x000000001febc000 JavaThread "Build operations Thread 5" [_thread_blocked, id=6472, stack(0x0000000024700000,0x0000000024800000)]
  0x000000001febb800 JavaThread "Build operations Thread 4" [_thread_blocked, id=22872, stack(0x0000000024600000,0x0000000024700000)]
  0x000000001feb4000 JavaThread "Build operations Thread 3" [_thread_blocked, id=4112, stack(0x0000000024500000,0x0000000024600000)]
  0x000000001feba800 JavaThread "Build operations Thread 2" [_thread_blocked, id=23232, stack(0x0000000024400000,0x0000000024500000)]
  0x000000001feb3000 JavaThread "Build operations" [_thread_blocked, id=11484, stack(0x0000000024010000,0x0000000024110000)]
  0x000000001feb7000 JavaThread "Cache worker for file content cache (C:\Users\hp\.gradle\caches\6.5\fileContent)" [_thread_blocked, id=3888, stack(0x00000000236f0000,0x00000000237f0000)]
  0x000000001feb6000 JavaThread "jar transforms" [_thread_blocked, id=22192, stack(0x00000000221a0000,0x00000000222a0000)]
  0x000000001feb2800 JavaThread "Cache worker for execution history cache (C:\Users\hp\.gradle\caches\6.5\executionHistory)" [_thread_blocked, id=9824, stack(0x0000000021ca0000,0x0000000021da0000)]
  0x00000000194d4800 JavaThread "Cache worker for cache directory md-rule (C:\Users\hp\.gradle\caches\6.5\md-rule)" [_thread_blocked, id=5076, stack(0x0000000020860000,0x0000000020960000)]
  0x00000000194d4000 JavaThread "Cache worker for cache directory md-supplier (C:\Users\hp\.gradle\caches\6.5\md-supplier)" [_thread_blocked, id=11552, stack(0x0000000020760000,0x0000000020860000)]
  0x00000000194d8800 JavaThread "Cache worker for checksums cache (C:\Users\hp\AndroidStudioProjects\emaishaPay\.gradle\checksums)" [_thread_blocked, id=6964, stack(0x0000000020a10000,0x0000000020b10000)]
  0x00000000194d3000 JavaThread "Cache worker for file hash cache (C:\Users\hp\AndroidStudioProjects\emaishaPay\.gradle\6.5\fileHashes)" [_thread_blocked, id=23180, stack(0x0000000020bd0000,0x0000000020cd0000)]
  0x00000000194d7800 JavaThread "Cache worker for file hash cache (C:\Users\hp\.gradle\caches\6.5\fileHashes)" [_thread_blocked, id=5324, stack(0x000000001e2c0000,0x000000001e3c0000)]
  0x00000000194d7000 JavaThread "File lock request listener" [_thread_in_native, id=1284, stack(0x000000001e1c0000,0x000000001e2c0000)]
  0x00000000194d2800 JavaThread "Cache worker for journal cache (C:\Users\hp\.gradle\caches\journal-1)" [_thread_blocked, id=16672, stack(0x000000001e0c0000,0x000000001e1c0000)]
  0x000000001bb3f800 JavaThread "Thread-9" [_thread_blocked, id=22584, stack(0x000000001ddc0000,0x000000001dec0000)]
  0x000000001bc50000 JavaThread "Stdin handler" [_thread_blocked, id=3884, stack(0x000000001dcc0000,0x000000001ddc0000)]
  0x000000001bc4d800 JavaThread "Asynchronous log dispatcher for DefaultDaemonConnection: socket connection from /127.0.0.1:63803 to /127.0.0.1:63804" [_thread_blocked, id=456, stack(0x000000001dbc0000,0x000000001dcc0000)]
  0x000000001bb6e000 JavaThread "Daemon worker" [_thread_in_native, id=21580, stack(0x000000001dac0000,0x000000001dbc0000)]
  0x000000001bba2800 JavaThread "Cancel handler" [_thread_blocked, id=18108, stack(0x000000001d9c0000,0x000000001dac0000)]
  0x000000001ba5a800 JavaThread "Handler for socket connection from /127.0.0.1:63803 to /127.0.0.1:63804" [_thread_in_native, id=23220, stack(0x000000001d6c0000,0x000000001d7c0000)]
  0x000000001ba67000 JavaThread "Daemon" [_thread_blocked, id=21324, stack(0x000000001d5c0000,0x000000001d6c0000)]
  0x000000001bcda800 JavaThread "Daemon periodic checks" [_thread_blocked, id=22820, stack(0x000000001d4c0000,0x000000001d5c0000)]
  0x000000001ba36000 JavaThread "Incoming local TCP Connector on port 63803" [_thread_in_native, id=22628, stack(0x000000001d280000,0x000000001d380000)]
  0x000000001ba20000 JavaThread "Daemon health stats" [_thread_blocked, id=2696, stack(0x000000001ca40000,0x000000001cb40000)]
  0x000000001957c000 JavaThread "Service Thread" daemon [_thread_blocked, id=21472, stack(0x000000001a0a0000,0x000000001a1a0000)]
  0x00000000194d9000 JavaThread "C1 CompilerThread3" daemon [_thread_blocked, id=20788, stack(0x0000000019fa0000,0x000000001a0a0000)]
  0x00000000194d5800 JavaThread "C2 CompilerThread2" daemon [_thread_in_native, id=13488, stack(0x0000000019ea0000,0x0000000019fa0000)]
=>0x00000000194cf000 JavaThread "C2 CompilerThread1" daemon [_thread_in_native, id=5640, stack(0x0000000019da0000,0x0000000019ea0000)]
  0x00000000194ca800 JavaThread "C2 CompilerThread0" daemon [_thread_blocked, id=22992, stack(0x0000000019ca0000,0x0000000019da0000)]
  0x00000000194c9000 JavaThread "Attach Listener" daemon [_thread_blocked, id=12336, stack(0x0000000019ba0000,0x0000000019ca0000)]
  0x00000000194c8000 JavaThread "Signal Dispatcher" daemon [_thread_blocked, id=9444, stack(0x0000000019aa0000,0x0000000019ba0000)]
  0x00000000194c1800 JavaThread "Finalizer" daemon [_thread_blocked, id=16484, stack(0x00000000198a0000,0x00000000199a0000)]
  0x0000000002547000 JavaThread "Reference Handler" daemon [_thread_blocked, id=20344, stack(0x00000000193a0000,0x00000000194a0000)]
  0x000000000244e000 JavaThread "main" [_thread_blocked, id=7800, stack(0x00000000022c0000,0x00000000023c0000)]

Other Threads:
  0x00000000175b9800 VMThread [stack: 0x00000000192a0000,0x00000000193a0000] [id=1980]
  0x000000001957f000 WatcherThread [stack: 0x000000001a1a0000,0x000000001a2a0000] [id=11260]

VM state:not at safepoint (normal execution)

VM Mutex/Monitor currently owned by a thread: None

Heap:
 PSYoungGen      total 280064K, used 180560K [0x00000000d5580000, 0x00000000e8c80000, 0x0000000100000000)
  eden space 266752K, 62% used [0x00000000d5580000,0x00000000df8db008,0x00000000e5a00000)
  from space 13312K, 99% used [0x00000000e7f80000,0x00000000e8c792a0,0x00000000e8c80000)
  to   space 15872K, 0% used [0x00000000e6d80000,0x00000000e6d80000,0x00000000e7d00000)
 ParOldGen       total 113664K, used 18023K [0x0000000080000000, 0x0000000086f00000, 0x00000000d5580000)
  object space 113664K, 15% used [0x0000000080000000,0x0000000081199c50,0x0000000086f00000)
 Metaspace       used 55696K, capacity 57948K, committed 58240K, reserved 1099776K
  class space    used 7753K, capacity 8259K, committed 8320K, reserved 1048576K

Card table byte_map: [0x0000000011910000,0x0000000011d20000] byte_map_base: 0x0000000011510000

Marking Bits: (ParMarkBitMap*) 0x0000000069070860
 Begin Bits: [0x00000000127d0000, 0x00000000147d0000)
 End Bits:   [0x00000000147d0000, 0x00000000167d0000)

Polling page: 0x00000000005d0000

CodeCache: size=245760Kb used=15640Kb max_used=16417Kb free=230119Kb
 bounds [0x0000000002550000, 0x00000000035a0000, 0x0000000011550000]
 total_blobs=5269 nmethods=4505 adapters=676
 compilation: enabled

Compilation events (10 events):
Event: 6.529 Thread 0x00000000194d9000 5068       3       org.gradle.api.internal.project.DefaultProject::getIdentityPath (10 bytes)
Event: 6.530 Thread 0x00000000194d9000 nmethod 5068 0x0000000002efc7d0 code [0x0000000002efc940, 0x0000000002efcaf0]
Event: 6.533 Thread 0x00000000194d9000 5069       3       org.gradle.internal.ImmutableActionSet$EmptySet::execute (1 bytes)
Event: 6.533 Thread 0x00000000194d9000 nmethod 5069 0x0000000002c835d0 code [0x0000000002c83720, 0x0000000002c83870]
Event: 6.538 Thread 0x00000000194d9000 5070       1       org.gradle.api.internal.DefaultNamedDomainObjectCollection::getInstantiator (5 bytes)
Event: 6.538 Thread 0x00000000194d9000 nmethod 5070 0x0000000002c83310 code [0x0000000002c83460, 0x0000000002c83570]
Event: 6.543 Thread 0x00000000194d9000 5071       3       org.gradle.api.internal.DefaultNamedDomainObjectCollection::hasWithName (32 bytes)
Event: 6.544 Thread 0x00000000194d9000 nmethod 5071 0x00000000028ef3d0 code [0x00000000028ef560, 0x00000000028ef8f8]
Event: 6.554 Thread 0x00000000194d9000 5072       3       org.gradle.api.internal.project.DefaultProject::getProjectPath (10 bytes)
Event: 6.554 Thread 0x00000000194d9000 nmethod 5072 0x00000000028f0290 code [0x00000000028f0400, 0x00000000028f05b0]

GC Heap History (10 events):
Event: 2.224 GC heap before
{Heap before GC invocations=6 (full 1):
 PSYoungGen      total 105984K, used 7028K [0x00000000d5580000, 0x00000000e2c80000, 0x0000000100000000)
  eden space 98304K, 0% used [0x00000000d5580000,0x00000000d5580000,0x00000000db580000)
  from space 7680K, 91% used [0x00000000db580000,0x00000000dbc5d040,0x00000000dbd00000)
  to   space 11776K, 0% used [0x00000000e2100000,0x00000000e2100000,0x00000000e2c80000)
 ParOldGen       total 130048K, used 3916K [0x0000000080000000, 0x0000000087f00000, 0x00000000d5580000)
  object space 130048K, 3% used [0x0000000080000000,0x00000000803d30d8,0x0000000087f00000)
 Metaspace       used 20586K, capacity 21246K, committed 21296K, reserved 1067008K
  class space    used 2954K, capacity 3169K, committed 3200K, reserved 1048576K
Event: 2.253 GC heap after
Heap after GC invocations=6 (full 1):
 PSYoungGen      total 105984K, used 0K [0x00000000d5580000, 0x00000000e2c80000, 0x0000000100000000)
  eden space 98304K, 0% used [0x00000000d5580000,0x00000000d5580000,0x00000000db580000)
  from space 7680K, 0% used [0x00000000db580000,0x00000000db580000,0x00000000dbd00000)
  to   space 11776K, 0% used [0x00000000e2100000,0x00000000e2100000,0x00000000e2c80000)
 ParOldGen       total 70656K, used 7383K [0x0000000080000000, 0x0000000084500000, 0x00000000d5580000)
  object space 70656K, 10% used [0x0000000080000000,0x0000000080735f40,0x0000000084500000)
 Metaspace       used 20586K, capacity 21246K, committed 21296K, reserved 1067008K
  class space    used 2954K, capacity 3169K, committed 3200K, reserved 1048576K
}
Event: 3.102 GC heap before
{Heap before GC invocations=7 (full 1):
 PSYoungGen      total 105984K, used 98304K [0x00000000d5580000, 0x00000000e2c80000, 0x0000000100000000)
  eden space 98304K, 100% used [0x00000000d5580000,0x00000000db580000,0x00000000db580000)
  from space 7680K, 0% used [0x00000000db580000,0x00000000db580000,0x00000000dbd00000)
  to   space 11776K, 0% used [0x00000000e2100000,0x00000000e2100000,0x00000000e2c80000)
 ParOldGen       total 70656K, used 7383K [0x0000000080000000, 0x0000000084500000, 0x00000000d5580000)
  object space 70656K, 10% used [0x0000000080000000,0x0000000080735f40,0x0000000084500000)
 Metaspace       used 31130K, capacity 32068K, committed 32256K, reserved 1077248K
  class space    used 4322K, capacity 4559K, committed 4608K, reserved 1048576K
Event: 3.111 GC heap after
Heap after GC invocations=7 (full 1):
 PSYoungGen      total 181760K, used 11254K [0x00000000d5580000, 0x00000000e2c00000, 0x0000000100000000)
  eden space 170496K, 0% used [0x00000000d5580000,0x00000000d5580000,0x00000000dfc00000)
  from space 11264K, 99% used [0x00000000e2100000,0x00000000e2bfdab8,0x00000000e2c00000)
  to   space 12800K, 0% used [0x00000000e1300000,0x00000000e1300000,0x00000000e1f80000)
 ParOldGen       total 70656K, used 7391K [0x0000000080000000, 0x0000000084500000, 0x00000000d5580000)
  object space 70656K, 10% used [0x0000000080000000,0x0000000080737f40,0x0000000084500000)
 Metaspace       used 31130K, capacity 32068K, committed 32256K, reserved 1077248K
  class space    used 4322K, capacity 4559K, committed 4608K, reserved 1048576K
}
Event: 3.507 GC heap before
{Heap before GC invocations=8 (full 1):
 PSYoungGen      total 181760K, used 78600K [0x00000000d5580000, 0x00000000e2c00000, 0x0000000100000000)
  eden space 170496K, 39% used [0x00000000d5580000,0x00000000d9744630,0x00000000dfc00000)
  from space 11264K, 99% used [0x00000000e2100000,0x00000000e2bfdab8,0x00000000e2c00000)
  to   space 12800K, 0% used [0x00000000e1300000,0x00000000e1300000,0x00000000e1f80000)
 ParOldGen       total 70656K, used 7391K [0x0000000080000000, 0x0000000084500000, 0x00000000d5580000)
  object space 70656K, 10% used [0x0000000080000000,0x0000000080737f40,0x0000000084500000)
 Metaspace       used 34136K, capacity 35274K, committed 35456K, reserved 1079296K
  class space    used 4812K, capacity 5126K, committed 5248K, reserved 1048576K
Event: 3.517 GC heap after
Heap after GC invocations=8 (full 1):
 PSYoungGen      total 206848K, used 9647K [0x00000000d5580000, 0x00000000e8c80000, 0x0000000100000000)
  eden space 194048K, 0% used [0x00000000d5580000,0x00000000d5580000,0x00000000e1300000)
  from space 12800K, 75% used [0x00000000e1300000,0x00000000e1c6bec8,0x00000000e1f80000)
  to   space 13312K, 0% used [0x00000000e7f80000,0x00000000e7f80000,0x00000000e8c80000)
 ParOldGen       total 70656K, used 7399K [0x0000000080000000, 0x0000000084500000, 0x00000000d5580000)
  object space 70656K, 10% used [0x0000000080000000,0x0000000080739f40,0x0000000084500000)
 Metaspace       used 34136K, capacity 35274K, committed 35456K, reserved 1079296K
  class space    used 4812K, capacity 5126K, committed 5248K, reserved 1048576K
}
Event: 3.517 GC heap before
{Heap before GC invocations=9 (full 2):
 PSYoungGen      total 206848K, used 9647K [0x00000000d5580000, 0x00000000e8c80000, 0x0000000100000000)
  eden space 194048K, 0% used [0x00000000d5580000,0x00000000d5580000,0x00000000e1300000)
  from space 12800K, 75% used [0x00000000e1300000,0x00000000e1c6bec8,0x00000000e1f80000)
  to   space 13312K, 0% used [0x00000000e7f80000,0x00000000e7f80000,0x00000000e8c80000)
 ParOldGen       total 70656K, used 7399K [0x0000000080000000, 0x0000000084500000, 0x00000000d5580000)
  object space 70656K, 10% used [0x0000000080000000,0x0000000080739f40,0x0000000084500000)
 Metaspace       used 34136K, capacity 35274K, committed 35456K, reserved 1079296K
  class space    used 4812K, capacity 5126K, committed 5248K, reserved 1048576K
Event: 3.617 GC heap after
Heap after GC invocations=9 (full 2):
 PSYoungGen      total 206848K, used 0K [0x00000000d5580000, 0x00000000e8c80000, 0x0000000100000000)
  eden space 194048K, 0% used [0x00000000d5580000,0x00000000d5580000,0x00000000e1300000)
  from space 12800K, 0% used [0x00000000e1300000,0x00000000e1300000,0x00000000e1f80000)
  to   space 13312K, 0% used [0x00000000e7f80000,0x00000000e7f80000,0x00000000e8c80000)
 ParOldGen       total 113664K, used 15911K [0x0000000080000000, 0x0000000086f00000, 0x00000000d5580000)
  object space 113664K, 13% used [0x0000000080000000,0x0000000080f89d70,0x0000000086f00000)
 Metaspace       used 34136K, capacity 35274K, committed 35456K, reserved 1079296K
  class space    used 4812K, capacity 5126K, committed 5248K, reserved 1048576K
}
Event: 4.982 GC heap before
{Heap before GC invocations=10 (full 2):
 PSYoungGen      total 206848K, used 194048K [0x00000000d5580000, 0x00000000e8c80000, 0x0000000100000000)
  eden space 194048K, 100% used [0x00000000d5580000,0x00000000e1300000,0x00000000e1300000)
  from space 12800K, 0% used [0x00000000e1300000,0x00000000e1300000,0x00000000e1f80000)
  to   space 13312K, 0% used [0x00000000e7f80000,0x00000000e7f80000,0x00000000e8c80000)
 ParOldGen       total 113664K, used 15911K [0x0000000080000000, 0x0000000086f00000, 0x00000000d5580000)
  object space 113664K, 13% used [0x0000000080000000,0x0000000080f89d70,0x0000000086f00000)
 Metaspace       used 44267K, capacity 46102K, committed 46336K, reserved 1089536K
  class space    used 6146K, capacity 6574K, committed 6656K, reserved 1048576K
Event: 4.993 GC heap after
Heap after GC invocations=10 (full 2):
 PSYoungGen      total 280064K, used 13284K [0x00000000d5580000, 0x00000000e8c80000, 0x0000000100000000)
  eden space 266752K, 0% used [0x00000000d5580000,0x00000000d5580000,0x00000000e5a00000)
  from space 13312K, 99% used [0x00000000e7f80000,0x00000000e8c792a0,0x00000000e8c80000)
  to   space 15872K, 0% used [0x00000000e6d80000,0x00000000e6d80000,0x00000000e7d00000)
 ParOldGen       total 113664K, used 18023K [0x0000000080000000, 0x0000000086f00000, 0x00000000d5580000)
  object space 113664K, 15% used [0x0000000080000000,0x0000000081199c50,0x0000000086f00000)
 Metaspace       used 44267K, capacity 46102K, committed 46336K, reserved 1089536K
  class space    used 6146K, capacity 6574K, committed 6656K, reserved 1048576K
}

Deoptimization events (10 events):
Event: 5.812 Thread 0x000000001bb6e000 Uncommon trap: reason=bimorphic action=maybe_recompile pc=0x00000000032ab6c8 method=java.util.Arrays.binarySearch0([Ljava/lang/Object;IILjava/lang/Object;Ljava/util/Comparator;)I @ 48
Event: 5.848 Thread 0x000000001bb6e000 Uncommon trap: reason=unstable_if action=reinterpret pc=0x0000000003555d40 method=org.codehaus.groovy.runtime.metaclass.MetaMethodIndex.addMethodToList(Ljava/lang/Object;Lgroovy/lang/MetaMethod;)Ljava/lang/Object; @ 256
Event: 5.861 Thread 0x000000001bb6e000 Uncommon trap: reason=class_check action=maybe_recompile pc=0x0000000003108e9c method=java.util.regex.Matcher.search(I)Z @ 86
Event: 5.861 Thread 0x000000001bb6e000 Uncommon trap: reason=class_check action=maybe_recompile pc=0x0000000003108e9c method=java.util.regex.Matcher.search(I)Z @ 86
Event: 5.937 Thread 0x000000001bb6e000 Uncommon trap: reason=unstable_if action=reinterpret pc=0x000000000271bedc method=java.lang.String.replace(CC)Ljava/lang/String; @ 2
Event: 5.941 Thread 0x000000001bb6e000 Uncommon trap: reason=unstable_if action=reinterpret pc=0x000000000278cda0 method=org.codehaus.groovy.runtime.metaclass.MetaMethodIndex.copyNonPrivateNonNewMetaMethods(Lorg/codehaus/groovy/runtime/metaclass/MetaMethodIndex$Entry;Lorg/codehaus/groovy/runti
Event: 6.000 Thread 0x000000001bb6e000 Uncommon trap: reason=null_check action=make_not_entrant pc=0x0000000002d0ce5c method=java.lang.Class.searchMethods([Ljava/lang/reflect/Method;Ljava/lang/String;[Ljava/lang/Class;)Ljava/lang/reflect/Method; @ 59
Event: 6.142 Thread 0x000000001bb6e000 Uncommon trap: reason=unstable_if action=reinterpret pc=0x0000000003436164 method=java.util.TreeMap.put(Ljava/lang/Object;Ljava/lang/Object;)Ljava/lang/Object; @ 163
Event: 6.461 Thread 0x000000001bb6e000 Uncommon trap: reason=unstable_if action=reinterpret pc=0x000000000291efd4 method=java.util.Properties$LineReader.readLine()I @ 37
Event: 6.462 Thread 0x000000001bb6e000 Uncommon trap: reason=unstable_if action=reinterpret pc=0x0000000002c9f8d4 method=java.util.Properties$LineReader.readLine()I @ 105

Classes redefined (0 events):
No events

Internal exceptions (10 events):
Event: 6.070 Thread 0x000000001bb6e000 Exception <a 'java/lang/ClassNotFoundException': com/android/build/gradle/internal/CompileOptions_DecoratedBeanInfo> (0x00000000dd94d880) thrown at [C:\re\workspace\8-2-build-windows-amd64-cygwin\jdk8u162\10278\hotspot\src\share\vm\classfile\systemDiction
Event: 6.071 Thread 0x000000001bb6e000 Exception <a 'java/lang/ClassNotFoundException': com/android/build/gradle/internal/CompileOptionsBeanInfo> (0x00000000dd969740) thrown at [C:\re\workspace\8-2-build-windows-amd64-cygwin\jdk8u162\10278\hotspot\src\share\vm\classfile\systemDictionary.cpp, l
Event: 6.071 Thread 0x000000001bb6e000 Exception <a 'java/lang/ClassNotFoundException': com/android/build/gradle/internal/CompileOptionsCustomizer> (0x00000000dd9857f8) thrown at [C:\re\workspace\8-2-build-windows-amd64-cygwin\jdk8u162\10278\hotspot\src\share\vm\classfile\systemDictionary.cpp,
Event: 6.071 Thread 0x000000001bb6e000 Exception <a 'java/lang/ClassNotFoundException': com/android/build/gradle/internal/CompileOptions_DecoratedCustomizer> (0x00000000dd9b6cc8) thrown at [C:\re\workspace\8-2-build-windows-amd64-cygwin\jdk8u162\10278\hotspot\src\share\vm\classfile\systemDicti
Event: 6.075 Thread 0x000000001bb6e000 Exception <a 'java/lang/ClassNotFoundException': com/android/build/gradle/internal/dsl/ApplicationBuildFeaturesImpl_DecoratedBeanInfo> (0x00000000dda6f310) thrown at [C:\re\workspace\8-2-build-windows-amd64-cygwin\jdk8u162\10278\hotspot\src\share\vm\class
Event: 6.075 Thread 0x000000001bb6e000 Exception <a 'java/lang/ClassNotFoundException': com/android/build/gradle/internal/dsl/ApplicationBuildFeaturesImplBeanInfo> (0x00000000dda8ff58) thrown at [C:\re\workspace\8-2-build-windows-amd64-cygwin\jdk8u162\10278\hotspot\src\share\vm\classfile\syste
Event: 6.076 Thread 0x000000001bb6e000 Exception <a 'java/lang/ClassNotFoundException': com/android/build/gradle/internal/dsl/BuildFeaturesImplBeanInfo> (0x00000000ddaae010) thrown at [C:\re\workspace\8-2-build-windows-amd64-cygwin\jdk8u162\10278\hotspot\src\share\vm\classfile\systemDictionary
Event: 6.076 Thread 0x000000001bb6e000 Exception <a 'java/lang/ClassNotFoundException': com/android/build/gradle/internal/dsl/BuildFeaturesImplCustomizer> (0x00000000ddacc630) thrown at [C:\re\workspace\8-2-build-windows-amd64-cygwin\jdk8u162\10278\hotspot\src\share\vm\classfile\systemDictiona
Event: 6.077 Thread 0x000000001bb6e000 Exception <a 'java/lang/ClassNotFoundException': com/android/build/gradle/internal/dsl/ApplicationBuildFeaturesImplCustomizer> (0x00000000ddb01640) thrown at [C:\re\workspace\8-2-build-windows-amd64-cygwin\jdk8u162\10278\hotspot\src\share\vm\classfile\sys
Event: 6.077 Thread 0x000000001bb6e000 Exception <a 'java/lang/ClassNotFoundException': com/android/build/gradle/internal/dsl/ApplicationBuildFeaturesImpl_DecoratedCustomizer> (0x00000000ddb2f078) thrown at [C:\re\workspace\8-2-build-windows-amd64-cygwin\jdk8u162\10278\hotspot\src\share\vm\cla

Events (10 events):
Event: 6.556 loading class com/android/build/gradle/internal/tasks/FinalizeBundleTask
Event: 6.556 loading class com/android/build/gradle/internal/tasks/FinalizeBundleTask done
Event: 6.557 loading class com/android/build/gradle/internal/tasks/FinalizeBundleTask$CreationAction$handleProvider$1
Event: 6.557 loading class com/android/build/gradle/internal/tasks/FinalizeBundleTask$CreationAction$handleProvider$1 done
Event: 6.558 loading class com/android/build/gradle/internal/tasks/FinalizeBundleTask$CreationAction$handleProvider$3
Event: 6.558 loading class com/android/build/gradle/internal/tasks/FinalizeBundleTask$CreationAction$handleProvider$3 done
Event: 6.559 loading class com/android/build/gradle/internal/tasks/BundleToApkTask$CreationAction
Event: 6.559 loading class com/android/build/gradle/internal/tasks/BundleToApkTask$CreationAction done
Event: 6.560 loading class com/android/build/gradle/internal/tasks/BundleToApkTask
Event: 6.560 loading class com/android/build/gradle/internal/tasks/BundleToApkTask done


Dynamic libraries:
0x00007ff635050000 - 0x00007ff635087000 	C:\Program Files\Java\jdk1.8.0_162\bin\java.exe
0x00007fffba0c0000 - 0x00007fffba2b0000 	C:\WINDOWS\SYSTEM32\ntdll.dll
0x00007fffb8ac0000 - 0x00007fffb8b72000 	C:\WINDOWS\System32\KERNEL32.DLL
0x00007fffb70f0000 - 0x00007fffb7395000 	C:\WINDOWS\System32\KERNELBASE.dll
0x00007fffb8170000 - 0x00007fffb8213000 	C:\WINDOWS\System32\ADVAPI32.dll
0x00007fffb9e80000 - 0x00007fffb9f1e000 	C:\WINDOWS\System32\msvcrt.dll
0x00007fffb8c70000 - 0x00007fffb8d07000 	C:\WINDOWS\System32\sechost.dll
0x00007fffb83c0000 - 0x00007fffb84df000 	C:\WINDOWS\System32\RPCRT4.dll
0x00007fffb8220000 - 0x00007fffb83b4000 	C:\WINDOWS\System32\USER32.dll
0x00007fffb7de0000 - 0x00007fffb7e01000 	C:\WINDOWS\System32\win32u.dll
0x00007fffb8550000 - 0x00007fffb8576000 	C:\WINDOWS\System32\GDI32.dll
0x00007fffb7c40000 - 0x00007fffb7dd8000 	C:\WINDOWS\System32\gdi32full.dll
0x00007fffb73a0000 - 0x00007fffb743e000 	C:\WINDOWS\System32\msvcp_win.dll
0x00007fffb8070000 - 0x00007fffb816a000 	C:\WINDOWS\System32\ucrtbase.dll
0x00007fff97bb0000 - 0x00007fff97e34000 	C:\WINDOWS\WinSxS\amd64_microsoft.windows.common-controls_6595b64144ccf1df_6.0.18362.1379_none_9e7ff3b3e45cc0c4\COMCTL32.dll
0x00007fffb94d0000 - 0x00007fffb9807000 	C:\WINDOWS\System32\combase.dll
0x00007fffb7fe0000 - 0x00007fffb8061000 	C:\WINDOWS\System32\bcryptPrimitives.dll
0x00007fffb9810000 - 0x00007fffb983e000 	C:\WINDOWS\System32\IMM32.DLL
0x0000000068490000 - 0x0000000068561000 	C:\Program Files\Java\jdk1.8.0_162\jre\bin\msvcr100.dll
0x0000000068850000 - 0x00000000690f0000 	C:\Program Files\Java\jdk1.8.0_162\jre\bin\server\jvm.dll
0x00007fffb8c60000 - 0x00007fffb8c68000 	C:\WINDOWS\System32\PSAPI.DLL
0x00007fffadcf0000 - 0x00007fffadcfa000 	C:\WINDOWS\SYSTEM32\VERSION.dll
0x00007fff977d0000 - 0x00007fff977d9000 	C:\WINDOWS\SYSTEM32\WSOCK32.dll
0x00007fffaffd0000 - 0x00007fffafff4000 	C:\WINDOWS\SYSTEM32\WINMM.dll
0x00007fffb9d10000 - 0x00007fffb9d7f000 	C:\WINDOWS\System32\WS2_32.dll
0x00007fffaffa0000 - 0x00007fffaffcd000 	C:\WINDOWS\SYSTEM32\winmmbase.dll
0x00007fffb7440000 - 0x00007fffb748a000 	C:\WINDOWS\System32\cfgmgr32.dll
0x0000000069cc0000 - 0x0000000069ccf000 	C:\Program Files\Java\jdk1.8.0_162\jre\bin\verify.dll
0x0000000069c90000 - 0x0000000069cb9000 	C:\Program Files\Java\jdk1.8.0_162\jre\bin\java.dll
0x00000000693b0000 - 0x00000000693c6000 	C:\Program Files\Java\jdk1.8.0_162\jre\bin\zip.dll
0x00007fffb8d10000 - 0x00007fffb93f8000 	C:\WINDOWS\System32\SHELL32.dll
0x00007fffb9860000 - 0x00007fffb9907000 	C:\WINDOWS\System32\shcore.dll
0x00007fffb74c0000 - 0x00007fffb7c3b000 	C:\WINDOWS\System32\windows.storage.dll
0x00007fffb6ff0000 - 0x00007fffb7013000 	C:\WINDOWS\System32\profapi.dll
0x00007fffb6fa0000 - 0x00007fffb6fea000 	C:\WINDOWS\System32\powrprof.dll
0x00007fffb6f70000 - 0x00007fffb6f80000 	C:\WINDOWS\System32\UMPDC.dll
0x00007fffb84e0000 - 0x00007fffb8532000 	C:\WINDOWS\System32\shlwapi.dll
0x00007fffb6f80000 - 0x00007fffb6f91000 	C:\WINDOWS\System32\kernel.appcore.dll
0x00007fffb7e70000 - 0x00007fffb7e87000 	C:\WINDOWS\System32\cryptsp.dll
0x0000000069390000 - 0x00000000693aa000 	C:\Program Files\Java\jdk1.8.0_162\jre\bin\net.dll
0x00007fffb67b0000 - 0x00007fffb6817000 	C:\WINDOWS\system32\mswsock.dll
0x0000000069370000 - 0x0000000069381000 	C:\Program Files\Java\jdk1.8.0_162\jre\bin\nio.dll
0x00007fff9cdc0000 - 0x00007fff9cde7000 	C:\Users\hp\.gradle\native\f6784746aeab05261644944871eae4fe03e0ef1612fff0a4a95f87b438bc6780\windows-amd64\native-platform.dll
0x0000000069360000 - 0x000000006936d000 	C:\Program Files\Java\jdk1.8.0_162\jre\bin\management.dll
0x00007fffb6330000 - 0x00007fffb6363000 	C:\WINDOWS\system32\rsaenh.dll
0x00007fffb7490000 - 0x00007fffb74b6000 	C:\WINDOWS\System32\bcrypt.dll
0x00007fffb6e90000 - 0x00007fffb6eb5000 	C:\WINDOWS\SYSTEM32\USERENV.dll
0x00007fffb6980000 - 0x00007fffb698c000 	C:\WINDOWS\SYSTEM32\CRYPTBASE.dll
0x00007fffb64c0000 - 0x00007fffb64fa000 	C:\WINDOWS\SYSTEM32\IPHLPAPI.DLL
0x00007fffb8540000 - 0x00007fffb8548000 	C:\WINDOWS\System32\NSI.dll
0x00007fffb02f0000 - 0x00007fffb0306000 	C:\WINDOWS\SYSTEM32\dhcpcsvc6.DLL
0x00007fffb02d0000 - 0x00007fffb02ec000 	C:\WINDOWS\SYSTEM32\dhcpcsvc.DLL
0x00007fffb6500000 - 0x00007fffb65cb000 	C:\WINDOWS\SYSTEM32\DNSAPI.dll
0x00007fffaff80000 - 0x00007fffaff8b000 	C:\WINDOWS\SYSTEM32\WINNSI.DLL

VM Arguments:
jvm_args: -Xmx2048m -Dfile.encoding=UTF-8 -Duser.country=US -Duser.language=en -Duser.variant 
java_command: org.gradle.launcher.daemon.bootstrap.GradleDaemon 6.5
java_class_path (initial): C:\Users\hp\.gradle\wrapper\dists\gradle-6.5-bin\6nifqtx7604sqp1q6g8wikw7p\gradle-6.5\lib\gradle-launcher-6.5.jar
Launcher Type: SUN_STANDARD

Environment Variables:
PATH=C:\Program Files (x86)\Common Files\Oracle\Java\javapath;C:\ProgramData\Oracle\Java\javapath;C:\Program Files (x86)\Intel\Intel(R) Management Engine Components\iCLS\;C:\Program Files\Intel\Intel(R) Management Engine Components\iCLS\;C:\WINDOWS\system32;C:\WINDOWS;C:\WINDOWS\System32\Wbem;C:\WINDOWS\System32\WindowsPowerShell\v1.0\;C:\WINDOWS\System32\OpenSSH\;C:\Program Files (x86)\Intel\Intel(R) Management Engine Components\DAL;C:\Program Files\Intel\Intel(R) Management Engine Components\DAL;C:\Program Files\Intel\WiFi\bin\;C:\Program Files\Common Files\Intel\WirelessCommon\;C:\Program Files\Git\cmd;C:\HashiCorp\Vagrant\bin;C:\Program Files\PuTTY\;C:\php;C:\ProgramData\ComposerSetup\bin;C:\Users\hp\AppData\Local\Microsoft\WindowsApps;C:\Users\hp\AppData\Roaming\Composer\vendor\bin;
USERNAME=hp
OS=Windows_NT
PROCESSOR_IDENTIFIER=Intel64 Family 6 Model 142 Stepping 12, GenuineIntel



---------------  S Y S T E M  ---------------

OS: Windows 10.0 , 64 bit Build 18362 (10.0.18362.1350)

CPU:total 8 (initial active 8) (4 cores per cpu, 2 threads per core) family 6 model 142 stepping 12, cmov, cx8, fxsr, mmx, sse, sse2, sse3, ssse3, sse4.1, sse4.2, popcnt, avx, avx2, aes, clmul, erms, 3dnowpref, lzcnt, ht, tsc, tscinvbit, bmi1, bmi2, adx

Memory: 4k page, physical 12367604k(258052k free), swap 43463280k(6908k free)

vm_info: Java HotSpot(TM) 64-Bit Server VM (25.162-b12) for windows-amd64 JRE (1.8.0_162-b12), built on Dec 19 2017 20:00:03 by "java_re" with MS VC++ 10.0 (VS2010)

time: Wed Mar 10 18:47:23 2021
elapsed time: 6 seconds (0d 0h 0m 6s)

