#
# There is insufficient memory for the Java Runtime Environment to continue.
# Native memory allocation (malloc) failed to allocate 1086256 bytes for Chunk::new
# Possible reasons:
#   The system is out of physical RAM or swap space
#   In 32 bit mode, the process size limit was hit
# Possible solutions:
#   Reduce memory load on the system
#   Increase physical memory or swap space
#   Check if swap backing store is full
#   Use 64 bit Java on a 64 bit OS
#   Decrease Java heap size (-Xmx/-Xms)
#   Decrease number of Java threads
#   Decrease Java thread stack sizes (-Xss)
#   Set larger code cache with -XX:ReservedCodeCacheSize=
# This output file may be truncated or incomplete.
#
#  Out of Memory Error (allocation.cpp:390), pid=20076, tid=0x0000000000007a4c
#
# JRE version: Java(TM) SE Runtime Environment (8.0_162-b12) (build 1.8.0_162-b12)
# Java VM: Java HotSpot(TM) 64-Bit Server VM (25.162-b12 mixed mode windows-amd64 compressed oops)
# Failed to write core dump. Minidumps are not enabled by default on client versions of Windows
#

---------------  T H R E A D  ---------------

Current thread (0x00000000193ce800):  JavaThread "C2 CompilerThread1" daemon [_thread_in_native, id=31308, stack(0x0000000019ca0000,0x0000000019da0000)]

Stack: [0x0000000019ca0000,0x0000000019da0000]
[error occurred during error reporting (printing stack bounds), id 0xc0000005]

Native frames: (J=compiled Java code, j=interpreted, Vv=VM code, C=native code)


Current CompileTask:
C2:   7387 4108   !   4       java.util.jar.Attributes::read (380 bytes)


---------------  P R O C E S S  ---------------

Java Threads: ( => current thread )
  0x000000001c7ee800 JavaThread "pool-1-thread-1" [_thread_blocked, id=30820, stack(0x00000000298c0000,0x00000000299c0000)]
  0x000000001c7ed800 JavaThread "Cache worker for Build Output Cleanup Cache (C:\Users\hp\AndroidStudioProjects\emaishaPay\.gradle\buildOutputCleanup)" [_thread_blocked, id=31672, stack(0x00000000295c0000,0x00000000296c0000)]
  0x000000001a818000 JavaThread "jar transforms Thread 95" [_thread_blocked, id=28812, stack(0x00000000292c0000,0x00000000293c0000)]
  0x000000001a817000 JavaThread "jar transforms Thread 94" [_thread_blocked, id=1976, stack(0x00000000291c0000,0x00000000292c0000)]
  0x000000001a815800 JavaThread "jar transforms Thread 93" [_thread_blocked, id=27176, stack(0x00000000290c0000,0x00000000291c0000)]
  0x000000001a813800 JavaThread "jar transforms Thread 92" [_thread_blocked, id=31632, stack(0x0000000028fc0000,0x00000000290c0000)]
  0x000000001a818800 JavaThread "jar transforms Thread 91" [_thread_blocked, id=27928, stack(0x0000000028ec0000,0x0000000028fc0000)]
  0x000000001a816800 JavaThread "jar transforms Thread 90" [_thread_blocked, id=9548, stack(0x0000000028dc0000,0x0000000028ec0000)]
  0x000000001a815000 JavaThread "jar transforms Thread 89" [_thread_blocked, id=30552, stack(0x0000000028cc0000,0x0000000028dc0000)]
  0x000000001a812800 JavaThread "jar transforms Thread 88" [_thread_blocked, id=31572, stack(0x0000000028bc0000,0x0000000028cc0000)]
  0x000000001a814000 JavaThread "jar transforms Thread 87" [_thread_blocked, id=25644, stack(0x0000000028ac0000,0x0000000028bc0000)]
  0x000000001a80b000 JavaThread "jar transforms Thread 86" [_thread_blocked, id=30836, stack(0x00000000289c0000,0x0000000028ac0000)]
  0x000000001a812000 JavaThread "jar transforms Thread 85" [_thread_blocked, id=31016, stack(0x00000000288c0000,0x00000000289c0000)]
  0x000000001a80e000 JavaThread "jar transforms Thread 84" [_thread_blocked, id=29688, stack(0x00000000287c0000,0x00000000288c0000)]
  0x000000001a80a800 JavaThread "jar transforms Thread 83" [_thread_blocked, id=31196, stack(0x00000000286c0000,0x00000000287c0000)]
  0x000000001a811000 JavaThread "jar transforms Thread 82" [_thread_blocked, id=6108, stack(0x00000000285c0000,0x00000000286c0000)]
  0x000000001a810800 JavaThread "jar transforms Thread 81" [_thread_blocked, id=27296, stack(0x00000000284c0000,0x00000000285c0000)]
  0x000000001a80d800 JavaThread "jar transforms Thread 80" [_thread_blocked, id=30832, stack(0x00000000283c0000,0x00000000284c0000)]
  0x000000001a80f800 JavaThread "jar transforms Thread 79" [_thread_blocked, id=29416, stack(0x00000000282c0000,0x00000000283c0000)]
  0x000000001a80c000 JavaThread "jar transforms Thread 78" [_thread_blocked, id=26960, stack(0x00000000281c0000,0x00000000282c0000)]
  0x000000001a80f000 JavaThread "jar transforms Thread 77" [_thread_blocked, id=22784, stack(0x00000000280c0000,0x00000000281c0000)]
  0x000000001a809800 JavaThread "jar transforms Thread 76" [_thread_blocked, id=16152, stack(0x0000000027fc0000,0x00000000280c0000)]
  0x000000001a80c800 JavaThread "jar transforms Thread 75" [_thread_blocked, id=27196, stack(0x0000000027ec0000,0x0000000027fc0000)]
  0x000000001f7ee800 JavaThread "jar transforms Thread 74" [_thread_blocked, id=25064, stack(0x0000000027dc0000,0x0000000027ec0000)]
  0x000000001f7ed800 JavaThread "jar transforms Thread 73" [_thread_blocked, id=4396, stack(0x0000000027cc0000,0x0000000027dc0000)]
  0x000000001f7ed000 JavaThread "jar transforms Thread 72" [_thread_blocked, id=17744, stack(0x0000000027bc0000,0x0000000027cc0000)]
  0x000000001f7ec000 JavaThread "jar transforms Thread 71" [_thread_blocked, id=31184, stack(0x0000000027ac0000,0x0000000027bc0000)]
  0x000000001f7eb800 JavaThread "jar transforms Thread 70" [_thread_blocked, id=25648, stack(0x00000000279c0000,0x0000000027ac0000)]
  0x000000001f7ea800 JavaThread "jar transforms Thread 69" [_thread_blocked, id=23460, stack(0x00000000278c0000,0x00000000279c0000)]
  0x000000001f7ea000 JavaThread "jar transforms Thread 68" [_thread_blocked, id=21148, stack(0x00000000277c0000,0x00000000278c0000)]
  0x000000001f7e9000 JavaThread "jar transforms Thread 67" [_thread_blocked, id=3252, stack(0x00000000276c0000,0x00000000277c0000)]
  0x000000001f7e1800 JavaThread "jar transforms Thread 66" [_thread_blocked, id=31428, stack(0x00000000275c0000,0x00000000276c0000)]
  0x000000001f7e8800 JavaThread "jar transforms Thread 65" [_thread_blocked, id=27548, stack(0x00000000274c0000,0x00000000275c0000)]
  0x000000001f7e3000 JavaThread "jar transforms Thread 64" [_thread_blocked, id=24764, stack(0x00000000273c0000,0x00000000274c0000)]
  0x000000001f7e1000 JavaThread "jar transforms Thread 63" [_thread_blocked, id=9372, stack(0x00000000272c0000,0x00000000273c0000)]
  0x000000001f7e7800 JavaThread "jar transforms Thread 62" [_thread_blocked, id=5572, stack(0x00000000271c0000,0x00000000272c0000)]
  0x000000001f7e0000 JavaThread "jar transforms Thread 61" [_thread_blocked, id=31080, stack(0x00000000270c0000,0x00000000271c0000)]
  0x000000001f7e4000 JavaThread "jar transforms Thread 60" [_thread_blocked, id=26716, stack(0x0000000026fc0000,0x00000000270c0000)]
  0x000000001f7e7000 JavaThread "jar transforms Thread 59" [_thread_blocked, id=31044, stack(0x0000000026ec0000,0x0000000026fc0000)]
  0x000000001f7e2800 JavaThread "jar transforms Thread 58" [_thread_blocked, id=17736, stack(0x0000000026dc0000,0x0000000026ec0000)]
  0x000000001f7e6000 JavaThread "jar transforms Thread 57" [_thread_blocked, id=9488, stack(0x0000000026cc0000,0x0000000026dc0000)]
  0x000000001f7e5800 JavaThread "jar transforms Thread 56" [_thread_blocked, id=27824, stack(0x0000000026bc0000,0x0000000026cc0000)]
  0x000000001f7e4800 JavaThread "jar transforms Thread 55" [_thread_blocked, id=12640, stack(0x0000000026ac0000,0x0000000026bc0000)]
  0x000000001f7df800 JavaThread "jar transforms Thread 54" [_thread_blocked, id=30784, stack(0x00000000269c0000,0x0000000026ac0000)]
  0x000000001c367000 JavaThread "jar transforms Thread 53" [_thread_blocked, id=3016, stack(0x00000000268c0000,0x00000000269c0000)]
  0x000000001c366800 JavaThread "jar transforms Thread 52" [_thread_blocked, id=30812, stack(0x00000000267c0000,0x00000000268c0000)]
  0x000000001c365800 JavaThread "jar transforms Thread 51" [_thread_blocked, id=10628, stack(0x00000000266c0000,0x00000000267c0000)]
  0x000000001c362800 JavaThread "jar transforms Thread 50" [_thread_blocked, id=31452, stack(0x00000000265c0000,0x00000000266c0000)]
  0x000000001c365000 JavaThread "jar transforms Thread 49" [_thread_blocked, id=14780, stack(0x00000000264c0000,0x00000000265c0000)]
  0x000000001c364000 JavaThread "jar transforms Thread 48" [_thread_blocked, id=31232, stack(0x00000000263c0000,0x00000000264c0000)]
  0x000000001c362000 JavaThread "jar transforms Thread 47" [_thread_blocked, id=20696, stack(0x00000000262c0000,0x00000000263c0000)]
  0x000000001c363800 JavaThread "jar transforms Thread 46" [_thread_blocked, id=31476, stack(0x00000000261c0000,0x00000000262c0000)]
  0x000000001c35b000 JavaThread "jar transforms Thread 45" [_thread_blocked, id=31620, stack(0x00000000260c0000,0x00000000261c0000)]
  0x000000001c35a800 JavaThread "jar transforms Thread 44" [_thread_blocked, id=7420, stack(0x0000000025fc0000,0x00000000260c0000)]
  0x000000001c361000 JavaThread "jar transforms Thread 43" [_thread_blocked, id=2324, stack(0x0000000025ec0000,0x0000000025fc0000)]
  0x000000001c359800 JavaThread "jar transforms Thread 42" [_thread_blocked, id=18512, stack(0x0000000025dc0000,0x0000000025ec0000)]
  0x000000001c360800 JavaThread "jar transforms Thread 41" [_thread_blocked, id=30760, stack(0x0000000025cc0000,0x0000000025dc0000)]
  0x000000001c359000 JavaThread "jar transforms Thread 40" [_thread_blocked, id=28368, stack(0x0000000025bc0000,0x0000000025cc0000)]
  0x000000001c35f800 JavaThread "jar transforms Thread 39" [_thread_blocked, id=29584, stack(0x0000000025ac0000,0x0000000025bc0000)]
  0x000000001c35c800 JavaThread "jar transforms Thread 38" [_thread_blocked, id=20540, stack(0x00000000259c0000,0x0000000025ac0000)]
  0x000000001c358000 JavaThread "jar transforms Thread 37" [_thread_blocked, id=31444, stack(0x00000000258c0000,0x00000000259c0000)]
  0x000000001c35e000 JavaThread "jar transforms Thread 36" [_thread_blocked, id=19012, stack(0x00000000257c0000,0x00000000258c0000)]
  0x000000001c35f000 JavaThread "jar transforms Thread 35" [_thread_blocked, id=27028, stack(0x00000000256c0000,0x00000000257c0000)]
  0x000000001c35d800 JavaThread "jar transforms Thread 34" [_thread_blocked, id=27152, stack(0x00000000255c0000,0x00000000256c0000)]
  0x000000001c35c000 JavaThread "jar transforms Thread 33" [_thread_blocked, id=8908, stack(0x00000000254c0000,0x00000000255c0000)]
  0x000000001fb34800 JavaThread "jar transforms Thread 32" [_thread_blocked, id=26040, stack(0x00000000253c0000,0x00000000254c0000)]
  0x000000001fb32000 JavaThread "jar transforms Thread 31" [_thread_blocked, id=18524, stack(0x00000000252c0000,0x00000000253c0000)]
  0x000000001fb31800 JavaThread "jar transforms Thread 30" [_thread_blocked, id=30380, stack(0x00000000251c0000,0x00000000252c0000)]
  0x000000001fb35800 JavaThread "jar transforms Thread 29" [_thread_blocked, id=27764, stack(0x00000000250c0000,0x00000000251c0000)]
  0x000000001fb30800 JavaThread "jar transforms Thread 28" [_thread_blocked, id=3020, stack(0x0000000024fc0000,0x00000000250c0000)]
  0x000000001fb36000 JavaThread "jar transforms Thread 27" [_thread_blocked, id=9184, stack(0x0000000024ec0000,0x0000000024fc0000)]
  0x000000001fb30000 JavaThread "jar transforms Thread 26" [_thread_blocked, id=12692, stack(0x0000000024dc0000,0x0000000024ec0000)]
  0x000000001fb33800 JavaThread "jar transforms Thread 25" [_thread_blocked, id=31576, stack(0x0000000024cc0000,0x0000000024dc0000)]
  0x000000001fb33000 JavaThread "jar transforms Thread 24" [_thread_blocked, id=19228, stack(0x0000000024bc0000,0x0000000024cc0000)]
  0x000000001fb28800 JavaThread "jar transforms Thread 23" [_thread_blocked, id=29568, stack(0x0000000024ac0000,0x0000000024bc0000)]
  0x000000001fb2f000 JavaThread "jar transforms Thread 22" [_thread_blocked, id=31448, stack(0x00000000249c0000,0x0000000024ac0000)]
  0x000000001fb27800 JavaThread "jar transforms Thread 21" [_thread_blocked, id=28284, stack(0x00000000248c0000,0x00000000249c0000)]
  0x000000001fb2e800 JavaThread "jar transforms Thread 20" [_thread_blocked, id=8760, stack(0x00000000247c0000,0x00000000248c0000)]
  0x000000001fb2d000 JavaThread "jar transforms Thread 19" [_thread_blocked, id=7888, stack(0x00000000246c0000,0x00000000247c0000)]
  0x000000001fb2a000 JavaThread "jar transforms Thread 18" [_thread_blocked, id=10372, stack(0x00000000245c0000,0x00000000246c0000)]
  0x000000001fb2c000 JavaThread "jar transforms Thread 17" [_thread_blocked, id=24960, stack(0x00000000244c0000,0x00000000245c0000)]
  0x000000001fb27000 JavaThread "jar transforms Thread 16" [_thread_blocked, id=7960, stack(0x00000000243c0000,0x00000000244c0000)]
  0x000000001fb2a800 JavaThread "jar transforms Thread 15" [_thread_blocked, id=10068, stack(0x00000000242c0000,0x00000000243c0000)]
  0x000000001fb2b800 JavaThread "jar transforms Thread 14" [_thread_blocked, id=12748, stack(0x00000000241c0000,0x00000000242c0000)]
  0x000000001fb2d800 JavaThread "jar transforms Thread 13" [_thread_blocked, id=12416, stack(0x00000000240c0000,0x00000000241c0000)]
  0x000000001fb29000 JavaThread "jar transforms Thread 12" [_thread_blocked, id=19108, stack(0x0000000023fc0000,0x00000000240c0000)]
  0x000000001e7dc800 JavaThread "jar transforms Thread 11" [_thread_blocked, id=27164, stack(0x0000000023ec0000,0x0000000023fc0000)]
  0x000000001e7d8000 JavaThread "jar transforms Thread 10" [_thread_blocked, id=29992, stack(0x0000000023dc0000,0x0000000023ec0000)]
  0x000000001e7d6800 JavaThread "jar transforms Thread 9" [_thread_blocked, id=11572, stack(0x0000000023cc0000,0x0000000023dc0000)]
  0x000000001e7d7800 JavaThread "jar transforms Thread 8" [_thread_blocked, id=31032, stack(0x0000000023bc0000,0x0000000023cc0000)]
  0x000000001e7db000 JavaThread "jar transforms Thread 7" [_thread_blocked, id=31600, stack(0x0000000023ac0000,0x0000000023bc0000)]
  0x000000001e7d9800 JavaThread "jar transforms Thread 6" [_thread_blocked, id=11136, stack(0x00000000239c0000,0x0000000023ac0000)]
  0x000000001e7dc000 JavaThread "jar transforms Thread 5" [_thread_blocked, id=25364, stack(0x00000000238c0000,0x00000000239c0000)]
  0x000000001e7da800 JavaThread "jar transforms Thread 4" [_thread_blocked, id=30888, stack(0x00000000237c0000,0x00000000238c0000)]
  0x000000001e7dd800 JavaThread "jar transforms Thread 3" [_thread_blocked, id=3292, stack(0x00000000236c0000,0x00000000237c0000)]
  0x000000001e7d9000 JavaThread "jar transforms Thread 2" [_thread_blocked, id=6988, stack(0x00000000235c0000,0x00000000236c0000)]
  0x000000001e7cf000 JavaThread "Build operations Thread 8" [_thread_blocked, id=24104, stack(0x00000000233c0000,0x00000000234c0000)]
  0x000000001e7d6000 JavaThread "Build operations Thread 7" [_thread_blocked, id=10892, stack(0x00000000232c0000,0x00000000233c0000)]
  0x000000001e7ce800 JavaThread "Build operations Thread 6" [_thread_blocked, id=13492, stack(0x00000000231c0000,0x00000000232c0000)]
  0x000000001e7d5000 JavaThread "Build operations Thread 5" [_thread_blocked, id=27800, stack(0x00000000230c0000,0x00000000231c0000)]
  0x000000001e7d4800 JavaThread "Build operations Thread 4" [_thread_blocked, id=19152, stack(0x0000000022fc0000,0x00000000230c0000)]
  0x000000001e7d3800 JavaThread "Build operations Thread 3" [_thread_blocked, id=8220, stack(0x0000000022ec0000,0x0000000022fc0000)]
  0x000000001e7d2000 JavaThread "Build operations Thread 2" [_thread_blocked, id=30776, stack(0x0000000022dc0000,0x0000000022ec0000)]
  0x000000001e7d1800 JavaThread "Build operations" [_thread_blocked, id=21540, stack(0x0000000022cc0000,0x0000000022dc0000)]
  0x000000001be13800 JavaThread "Cache worker for file content cache (C:\Users\hp\.gradle\caches\6.5\fileContent)" [_thread_blocked, id=31660, stack(0x00000000225c0000,0x00000000226c0000)]
  0x000000001be12800 JavaThread "jar transforms" [_thread_blocked, id=4708, stack(0x00000000224c0000,0x00000000225c0000)]
  0x000000001be12000 JavaThread "Cache worker for execution history cache (C:\Users\hp\.gradle\caches\6.5\executionHistory)" [_thread_blocked, id=23180, stack(0x0000000021dc0000,0x0000000021ec0000)]
  0x000000001be0f800 JavaThread "Cache worker for cache directory md-rule (C:\Users\hp\.gradle\caches\6.5\md-rule)" [_thread_blocked, id=28568, stack(0x0000000020c10000,0x0000000020d10000)]
  0x000000001be11000 JavaThread "Cache worker for cache directory md-supplier (C:\Users\hp\.gradle\caches\6.5\md-supplier)" [_thread_blocked, id=29664, stack(0x00000000208a0000,0x00000000209a0000)]
  0x000000001be0d800 JavaThread "Cache worker for checksums cache (C:\Users\hp\AndroidStudioProjects\emaishaPay\.gradle\checksums)" [_thread_blocked, id=30700, stack(0x00000000205a0000,0x00000000206a0000)]
  0x000000001be0f000 JavaThread "Cache worker for file hash cache (C:\Users\hp\AndroidStudioProjects\emaishaPay\.gradle\6.5\fileHashes)" [_thread_blocked, id=31728, stack(0x000000001e2c0000,0x000000001e3c0000)]
  0x000000001be0e000 JavaThread "Cache worker for file hash cache (C:\Users\hp\.gradle\caches\6.5\fileHashes)" [_thread_blocked, id=26848, stack(0x000000001e1c0000,0x000000001e2c0000)]
  0x000000001be14000 JavaThread "File lock request listener" [_thread_in_native, id=26404, stack(0x000000001e0c0000,0x000000001e1c0000)]
  0x000000001be10800 JavaThread "Cache worker for journal cache (C:\Users\hp\.gradle\caches\journal-1)" [_thread_blocked, id=1372, stack(0x000000001dfc0000,0x000000001e0c0000)]
  0x000000001bd1d800 JavaThread "Thread-9" [_thread_blocked, id=13564, stack(0x000000001dcc0000,0x000000001ddc0000)]
  0x000000001a242000 JavaThread "Stdin handler" [_thread_blocked, id=21112, stack(0x000000001dbc0000,0x000000001dcc0000)]
  0x000000001bcb8000 JavaThread "Asynchronous log dispatcher for DefaultDaemonConnection: socket connection from /127.0.0.1:58353 to /127.0.0.1:58354" [_thread_blocked, id=31040, stack(0x000000001dac0000,0x000000001dbc0000)]
  0x000000001bd1d000 JavaThread "Daemon worker" [_thread_in_vm, id=27448, stack(0x000000001d9c0000,0x000000001dac0000)]
  0x000000001bcf1000 JavaThread "Cancel handler" [_thread_blocked, id=7156, stack(0x000000001d8c0000,0x000000001d9c0000)]
  0x000000001bcba800 JavaThread "Handler for socket connection from /127.0.0.1:58353 to /127.0.0.1:58354" [_thread_in_native, id=1588, stack(0x000000001d5c0000,0x000000001d6c0000)]
  0x000000001bcb9800 JavaThread "Daemon" [_thread_blocked, id=30032, stack(0x000000001d4c0000,0x000000001d5c0000)]
  0x000000001bd2a800 JavaThread "Daemon periodic checks" [_thread_blocked, id=30732, stack(0x000000001d3c0000,0x000000001d4c0000)]
  0x000000001bc3b000 JavaThread "Incoming local TCP Connector on port 58353" [_thread_in_native, id=10588, stack(0x000000001d180000,0x000000001d280000)]
  0x000000001bbf7800 JavaThread "Daemon health stats" [_thread_blocked, id=30624, stack(0x000000001c940000,0x000000001ca40000)]
  0x0000000019483000 JavaThread "Service Thread" daemon [_thread_blocked, id=30904, stack(0x0000000019fa0000,0x000000001a0a0000)]
  0x00000000193e3000 JavaThread "C1 CompilerThread3" daemon [_thread_blocked, id=31148, stack(0x0000000019ea0000,0x0000000019fa0000)]
  0x00000000193dd000 JavaThread "C2 CompilerThread2" daemon [_thread_blocked, id=29440, stack(0x0000000019da0000,0x0000000019ea0000)]
=>0x00000000193ce800 JavaThread "C2 CompilerThread1" daemon [_thread_in_native, id=31308, stack(0x0000000019ca0000,0x0000000019da0000)]
  0x00000000193c9800 JavaThread "C2 CompilerThread0" daemon [_thread_blocked, id=31084, stack(0x0000000019ba0000,0x0000000019ca0000)]
  0x00000000193c8000 JavaThread "Attach Listener" daemon [_thread_blocked, id=26784, stack(0x0000000019aa0000,0x0000000019ba0000)]
  0x00000000193c7000 JavaThread "Signal Dispatcher" daemon [_thread_blocked, id=31484, stack(0x00000000199a0000,0x0000000019aa0000)]
  0x00000000193c0800 JavaThread "Finalizer" daemon [_thread_blocked, id=27760, stack(0x00000000197a0000,0x00000000198a0000)]
  0x0000000002437000 JavaThread "Reference Handler" daemon [_thread_blocked, id=25660, stack(0x00000000192a0000,0x00000000193a0000)]
  0x000000000233e000 JavaThread "main" [_thread_blocked, id=23464, stack(0x0000000002180000,0x0000000002280000)]

Other Threads:
  0x00000000174a9800 VMThread [stack: 0x00000000191a0000,0x00000000192a0000] [id=24020]
  0x0000000019485800 WatcherThread [stack: 0x000000001a0a0000,0x000000001a1a0000] [id=12568]

VM state:not at safepoint (normal execution)

VM Mutex/Monitor currently owned by a thread: None

Heap:
 PSYoungGen      total 186880K, used 39596K [0x00000000d5580000, 0x00000000e2c00000, 0x0000000100000000)
  eden space 175616K, 16% used [0x00000000d5580000,0x00000000d712e388,0x00000000e0100000)
  from space 11264K, 99% used [0x00000000e2100000,0x00000000e2bfcea8,0x00000000e2c00000)
  to   space 12800K, 0% used [0x00000000e1300000,0x00000000e1300000,0x00000000e1f80000)
 ParOldGen       total 110592K, used 20038K [0x0000000080000000, 0x0000000086c00000, 0x00000000d5580000)
  object space 110592K, 18% used [0x0000000080000000,0x00000000813919b8,0x0000000086c00000)
 Metaspace       used 45789K, capacity 47676K, committed 48000K, reserved 1091584K
  class space    used 6346K, capacity 6773K, committed 6784K, reserved 1048576K

Card table byte_map: [0x0000000011800000,0x0000000011c10000] byte_map_base: 0x0000000011400000

Marking Bits: (ParMarkBitMap*) 0x0000000068950860
 Begin Bits: [0x00000000126c0000, 0x00000000146c0000)
 End Bits:   [0x00000000146c0000, 0x00000000166c0000)

Polling page: 0x00000000001f0000

CodeCache: size=245760Kb used=12420Kb max_used=13651Kb free=233339Kb
 bounds [0x0000000002440000, 0x00000000031a0000, 0x0000000011440000]
 total_blobs=4509 nmethods=3770 adapters=651
 compilation: enabled

Compilation events (10 events):
Event: 7.379 Thread 0x00000000193e3000 4201       3       sun.misc.ProxyGenerator::access$1700 (7 bytes)
Event: 7.379 Thread 0x00000000193e3000 nmethod 4201 0x0000000002b64c10 code [0x0000000002b64d80, 0x0000000002b64ee8]
Event: 7.379 Thread 0x00000000193e3000 4202       3       sun.misc.ProxyGenerator::codeClassForName (41 bytes)
Event: 7.380 Thread 0x00000000193e3000 nmethod 4202 0x00000000029057d0 code [0x0000000002905b20, 0x0000000002907218]
Event: 7.380 Thread 0x00000000193e3000 4203       3       org.gradle.internal.instantiation.generator.AsmBackedClassGenerator$ClassBuilderImpl::maybeBox (49 bytes)
Event: 7.381 Thread 0x00000000193e3000 nmethod 4203 0x000000000255e0d0 code [0x000000000255e2a0, 0x000000000255e9d8]
Event: 7.381 Thread 0x00000000193e3000 4204       3       org.gradle.model.internal.asm.AsmClassGeneratorUtils::unboxOrCast (332 bytes)
Event: 7.382 Thread 0x00000000193e3000 nmethod 4204 0x0000000002685b90 code [0x0000000002686000, 0x0000000002688db8]
Event: 7.382 Thread 0x00000000193e3000 4205       3       org.objectweb.asm.SymbolTable::addConstantIntegerOrFloat (100 bytes)
Event: 7.383 Thread 0x00000000193e3000 nmethod 4205 0x0000000002790690 code [0x0000000002790860, 0x0000000002790e58]

GC Heap History (10 events):
Event: 3.273 GC heap before
{Heap before GC invocations=6 (full 1):
 PSYoungGen      total 105984K, used 7060K [0x00000000d5580000, 0x00000000e2c80000, 0x0000000100000000)
  eden space 98304K, 0% used [0x00000000d5580000,0x00000000d5580000,0x00000000db580000)
  from space 7680K, 91% used [0x00000000db580000,0x00000000dbc65040,0x00000000dbd00000)
  to   space 11776K, 0% used [0x00000000e2100000,0x00000000e2100000,0x00000000e2c80000)
 ParOldGen       total 130048K, used 4153K [0x0000000080000000, 0x0000000087f00000, 0x00000000d5580000)
  object space 130048K, 3% used [0x0000000080000000,0x000000008040e628,0x0000000087f00000)
 Metaspace       used 20593K, capacity 21246K, committed 21296K, reserved 1067008K
  class space    used 2959K, capacity 3169K, committed 3200K, reserved 1048576K
Event: 3.303 GC heap after
Heap after GC invocations=6 (full 1):
 PSYoungGen      total 105984K, used 0K [0x00000000d5580000, 0x00000000e2c80000, 0x0000000100000000)
  eden space 98304K, 0% used [0x00000000d5580000,0x00000000d5580000,0x00000000db580000)
  from space 7680K, 0% used [0x00000000db580000,0x00000000db580000,0x00000000dbd00000)
  to   space 11776K, 0% used [0x00000000e2100000,0x00000000e2100000,0x00000000e2c80000)
 ParOldGen       total 69120K, used 7355K [0x0000000080000000, 0x0000000084380000, 0x00000000d5580000)
  object space 69120K, 10% used [0x0000000080000000,0x000000008072ef70,0x0000000084380000)
 Metaspace       used 20593K, capacity 21246K, committed 21296K, reserved 1067008K
  class space    used 2959K, capacity 3169K, committed 3200K, reserved 1048576K
}
Event: 4.379 GC heap before
{Heap before GC invocations=7 (full 1):
 PSYoungGen      total 105984K, used 98304K [0x00000000d5580000, 0x00000000e2c80000, 0x0000000100000000)
  eden space 98304K, 100% used [0x00000000d5580000,0x00000000db580000,0x00000000db580000)
  from space 7680K, 0% used [0x00000000db580000,0x00000000db580000,0x00000000dbd00000)
  to   space 11776K, 0% used [0x00000000e2100000,0x00000000e2100000,0x00000000e2c80000)
 ParOldGen       total 69120K, used 7355K [0x0000000080000000, 0x0000000084380000, 0x00000000d5580000)
  object space 69120K, 10% used [0x0000000080000000,0x000000008072ef70,0x0000000084380000)
 Metaspace       used 31104K, capacity 32004K, committed 32256K, reserved 1077248K
  class space    used 4321K, capacity 4559K, committed 4608K, reserved 1048576K
Event: 4.388 GC heap after
Heap after GC invocations=7 (full 1):
 PSYoungGen      total 186880K, used 11062K [0x00000000d5580000, 0x00000000e2c00000, 0x0000000100000000)
  eden space 175616K, 0% used [0x00000000d5580000,0x00000000d5580000,0x00000000e0100000)
  from space 11264K, 98% used [0x00000000e2100000,0x00000000e2bcdbf8,0x00000000e2c00000)
  to   space 12800K, 0% used [0x00000000e1300000,0x00000000e1300000,0x00000000e1f80000)
 ParOldGen       total 69120K, used 7363K [0x0000000080000000, 0x0000000084380000, 0x00000000d5580000)
  object space 69120K, 10% used [0x0000000080000000,0x0000000080730f70,0x0000000084380000)
 Metaspace       used 31104K, capacity 32004K, committed 32256K, reserved 1077248K
  class space    used 4321K, capacity 4559K, committed 4608K, reserved 1048576K
}
Event: 5.090 GC heap before
{Heap before GC invocations=8 (full 1):
 PSYoungGen      total 186880K, used 80245K [0x00000000d5580000, 0x00000000e2c00000, 0x0000000100000000)
  eden space 175616K, 39% used [0x00000000d5580000,0x00000000d990fa58,0x00000000e0100000)
  from space 11264K, 98% used [0x00000000e2100000,0x00000000e2bcdbf8,0x00000000e2c00000)
  to   space 12800K, 0% used [0x00000000e1300000,0x00000000e1300000,0x00000000e1f80000)
 ParOldGen       total 69120K, used 7363K [0x0000000080000000, 0x0000000084380000, 0x00000000d5580000)
  object space 69120K, 10% used [0x0000000080000000,0x0000000080730f70,0x0000000084380000)
 Metaspace       used 34172K, capacity 35274K, committed 35456K, reserved 1079296K
  class space    used 4821K, capacity 5126K, committed 5248K, reserved 1048576K
Event: 5.102 GC heap after
Heap after GC invocations=8 (full 1):
 PSYoungGen      total 188416K, used 9662K [0x00000000d5580000, 0x00000000e2c00000, 0x0000000100000000)
  eden space 175616K, 0% used [0x00000000d5580000,0x00000000d5580000,0x00000000e0100000)
  from space 12800K, 75% used [0x00000000e1300000,0x00000000e1c6fa48,0x00000000e1f80000)
  to   space 11264K, 0% used [0x00000000e2100000,0x00000000e2100000,0x00000000e2c00000)
 ParOldGen       total 69120K, used 7371K [0x0000000080000000, 0x0000000084380000, 0x00000000d5580000)
  object space 69120K, 10% used [0x0000000080000000,0x0000000080732f70,0x0000000084380000)
 Metaspace       used 34172K, capacity 35274K, committed 35456K, reserved 1079296K
  class space    used 4821K, capacity 5126K, committed 5248K, reserved 1048576K
}
Event: 5.102 GC heap before
{Heap before GC invocations=9 (full 2):
 PSYoungGen      total 188416K, used 9662K [0x00000000d5580000, 0x00000000e2c00000, 0x0000000100000000)
  eden space 175616K, 0% used [0x00000000d5580000,0x00000000d5580000,0x00000000e0100000)
  from space 12800K, 75% used [0x00000000e1300000,0x00000000e1c6fa48,0x00000000e1f80000)
  to   space 11264K, 0% used [0x00000000e2100000,0x00000000e2100000,0x00000000e2c00000)
 ParOldGen       total 69120K, used 7371K [0x0000000080000000, 0x0000000084380000, 0x00000000d5580000)
  object space 69120K, 10% used [0x0000000080000000,0x0000000080732f70,0x0000000084380000)
 Metaspace       used 34172K, capacity 35274K, committed 35456K, reserved 1079296K
  class space    used 4821K, capacity 5126K, committed 5248K, reserved 1048576K
Event: 5.227 GC heap after
Heap after GC invocations=9 (full 2):
 PSYoungGen      total 188416K, used 0K [0x00000000d5580000, 0x00000000e2c00000, 0x0000000100000000)
  eden space 175616K, 0% used [0x00000000d5580000,0x00000000d5580000,0x00000000e0100000)
  from space 12800K, 0% used [0x00000000e1300000,0x00000000e1300000,0x00000000e1f80000)
  to   space 11264K, 0% used [0x00000000e2100000,0x00000000e2100000,0x00000000e2c00000)
 ParOldGen       total 110592K, used 15960K [0x0000000080000000, 0x0000000086c00000, 0x00000000d5580000)
  object space 110592K, 14% used [0x0000000080000000,0x0000000080f961f0,0x0000000086c00000)
 Metaspace       used 34172K, capacity 35274K, committed 35456K, reserved 1079296K
  class space    used 4821K, capacity 5126K, committed 5248K, reserved 1048576K
}
Event: 7.104 GC heap before
{Heap before GC invocations=10 (full 2):
 PSYoungGen      total 188416K, used 175616K [0x00000000d5580000, 0x00000000e2c00000, 0x0000000100000000)
  eden space 175616K, 100% used [0x00000000d5580000,0x00000000e0100000,0x00000000e0100000)
  from space 12800K, 0% used [0x00000000e1300000,0x00000000e1300000,0x00000000e1f80000)
  to   space 11264K, 0% used [0x00000000e2100000,0x00000000e2100000,0x00000000e2c00000)
 ParOldGen       total 110592K, used 15960K [0x0000000080000000, 0x0000000086c00000, 0x00000000d5580000)
  object space 110592K, 14% used [0x0000000080000000,0x0000000080f961f0,0x0000000086c00000)
 Metaspace       used 44067K, capacity 45954K, committed 46336K, reserved 1089536K
  class space    used 6111K, capacity 6544K, committed 6656K, reserved 1048576K
Event: 7.117 GC heap after
Heap after GC invocations=10 (full 2):
 PSYoungGen      total 186880K, used 11251K [0x00000000d5580000, 0x00000000e2c00000, 0x0000000100000000)
  eden space 175616K, 0% used [0x00000000d5580000,0x00000000d5580000,0x00000000e0100000)
  from space 11264K, 99% used [0x00000000e2100000,0x00000000e2bfcea8,0x00000000e2c00000)
  to   space 12800K, 0% used [0x00000000e1300000,0x00000000e1300000,0x00000000e1f80000)
 ParOldGen       total 110592K, used 20038K [0x0000000080000000, 0x0000000086c00000, 0x00000000d5580000)
  object space 110592K, 18% used [0x0000000080000000,0x00000000813919b8,0x0000000086c00000)
 Metaspace       used 44067K, capacity 45954K, committed 46336K, reserved 1089536K
  class space    used 6111K, capacity 6544K, committed 6656K, reserved 1048576K
}

Deoptimization events (10 events):
Event: 7.275 Thread 0x000000001bd1d000 Uncommon trap: reason=unstable_if action=reinterpret pc=0x00000000028e9cfc method=java.lang.CharacterDataLatin1.isWhitespace(I)Z @ 14
Event: 7.312 Thread 0x000000001bd1d000 Uncommon trap: reason=unstable_if action=reinterpret pc=0x0000000002e837f8 method=java.util.jar.JarFile.getInputStream(Ljava/util/zip/ZipEntry;)Ljava/io/InputStream; @ 37
Event: 7.313 Thread 0x000000001bd1d000 Uncommon trap: reason=predicate action=maybe_recompile pc=0x0000000002e9c868 method=sun.misc.Resource.getBytes()[B @ 53
Event: 7.314 Thread 0x000000001bd1d000 Uncommon trap: reason=unstable_if action=reinterpret pc=0x0000000003127dec method=java.util.jar.JarFile$JarFileEntry.getCodeSigners()[Ljava/security/CodeSigner; @ 24
Event: 7.314 Thread 0x000000001bd1d000 Uncommon trap: reason=unstable_if action=reinterpret pc=0x0000000002e80030 method=java.security.CodeSource.<init>(Ljava/net/URL;[Ljava/security/CodeSigner;)V @ 25
Event: 7.315 Thread 0x000000001bd1d000 Uncommon trap: reason=unstable_if action=reinterpret pc=0x00000000029f0e2c method=java.security.CodeSource.getCertificates()[Ljava/security/cert/Certificate; @ 22
Event: 7.316 Thread 0x000000001bd1d000 Uncommon trap: reason=unstable_if action=reinterpret pc=0x0000000002fa7710 method=java.util.jar.JarFile$JarFileEntry.getCodeSigners()[Ljava/security/CodeSigner; @ 24
Event: 7.316 Thread 0x000000001bd1d000 Uncommon trap: reason=unstable_if action=reinterpret pc=0x0000000002ec0fdc method=java.security.CodeSource.matchCerts(Ljava/security/CodeSource;Z)Z @ 11
Event: 7.335 Thread 0x000000001bd1d000 Uncommon trap: reason=unstable_if action=reinterpret pc=0x0000000002d68778 method=java.util.LinkedHashMap.get(Ljava/lang/Object;)Ljava/lang/Object; @ 20
Event: 7.358 Thread 0x000000001bd1d000 Uncommon trap: reason=unstable_if action=reinterpret pc=0x0000000002eade70 method=java.util.jar.JarFile$JarFileEntry.getCodeSigners()[Ljava/security/CodeSigner; @ 24

Classes redefined (0 events):
No events

Internal exceptions (10 events):
Event: 6.302 Thread 0x000000001bd1d800 Exception <a 'java/lang/NoSuchMethodError': <clinit>> (0x00000000d55aa330) thrown at [C:\re\workspace\8-2-build-windows-amd64-cygwin\jdk8u162\10278\hotspot\src\share\vm\prims\jni.cpp, line 1613]
Event: 6.304 Thread 0x000000001bd1d800 Exception <a 'java/lang/NoSuchMethodError': <clinit>> (0x00000000d55b4930) thrown at [C:\re\workspace\8-2-build-windows-amd64-cygwin\jdk8u162\10278\hotspot\src\share\vm\prims\jni.cpp, line 1613]
Event: 6.305 Thread 0x000000001bd1d800 Exception <a 'java/lang/NoSuchMethodError': <clinit>> (0x00000000d55bfc90) thrown at [C:\re\workspace\8-2-build-windows-amd64-cygwin\jdk8u162\10278\hotspot\src\share\vm\prims\jni.cpp, line 1613]
Event: 6.308 Thread 0x000000001bd1d800 Exception <a 'java/lang/NoSuchMethodError': <clinit>> (0x00000000d55d31f8) thrown at [C:\re\workspace\8-2-build-windows-amd64-cygwin\jdk8u162\10278\hotspot\src\share\vm\prims\jni.cpp, line 1613]
Event: 6.327 Thread 0x000000001bd1d000 Exception <a 'java/lang/ClassNotFoundException': build_4rdydc02n8435hfsq6aoy19n9BeanInfo> (0x00000000dc9d8d68) thrown at [C:\re\workspace\8-2-build-windows-amd64-cygwin\jdk8u162\10278\hotspot\src\share\vm\classfile\systemDictionary.cpp, line 210]
Event: 6.328 Thread 0x000000001bd1d000 Exception <a 'java/lang/ClassNotFoundException': build_4rdydc02n8435hfsq6aoy19n9Customizer> (0x00000000dc9e4b38) thrown at [C:\re\workspace\8-2-build-windows-amd64-cygwin\jdk8u162\10278\hotspot\src\share\vm\classfile\systemDictionary.cpp, line 210]
Event: 6.333 Thread 0x000000001bd1d000 Exception <a 'java/lang/ClassNotFoundException': org/gradle/api/internal/plugins/DefaultObjectConfigurationActionBeanInfo> (0x00000000dca5f450) thrown at [C:\re\workspace\8-2-build-windows-amd64-cygwin\jdk8u162\10278\hotspot\src\share\vm\classfile\systemD
Event: 6.333 Thread 0x000000001bd1d000 Exception <a 'java/lang/ClassNotFoundException': org/gradle/api/internal/plugins/DefaultObjectConfigurationActionCustomizer> (0x00000000dcaa3e68) thrown at [C:\re\workspace\8-2-build-windows-amd64-cygwin\jdk8u162\10278\hotspot\src\share\vm\classfile\syste
Event: 6.665 Thread 0x000000001bd1d000 Exception <a 'sun/nio/fs/WindowsException'> (0x00000000de5470a0) thrown at [C:\re\workspace\8-2-build-windows-amd64-cygwin\jdk8u162\10278\hotspot\src\share\vm\prims\jni.cpp, line 709]
Event: 7.228 Thread 0x000000001bd1d000 Implicit null exception at 0x00000000030e7b28 to 0x00000000030e8069

Events (10 events):
Event: 7.378 loading class kotlin/jvm/JvmStatic
Event: 7.378 loading class kotlin/jvm/JvmStatic done
Event: 7.378 loading class kotlin/jvm/JvmStatic
Event: 7.378 loading class kotlin/jvm/JvmStatic done
Event: 7.379 loading class kotlin/ReplaceWith
Event: 7.379 loading class kotlin/ReplaceWith done
Event: 7.384 loading class com/google/common/collect/Sets
Event: 7.384 loading class com/google/common/collect/Sets done
Event: 7.386 loading class com/google/common/collect/Sets$SetView
Event: 7.386 loading class com/google/common/collect/Sets$SetView done


Dynamic libraries:
0x00007ff7a1810000 - 0x00007ff7a1847000 	C:\Program Files\Java\jdk1.8.0_162\bin\java.exe
0x00007ffcfa1a0000 - 0x00007ffcfa390000 	C:\WINDOWS\SYSTEM32\ntdll.dll
0x00007ffcf8320000 - 0x00007ffcf83d2000 	C:\WINDOWS\System32\KERNEL32.DLL
0x00007ffcf7200000 - 0x00007ffcf74a5000 	C:\WINDOWS\System32\KERNELBASE.dll
0x00007ffcf8a80000 - 0x00007ffcf8b23000 	C:\WINDOWS\System32\ADVAPI32.dll
0x00007ffcfa020000 - 0x00007ffcfa0be000 	C:\WINDOWS\System32\msvcrt.dll
0x00007ffcfa0c0000 - 0x00007ffcfa157000 	C:\WINDOWS\System32\sechost.dll
0x00007ffcf9560000 - 0x00007ffcf967f000 	C:\WINDOWS\System32\RPCRT4.dll
0x00007ffcf9af0000 - 0x00007ffcf9c84000 	C:\WINDOWS\System32\USER32.dll
0x00007ffcf71d0000 - 0x00007ffcf71f1000 	C:\WINDOWS\System32\win32u.dll
0x00007ffcf89a0000 - 0x00007ffcf89c6000 	C:\WINDOWS\System32\GDI32.dll
0x00007ffcf7640000 - 0x00007ffcf77d8000 	C:\WINDOWS\System32\gdi32full.dll
0x00007ffcf7830000 - 0x00007ffcf78ce000 	C:\WINDOWS\System32\msvcp_win.dll
0x00007ffcf7540000 - 0x00007ffcf763a000 	C:\WINDOWS\System32\ucrtbase.dll
0x00007ffcd7b90000 - 0x00007ffcd7e14000 	C:\WINDOWS\WinSxS\amd64_microsoft.windows.common-controls_6595b64144ccf1df_6.0.18362.1379_none_9e7ff3b3e45cc0c4\COMCTL32.dll
0x00007ffcf9220000 - 0x00007ffcf9557000 	C:\WINDOWS\System32\combase.dll
0x00007ffcf74b0000 - 0x00007ffcf7531000 	C:\WINDOWS\System32\bcryptPrimitives.dll
0x00007ffcf83e0000 - 0x00007ffcf840e000 	C:\WINDOWS\System32\IMM32.DLL
0x0000000067a10000 - 0x0000000067ae1000 	C:\Program Files\Java\jdk1.8.0_162\jre\bin\msvcr100.dll
0x0000000068130000 - 0x00000000689d0000 	C:\Program Files\Java\jdk1.8.0_162\jre\bin\server\jvm.dll
0x00007ffcf8440000 - 0x00007ffcf8448000 	C:\WINDOWS\System32\PSAPI.DLL
0x00007ffcef9a0000 - 0x00007ffcef9c4000 	C:\WINDOWS\SYSTEM32\WINMM.dll
0x00007ffcebeb0000 - 0x00007ffcebeba000 	C:\WINDOWS\SYSTEM32\VERSION.dll
0x00007ffcd66e0000 - 0x00007ffcd66e9000 	C:\WINDOWS\SYSTEM32\WSOCK32.dll
0x00007ffcf9e50000 - 0x00007ffcf9ebf000 	C:\WINDOWS\System32\WS2_32.dll
0x00007ffcef970000 - 0x00007ffcef99d000 	C:\WINDOWS\SYSTEM32\winmmbase.dll
0x00007ffcf77e0000 - 0x00007ffcf782a000 	C:\WINDOWS\System32\cfgmgr32.dll
0x000000006a1c0000 - 0x000000006a1cf000 	C:\Program Files\Java\jdk1.8.0_162\jre\bin\verify.dll
0x0000000069360000 - 0x0000000069389000 	C:\Program Files\Java\jdk1.8.0_162\jre\bin\java.dll
0x0000000069340000 - 0x0000000069356000 	C:\Program Files\Java\jdk1.8.0_162\jre\bin\zip.dll
0x00007ffcf8b30000 - 0x00007ffcf9218000 	C:\WINDOWS\System32\SHELL32.dll
0x00007ffcf89d0000 - 0x00007ffcf8a77000 	C:\WINDOWS\System32\shcore.dll
0x00007ffcf78f0000 - 0x00007ffcf806b000 	C:\WINDOWS\System32\windows.storage.dll
0x00007ffcf70b0000 - 0x00007ffcf70d3000 	C:\WINDOWS\System32\profapi.dll
0x00007ffcf7060000 - 0x00007ffcf70aa000 	C:\WINDOWS\System32\powrprof.dll
0x00007ffcf7050000 - 0x00007ffcf7060000 	C:\WINDOWS\System32\UMPDC.dll
0x00007ffcf9c90000 - 0x00007ffcf9ce2000 	C:\WINDOWS\System32\shlwapi.dll
0x00007ffcf70e0000 - 0x00007ffcf70f1000 	C:\WINDOWS\System32\kernel.appcore.dll
0x00007ffcf78d0000 - 0x00007ffcf78e7000 	C:\WINDOWS\System32\cryptsp.dll
0x0000000069320000 - 0x000000006933a000 	C:\Program Files\Java\jdk1.8.0_162\jre\bin\net.dll
0x00007ffcf6890000 - 0x00007ffcf68f7000 	C:\WINDOWS\system32\mswsock.dll
0x0000000068030000 - 0x0000000068041000 	C:\Program Files\Java\jdk1.8.0_162\jre\bin\nio.dll
0x00007ffcbc9a0000 - 0x00007ffcbc9c7000 	C:\Users\hp\.gradle\native\f6784746aeab05261644944871eae4fe03e0ef1612fff0a4a95f87b438bc6780\windows-amd64\native-platform.dll
0x0000000069310000 - 0x000000006931d000 	C:\Program Files\Java\jdk1.8.0_162\jre\bin\management.dll
0x00007ffcf6410000 - 0x00007ffcf6443000 	C:\WINDOWS\system32\rsaenh.dll
0x00007ffcf80d0000 - 0x00007ffcf80f6000 	C:\WINDOWS\System32\bcrypt.dll
0x00007ffcf6f30000 - 0x00007ffcf6f55000 	C:\WINDOWS\SYSTEM32\USERENV.dll
0x00007ffcf6a60000 - 0x00007ffcf6a6c000 	C:\WINDOWS\SYSTEM32\CRYPTBASE.dll
0x00007ffcf65a0000 - 0x00007ffcf65da000 	C:\WINDOWS\SYSTEM32\IPHLPAPI.DLL
0x00007ffcf8410000 - 0x00007ffcf8418000 	C:\WINDOWS\System32\NSI.dll
0x00007ffcf03d0000 - 0x00007ffcf03e6000 	C:\WINDOWS\SYSTEM32\dhcpcsvc6.DLL
0x00007ffcf03b0000 - 0x00007ffcf03cc000 	C:\WINDOWS\SYSTEM32\dhcpcsvc.DLL
0x00007ffcf65e0000 - 0x00007ffcf66ab000 	C:\WINDOWS\SYSTEM32\DNSAPI.dll
0x00007ffcee6d0000 - 0x00007ffcee6db000 	C:\WINDOWS\SYSTEM32\WINNSI.DLL

VM Arguments:
jvm_args: -Xmx2048m -Dfile.encoding=UTF-8 -Duser.country=US -Duser.language=en -Duser.variant 
java_command: org.gradle.launcher.daemon.bootstrap.GradleDaemon 6.5
java_class_path (initial): C:\Users\hp\.gradle\wrapper\dists\gradle-6.5-bin\6nifqtx7604sqp1q6g8wikw7p\gradle-6.5\lib\gradle-launcher-6.5.jar
Launcher Type: SUN_STANDARD

Environment Variables:
PATH=C:\Program Files (x86)\Common Files\Oracle\Java\javapath;C:\ProgramData\Oracle\Java\javapath;C:\Program Files (x86)\Intel\Intel(R) Management Engine Components\iCLS\;C:\Program Files\Intel\Intel(R) Management Engine Components\iCLS\;C:\WINDOWS\system32;C:\WINDOWS;C:\WINDOWS\System32\Wbem;C:\WINDOWS\System32\WindowsPowerShell\v1.0\;C:\WINDOWS\System32\OpenSSH\;C:\Program Files (x86)\Intel\Intel(R) Management Engine Components\DAL;C:\Program Files\Intel\Intel(R) Management Engine Components\DAL;C:\Program Files\Intel\WiFi\bin\;C:\Program Files\Common Files\Intel\WirelessCommon\;C:\Program Files\Git\cmd;C:\HashiCorp\Vagrant\bin;C:\Program Files\PuTTY\;C:\php;C:\ProgramData\ComposerSetup\bin;C:\Users\hp\AppData\Local\Microsoft\WindowsApps;C:\Users\hp\AppData\Roaming\Composer\vendor\bin;
USERNAME=hp
OS=Windows_NT
PROCESSOR_IDENTIFIER=Intel64 Family 6 Model 142 Stepping 12, GenuineIntel



---------------  S Y S T E M  ---------------

OS: Windows 10.0 , 64 bit Build 18362 (10.0.18362.1350)

CPU:total 8 (initial active 8) (4 cores per cpu, 2 threads per core) family 6 model 142 stepping 12, cmov, cx8, fxsr, mmx, sse, sse2, sse3, ssse3, sse4.1, sse4.2, popcnt, avx, avx2, aes, clmul, erms, 3dnowpref, lzcnt, ht, tsc, tscinvbit, bmi1, bmi2, adx

Memory: 4k page, physical 12367604k(283568k free), swap 43463280k(4472k free)

vm_info: Java HotSpot(TM) 64-Bit Server VM (25.162-b12) for windows-amd64 JRE (1.8.0_162-b12), built on Dec 19 2017 20:00:03 by "java_re" with MS VC++ 10.0 (VS2010)

time: Mon Mar 08 19:23:22 2021
elapsed time: 7 seconds (0d 0h 0m 7s)

