#
# There is insufficient memory for the Java Runtime Environment to continue.
# Native memory allocation (malloc) failed to allocate 1919584 bytes for Chunk::new
# Possible reasons:
#   The system is out of physical RAM or swap space
#   In 32 bit mode, the process size limit was hit
# Possible solutions:
#   Reduce memory load on the system
#   Increase physical memory or swap space
#   Check if swap backing store is full
#   Use 64 bit Java on a 64 bit OS
#   Decrease Java heap size (-Xmx/-Xms)
#   Decrease number of Java threads
#   Decrease Java thread stack sizes (-Xss)
#   Set larger code cache with -XX:ReservedCodeCacheSize=
# This output file may be truncated or incomplete.
#
#  Out of Memory Error (allocation.cpp:390), pid=1708, tid=0x0000000000005aa8
#
# JRE version: Java(TM) SE Runtime Environment (8.0_162-b12) (build 1.8.0_162-b12)
# Java VM: Java HotSpot(TM) 64-Bit Server VM (25.162-b12 mixed mode windows-amd64 compressed oops)
# Failed to write core dump. Minidumps are not enabled by default on client versions of Windows
#

---------------  T H R E A D  ---------------

Current thread (0x000000001a1fd800):  JavaThread "C2 CompilerThread1" daemon [_thread_in_native, id=23208, stack(0x000000001aad0000,0x000000001abd0000)]

Stack: [0x000000001aad0000,0x000000001abd0000]
[error occurred during error reporting (printing stack bounds), id 0xc0000005]

Native frames: (J=compiled Java code, j=interpreted, Vv=VM code, C=native code)


Current CompileTask:
C2:   3111 1507       4       java.net.URLClassLoader$1::run (5 bytes)


---------------  P R O C E S S  ---------------

Java Threads: ( => current thread )
  0x000000001ca6a800 JavaThread "Cache worker for file hash cache (C:\Users\hp\.gradle\caches\6.5\fileHashes)" [_thread_blocked, id=21620, stack(0x000000001eff0000,0x000000001f0f0000)]
  0x000000001ca63800 JavaThread "File lock request listener" [_thread_in_native, id=22996, stack(0x000000001eef0000,0x000000001eff0000)]
  0x000000001ca69000 JavaThread "Cache worker for journal cache (C:\Users\hp\.gradle\caches\journal-1)" [_thread_blocked, id=18824, stack(0x000000001edf0000,0x000000001eef0000)]
  0x000000001cafe000 JavaThread "Thread-9" [_thread_blocked, id=22960, stack(0x000000001eaf0000,0x000000001ebf0000)]
  0x000000001cafd800 JavaThread "Stdin handler" [_thread_blocked, id=12300, stack(0x000000001e9f0000,0x000000001eaf0000)]
  0x000000001b05d000 JavaThread "Asynchronous log dispatcher for DefaultDaemonConnection: socket connection from /127.0.0.1:63718 to /127.0.0.1:63719" [_thread_blocked, id=18636, stack(0x000000001e8f0000,0x000000001e9f0000)]
  0x000000001b0b0000 JavaThread "Daemon worker" [_thread_in_Java, id=7284, stack(0x000000001e7f0000,0x000000001e8f0000)]
  0x000000001c9d4800 JavaThread "Cancel handler" [_thread_blocked, id=22576, stack(0x000000001e6f0000,0x000000001e7f0000)]
  0x000000001c963000 JavaThread "Handler for socket connection from /127.0.0.1:63718 to /127.0.0.1:63719" [_thread_in_native, id=22964, stack(0x000000001e3f0000,0x000000001e4f0000)]
  0x000000001c95c000 JavaThread "Daemon" [_thread_blocked, id=4288, stack(0x000000001e2f0000,0x000000001e3f0000)]
  0x000000001ca97000 JavaThread "Daemon periodic checks" [_thread_blocked, id=7652, stack(0x000000001e1f0000,0x000000001e2f0000)]
  0x000000001c906800 JavaThread "Incoming local TCP Connector on port 63718" [_thread_in_native, id=12596, stack(0x000000001dfb0000,0x000000001e0b0000)]
  0x000000001c896000 JavaThread "Daemon health stats" [_thread_blocked, id=22896, stack(0x000000001d770000,0x000000001d870000)]
  0x000000001a2a9000 JavaThread "Service Thread" daemon [_thread_blocked, id=2520, stack(0x000000001add0000,0x000000001aed0000)]
  0x000000001a204800 JavaThread "C1 CompilerThread3" daemon [_thread_in_native, id=20084, stack(0x000000001acd0000,0x000000001add0000)]
  0x000000001a200800 JavaThread "C2 CompilerThread2" daemon [_thread_in_native, id=23212, stack(0x000000001abd0000,0x000000001acd0000)]
=>0x000000001a1fd800 JavaThread "C2 CompilerThread1" daemon [_thread_in_native, id=23208, stack(0x000000001aad0000,0x000000001abd0000)]
  0x000000001a1f9000 JavaThread "C2 CompilerThread0" daemon [_thread_in_native, id=23000, stack(0x000000001a9d0000,0x000000001aad0000)]
  0x000000001a1f7800 JavaThread "Attach Listener" daemon [_thread_blocked, id=11852, stack(0x000000001a8d0000,0x000000001a9d0000)]
  0x00000000182de800 JavaThread "Signal Dispatcher" daemon [_thread_blocked, id=6836, stack(0x000000001a7d0000,0x000000001a8d0000)]
  0x000000001a1f1800 JavaThread "Finalizer" daemon [_thread_blocked, id=4116, stack(0x000000001a5d0000,0x000000001a6d0000)]
  0x0000000003257000 JavaThread "Reference Handler" daemon [_thread_blocked, id=23032, stack(0x000000001a0d0000,0x000000001a1d0000)]
  0x0000000002ffe000 JavaThread "main" [_thread_blocked, id=23028, stack(0x0000000003060000,0x0000000003160000)]

Other Threads:
  0x00000000182c9800 VMThread [stack: 0x0000000019fd0000,0x000000001a0d0000] [id=12460]
  0x000000001a2aa000 WatcherThread [stack: 0x000000001aed0000,0x000000001afd0000] [id=22932]

VM state:not at safepoint (normal execution)

VM Mutex/Monitor currently owned by a thread: None

Heap:
 PSYoungGen      total 56832K, used 37307K [0x00000000d5580000, 0x00000000d9480000, 0x0000000100000000)
  eden space 49152K, 60% used [0x00000000d5580000,0x00000000d72742e8,0x00000000d8580000)
  from space 7680K, 99% used [0x00000000d8580000,0x00000000d8cfab90,0x00000000d8d00000)
  to   space 7680K, 0% used [0x00000000d8d00000,0x00000000d8d00000,0x00000000d9480000)
 ParOldGen       total 130048K, used 1330K [0x0000000080000000, 0x0000000087f00000, 0x00000000d5580000)
  object space 130048K, 1% used [0x0000000080000000,0x000000008014ca78,0x0000000087f00000)
 Metaspace       used 18739K, capacity 19394K, committed 19584K, reserved 1067008K
  class space    used 2640K, capacity 2833K, committed 2944K, reserved 1048576K

Card table byte_map: [0x0000000012620000,0x0000000012a30000] byte_map_base: 0x0000000012220000

Marking Bits: (ParMarkBitMap*) 0x0000000069070860
 Begin Bits: [0x00000000134e0000, 0x00000000154e0000)
 End Bits:   [0x00000000154e0000, 0x00000000174e0000)

Polling page: 0x0000000002f00000

CodeCache: size=245760Kb used=5826Kb max_used=5826Kb free=239933Kb
 bounds [0x0000000003260000, 0x0000000003820000, 0x0000000012260000]
 total_blobs=2116 nmethods=1706 adapters=322
 compilation: enabled

Compilation events (10 events):
Event: 3.107 Thread 0x000000001a204800 1697       1       java.util.Collections$EmptyMap::get (2 bytes)
Event: 3.107 Thread 0x000000001a204800 nmethod 1697 0x000000000380b190 code [0x000000000380b2e0, 0x000000000380b3f0]
Event: 3.107 Thread 0x000000001a204800 1698       3       sun.misc.ProxyGenerator$ConstantPool::getMethodRef (33 bytes)
Event: 3.107 Thread 0x000000001a1f9000 nmethod 1679 0x000000000380b450 code [0x000000000380b620, 0x000000000380cba8]
Event: 3.107 Thread 0x000000001a1f9000 1691       4       java.lang.Character::toLowerCase (6 bytes)
Event: 3.108 Thread 0x000000001a204800 nmethod 1698 0x0000000003808dd0 code [0x0000000003809060, 0x0000000003809e08]
Event: 3.108 Thread 0x000000001a204800 1699  s    3       java.lang.reflect.Executable::declaredAnnotations (59 bytes)
Event: 3.108 Thread 0x000000001a204800 nmethod 1699 0x0000000003808010 code [0x0000000003808200, 0x0000000003808ac8]
Event: 3.108 Thread 0x000000001a204800 1701       3       org.gradle.internal.reflect.PropertyAccessorType::of (95 bytes)
Event: 3.108 Thread 0x000000001a1f9000 nmethod 1691 0x0000000003807c50 code [0x0000000003807d80, 0x0000000003807e58]

GC Heap History (6 events):
Event: 1.001 GC heap before
{Heap before GC invocations=1 (full 0):
 PSYoungGen      total 56832K, used 49152K [0x00000000d5580000, 0x00000000d9480000, 0x0000000100000000)
  eden space 49152K, 100% used [0x00000000d5580000,0x00000000d8580000,0x00000000d8580000)
  from space 7680K, 0% used [0x00000000d8d00000,0x00000000d8d00000,0x00000000d9480000)
  to   space 7680K, 0% used [0x00000000d8580000,0x00000000d8580000,0x00000000d8d00000)
 ParOldGen       total 130048K, used 0K [0x0000000080000000, 0x0000000087f00000, 0x00000000d5580000)
  object space 130048K, 0% used [0x0000000080000000,0x0000000080000000,0x0000000087f00000)
 Metaspace       used 7169K, capacity 7418K, committed 7680K, reserved 1056768K
  class space    used 909K, capacity 1005K, committed 1024K, reserved 1048576K
Event: 1.006 GC heap after
Heap after GC invocations=1 (full 0):
 PSYoungGen      total 56832K, used 4794K [0x00000000d5580000, 0x00000000d9480000, 0x0000000100000000)
  eden space 49152K, 0% used [0x00000000d5580000,0x00000000d5580000,0x00000000d8580000)
  from space 7680K, 62% used [0x00000000d8580000,0x00000000d8a2ea30,0x00000000d8d00000)
  to   space 7680K, 0% used [0x00000000d8d00000,0x00000000d8d00000,0x00000000d9480000)
 ParOldGen       total 130048K, used 16K [0x0000000080000000, 0x0000000087f00000, 0x00000000d5580000)
  object space 130048K, 0% used [0x0000000080000000,0x0000000080004000,0x0000000087f00000)
 Metaspace       used 7169K, capacity 7418K, committed 7680K, reserved 1056768K
  class space    used 909K, capacity 1005K, committed 1024K, reserved 1048576K
}
Event: 2.136 GC heap before
{Heap before GC invocations=2 (full 0):
 PSYoungGen      total 56832K, used 53946K [0x00000000d5580000, 0x00000000d9480000, 0x0000000100000000)
  eden space 49152K, 100% used [0x00000000d5580000,0x00000000d8580000,0x00000000d8580000)
  from space 7680K, 62% used [0x00000000d8580000,0x00000000d8a2ea30,0x00000000d8d00000)
  to   space 7680K, 0% used [0x00000000d8d00000,0x00000000d8d00000,0x00000000d9480000)
 ParOldGen       total 130048K, used 16K [0x0000000080000000, 0x0000000087f00000, 0x00000000d5580000)
  object space 130048K, 0% used [0x0000000080000000,0x0000000080004000,0x0000000087f00000)
 Metaspace       used 12063K, capacity 12434K, committed 12544K, reserved 1060864K
  class space    used 1651K, capacity 1787K, committed 1792K, reserved 1048576K
Event: 2.142 GC heap after
Heap after GC invocations=2 (full 0):
 PSYoungGen      total 56832K, used 6737K [0x00000000d5580000, 0x00000000d9480000, 0x0000000100000000)
  eden space 49152K, 0% used [0x00000000d5580000,0x00000000d5580000,0x00000000d8580000)
  from space 7680K, 87% used [0x00000000d8d00000,0x00000000d93945f8,0x00000000d9480000)
  to   space 7680K, 0% used [0x00000000d8580000,0x00000000d8580000,0x00000000d8d00000)
 ParOldGen       total 130048K, used 24K [0x0000000080000000, 0x0000000087f00000, 0x00000000d5580000)
  object space 130048K, 0% used [0x0000000080000000,0x0000000080006000,0x0000000087f00000)
 Metaspace       used 12063K, capacity 12434K, committed 12544K, reserved 1060864K
  class space    used 1651K, capacity 1787K, committed 1792K, reserved 1048576K
}
Event: 2.793 GC heap before
{Heap before GC invocations=3 (full 0):
 PSYoungGen      total 56832K, used 55889K [0x00000000d5580000, 0x00000000d9480000, 0x0000000100000000)
  eden space 49152K, 100% used [0x00000000d5580000,0x00000000d8580000,0x00000000d8580000)
  from space 7680K, 87% used [0x00000000d8d00000,0x00000000d93945f8,0x00000000d9480000)
  to   space 7680K, 0% used [0x00000000d8580000,0x00000000d8580000,0x00000000d8d00000)
 ParOldGen       total 130048K, used 24K [0x0000000080000000, 0x0000000087f00000, 0x00000000d5580000)
  object space 130048K, 0% used [0x0000000080000000,0x0000000080006000,0x0000000087f00000)
 Metaspace       used 16575K, capacity 17138K, committed 17280K, reserved 1064960K
  class space    used 2279K, capacity 2429K, committed 2432K, reserved 1048576K
Event: 2.801 GC heap after
Heap after GC invocations=3 (full 0):
 PSYoungGen      total 56832K, used 7658K [0x00000000d5580000, 0x00000000d9480000, 0x0000000100000000)
  eden space 49152K, 0% used [0x00000000d5580000,0x00000000d5580000,0x00000000d8580000)
  from space 7680K, 99% used [0x00000000d8580000,0x00000000d8cfab90,0x00000000d8d00000)
  to   space 7680K, 0% used [0x00000000d8d00000,0x00000000d8d00000,0x00000000d9480000)
 ParOldGen       total 130048K, used 1330K [0x0000000080000000, 0x0000000087f00000, 0x00000000d5580000)
  object space 130048K, 1% used [0x0000000080000000,0x000000008014ca78,0x0000000087f00000)
 Metaspace       used 16575K, capacity 17138K, committed 17280K, reserved 1064960K
  class space    used 2279K, capacity 2429K, committed 2432K, reserved 1048576K
}

Deoptimization events (10 events):
Event: 2.458 Thread 0x000000001b0b0000 Uncommon trap: reason=class_check action=maybe_recompile pc=0x000000000341d3cc method=java.util.regex.Matcher.match(II)Z @ 86
Event: 2.597 Thread 0x000000001b0b0000 Uncommon trap: reason=unstable_if action=reinterpret pc=0x000000000357559c method=java.io.File.getName()Ljava/lang/String; @ 16
Event: 2.597 Thread 0x000000001b0b0000 Uncommon trap: reason=unstable_if action=reinterpret pc=0x0000000003577b94 method=java.lang.String.substring(I)Ljava/lang/String; @ 35
Event: 2.882 Thread 0x000000001b0b0000 Uncommon trap: reason=unstable_if action=reinterpret pc=0x00000000035d2df0 method=java.util.LinkedHashMap.afterNodeInsertion(Z)V @ 1
Event: 2.883 Thread 0x000000001b0b0000 Uncommon trap: reason=unstable_if action=reinterpret pc=0x00000000034aac04 method=java.util.HashMap.getNode(ILjava/lang/Object;)Ljava/util/HashMap$Node; @ 129
Event: 2.883 Thread 0x000000001b0b0000 Uncommon trap: reason=bimorphic action=maybe_recompile pc=0x000000000371d8f8 method=java.util.HashMap.putVal(ILjava/lang/Object;Ljava/lang/Object;ZZ)Ljava/lang/Object; @ 203
Event: 2.885 Thread 0x000000001b0b0000 Uncommon trap: reason=unstable_if action=reinterpret pc=0x000000000349cf90 method=java.util.HashMap.getNode(ILjava/lang/Object;)Ljava/util/HashMap$Node; @ 129
Event: 2.885 Thread 0x000000001b0b0000 Uncommon trap: reason=bimorphic action=maybe_recompile pc=0x000000000371d8f8 method=java.util.HashMap.putVal(ILjava/lang/Object;Ljava/lang/Object;ZZ)Ljava/lang/Object; @ 203
Event: 2.885 Thread 0x000000001b0b0000 Uncommon trap: reason=bimorphic action=maybe_recompile pc=0x0000000003716a94 method=java.util.HashMap.putVal(ILjava/lang/Object;Ljava/lang/Object;ZZ)Ljava/lang/Object; @ 203
Event: 2.998 Thread 0x000000001b0b0000 Uncommon trap: reason=unstable_if action=reinterpret pc=0x000000000374508c method=java.util.jar.Attributes$Name.isDigit(C)Z @ 3

Classes redefined (0 events):
No events

Internal exceptions (10 events):
Event: 2.104 Thread 0x000000001c963000 Exception <a 'java/lang/NoSuchMethodError': <clinit>> (0x00000000d83b9538) thrown at [C:\re\workspace\8-2-build-windows-amd64-cygwin\jdk8u162\10278\hotspot\src\share\vm\prims\jni.cpp, line 1613]
Event: 2.106 Thread 0x000000001c963000 Exception <a 'java/lang/NoSuchMethodError': <clinit>> (0x00000000d83ce0f8) thrown at [C:\re\workspace\8-2-build-windows-amd64-cygwin\jdk8u162\10278\hotspot\src\share\vm\prims\jni.cpp, line 1613]
Event: 2.114 Thread 0x000000001c963000 Exception <a 'java/lang/NoSuchMethodError': <clinit>> (0x00000000d8440cb0) thrown at [C:\re\workspace\8-2-build-windows-amd64-cygwin\jdk8u162\10278\hotspot\src\share\vm\prims\jni.cpp, line 1613]
Event: 2.120 Thread 0x000000001c963000 Exception <a 'java/lang/NoSuchMethodError': <clinit>> (0x00000000d847bbf0) thrown at [C:\re\workspace\8-2-build-windows-amd64-cygwin\jdk8u162\10278\hotspot\src\share\vm\prims\jni.cpp, line 1613]
Event: 2.125 Thread 0x000000001c963000 Exception <a 'java/lang/NoSuchMethodError': <clinit>> (0x00000000d84b2fd0) thrown at [C:\re\workspace\8-2-build-windows-amd64-cygwin\jdk8u162\10278\hotspot\src\share\vm\prims\jni.cpp, line 1613]
Event: 2.126 Thread 0x000000001c963000 Exception <a 'java/lang/NoSuchMethodError': <clinit>> (0x00000000d84bfa10) thrown at [C:\re\workspace\8-2-build-windows-amd64-cygwin\jdk8u162\10278\hotspot\src\share\vm\prims\jni.cpp, line 1613]
Event: 2.660 Thread 0x000000001b0b0000 Exception <a 'java/lang/NoSuchMethodError': java.lang.Object.lambda$and$0(Ljava/util/function/Predicate;Ljava/lang/Object;)Z> (0x00000000d7b46588) thrown at [C:\re\workspace\8-2-build-windows-amd64-cygwin\jdk8u162\10278\hotspot\src\share\vm\interpreter\li
Event: 2.671 Thread 0x000000001b0b0000 Exception <a 'java/lang/IncompatibleClassChangeError': Found class java.lang.Object, but interface was expected> (0x00000000d7b56878) thrown at [C:\re\workspace\8-2-build-windows-amd64-cygwin\jdk8u162\10278\hotspot\src\share\vm\interpreter\linkResolver.cp
Event: 2.675 Thread 0x000000001b0b0000 Exception <a 'java/lang/NoSuchMethodError': java.lang.Object.lambda$or$2(Ljava/util/function/Predicate;Ljava/lang/Object;)Z> (0x00000000d7b5b3c8) thrown at [C:\re\workspace\8-2-build-windows-amd64-cygwin\jdk8u162\10278\hotspot\src\share\vm\interpreter\lin
Event: 2.921 Thread 0x000000001b0b0000 Exception <a 'java/lang/NoSuchMethodError': java.lang.Object.lambda$static$0(Lorg/gradle/internal/state/ModelObject;)Ljava/lang/String;> (0x00000000d63c2730) thrown at [C:\re\workspace\8-2-build-windows-amd64-cygwin\jdk8u162\10278\hotspot\src\share\vm\int

Events (10 events):
Event: 3.102 loading class org/gradle/execution/taskgraph/TaskExecutionGraphInternal
Event: 3.102 loading class org/gradle/execution/taskgraph/TaskExecutionGraphInternal done
Event: 3.103 loading class org/gradle/api/plugins/PluginContainer
Event: 3.103 loading class org/gradle/api/plugins/PluginContainer done
Event: 3.103 loading class org/gradle/api/plugins/PluginCollection
Event: 3.103 loading class org/gradle/api/plugins/PluginCollection done
Event: 3.104 loading class org/gradle/configuration/ConfigurationTargetIdentifier
Event: 3.104 loading class org/gradle/configuration/ConfigurationTargetIdentifier done
Event: 3.109 loading class javax/annotation/Nullable
Event: 3.109 loading class javax/annotation/Nullable done


Dynamic libraries:
0x00007ff635050000 - 0x00007ff635087000 	C:\Program Files\Java\jdk1.8.0_162\bin\java.exe
0x00007fffba0c0000 - 0x00007fffba2b0000 	C:\WINDOWS\SYSTEM32\ntdll.dll
0x00007fffb8ac0000 - 0x00007fffb8b72000 	C:\WINDOWS\System32\KERNEL32.DLL
0x00007fffb70f0000 - 0x00007fffb7395000 	C:\WINDOWS\System32\KERNELBASE.dll
0x00007fffb8170000 - 0x00007fffb8213000 	C:\WINDOWS\System32\ADVAPI32.dll
0x00007fffb9e80000 - 0x00007fffb9f1e000 	C:\WINDOWS\System32\msvcrt.dll
0x00007fffb8c70000 - 0x00007fffb8d07000 	C:\WINDOWS\System32\sechost.dll
0x00007fffb83c0000 - 0x00007fffb84df000 	C:\WINDOWS\System32\RPCRT4.dll
0x00007fffb8220000 - 0x00007fffb83b4000 	C:\WINDOWS\System32\USER32.dll
0x00007fffb7de0000 - 0x00007fffb7e01000 	C:\WINDOWS\System32\win32u.dll
0x00007fffb8550000 - 0x00007fffb8576000 	C:\WINDOWS\System32\GDI32.dll
0x00007fffb7c40000 - 0x00007fffb7dd8000 	C:\WINDOWS\System32\gdi32full.dll
0x00007fffb73a0000 - 0x00007fffb743e000 	C:\WINDOWS\System32\msvcp_win.dll
0x00007fffb8070000 - 0x00007fffb816a000 	C:\WINDOWS\System32\ucrtbase.dll
0x00007fff97bb0000 - 0x00007fff97e34000 	C:\WINDOWS\WinSxS\amd64_microsoft.windows.common-controls_6595b64144ccf1df_6.0.18362.1379_none_9e7ff3b3e45cc0c4\COMCTL32.dll
0x00007fffb94d0000 - 0x00007fffb9807000 	C:\WINDOWS\System32\combase.dll
0x00007fffb7fe0000 - 0x00007fffb8061000 	C:\WINDOWS\System32\bcryptPrimitives.dll
0x00007fffb9810000 - 0x00007fffb983e000 	C:\WINDOWS\System32\IMM32.DLL
0x0000000068490000 - 0x0000000068561000 	C:\Program Files\Java\jdk1.8.0_162\jre\bin\msvcr100.dll
0x0000000068850000 - 0x00000000690f0000 	C:\Program Files\Java\jdk1.8.0_162\jre\bin\server\jvm.dll
0x00007fffb8c60000 - 0x00007fffb8c68000 	C:\WINDOWS\System32\PSAPI.DLL
0x00007fffaffd0000 - 0x00007fffafff4000 	C:\WINDOWS\SYSTEM32\WINMM.dll
0x00007fffadcf0000 - 0x00007fffadcfa000 	C:\WINDOWS\SYSTEM32\VERSION.dll
0x00007fff977d0000 - 0x00007fff977d9000 	C:\WINDOWS\SYSTEM32\WSOCK32.dll
0x00007fffb9d10000 - 0x00007fffb9d7f000 	C:\WINDOWS\System32\WS2_32.dll
0x00007fffaffa0000 - 0x00007fffaffcd000 	C:\WINDOWS\SYSTEM32\winmmbase.dll
0x00007fffb7440000 - 0x00007fffb748a000 	C:\WINDOWS\System32\cfgmgr32.dll
0x0000000069cc0000 - 0x0000000069ccf000 	C:\Program Files\Java\jdk1.8.0_162\jre\bin\verify.dll
0x0000000069c90000 - 0x0000000069cb9000 	C:\Program Files\Java\jdk1.8.0_162\jre\bin\java.dll
0x00000000693b0000 - 0x00000000693c6000 	C:\Program Files\Java\jdk1.8.0_162\jre\bin\zip.dll
0x00007fffb8d10000 - 0x00007fffb93f8000 	C:\WINDOWS\System32\SHELL32.dll
0x00007fffb9860000 - 0x00007fffb9907000 	C:\WINDOWS\System32\shcore.dll
0x00007fffb74c0000 - 0x00007fffb7c3b000 	C:\WINDOWS\System32\windows.storage.dll
0x00007fffb6ff0000 - 0x00007fffb7013000 	C:\WINDOWS\System32\profapi.dll
0x00007fffb6fa0000 - 0x00007fffb6fea000 	C:\WINDOWS\System32\powrprof.dll
0x00007fffb6f70000 - 0x00007fffb6f80000 	C:\WINDOWS\System32\UMPDC.dll
0x00007fffb84e0000 - 0x00007fffb8532000 	C:\WINDOWS\System32\shlwapi.dll
0x00007fffb6f80000 - 0x00007fffb6f91000 	C:\WINDOWS\System32\kernel.appcore.dll
0x00007fffb7e70000 - 0x00007fffb7e87000 	C:\WINDOWS\System32\cryptsp.dll
0x0000000069390000 - 0x00000000693aa000 	C:\Program Files\Java\jdk1.8.0_162\jre\bin\net.dll
0x00007fffb67b0000 - 0x00007fffb6817000 	C:\WINDOWS\system32\mswsock.dll
0x0000000069370000 - 0x0000000069381000 	C:\Program Files\Java\jdk1.8.0_162\jre\bin\nio.dll
0x00007fff9cdc0000 - 0x00007fff9cde7000 	C:\Users\hp\.gradle\native\f6784746aeab05261644944871eae4fe03e0ef1612fff0a4a95f87b438bc6780\windows-amd64\native-platform.dll
0x0000000069360000 - 0x000000006936d000 	C:\Program Files\Java\jdk1.8.0_162\jre\bin\management.dll
0x00007fffb6330000 - 0x00007fffb6363000 	C:\WINDOWS\system32\rsaenh.dll
0x00007fffb7490000 - 0x00007fffb74b6000 	C:\WINDOWS\System32\bcrypt.dll
0x00007fffb6e90000 - 0x00007fffb6eb5000 	C:\WINDOWS\SYSTEM32\USERENV.dll
0x00007fffb6980000 - 0x00007fffb698c000 	C:\WINDOWS\SYSTEM32\CRYPTBASE.dll
0x00007fffb64c0000 - 0x00007fffb64fa000 	C:\WINDOWS\SYSTEM32\IPHLPAPI.DLL
0x00007fffb8540000 - 0x00007fffb8548000 	C:\WINDOWS\System32\NSI.dll
0x00007fffb02f0000 - 0x00007fffb0306000 	C:\WINDOWS\SYSTEM32\dhcpcsvc6.DLL
0x00007fffb02d0000 - 0x00007fffb02ec000 	C:\WINDOWS\SYSTEM32\dhcpcsvc.DLL
0x00007fffb6500000 - 0x00007fffb65cb000 	C:\WINDOWS\SYSTEM32\DNSAPI.dll
0x00007fffaff80000 - 0x00007fffaff8b000 	C:\WINDOWS\SYSTEM32\WINNSI.DLL

VM Arguments:
jvm_args: -Xmx2048m -Dfile.encoding=UTF-8 -Duser.country=US -Duser.language=en -Duser.variant 
java_command: org.gradle.launcher.daemon.bootstrap.GradleDaemon 6.5
java_class_path (initial): C:\Users\hp\.gradle\wrapper\dists\gradle-6.5-bin\6nifqtx7604sqp1q6g8wikw7p\gradle-6.5\lib\gradle-launcher-6.5.jar
Launcher Type: SUN_STANDARD

Environment Variables:
PATH=C:\Program Files (x86)\Common Files\Oracle\Java\javapath;C:\ProgramData\Oracle\Java\javapath;C:\Program Files (x86)\Intel\Intel(R) Management Engine Components\iCLS\;C:\Program Files\Intel\Intel(R) Management Engine Components\iCLS\;C:\WINDOWS\system32;C:\WINDOWS;C:\WINDOWS\System32\Wbem;C:\WINDOWS\System32\WindowsPowerShell\v1.0\;C:\WINDOWS\System32\OpenSSH\;C:\Program Files (x86)\Intel\Intel(R) Management Engine Components\DAL;C:\Program Files\Intel\Intel(R) Management Engine Components\DAL;C:\Program Files\Intel\WiFi\bin\;C:\Program Files\Common Files\Intel\WirelessCommon\;C:\Program Files\Git\cmd;C:\HashiCorp\Vagrant\bin;C:\Program Files\PuTTY\;C:\php;C:\ProgramData\ComposerSetup\bin;C:\Users\hp\AppData\Local\Microsoft\WindowsApps;C:\Users\hp\AppData\Roaming\Composer\vendor\bin;
USERNAME=hp
OS=Windows_NT
PROCESSOR_IDENTIFIER=Intel64 Family 6 Model 142 Stepping 12, GenuineIntel



---------------  S Y S T E M  ---------------

OS: Windows 10.0 , 64 bit Build 18362 (10.0.18362.1350)

CPU:total 8 (initial active 8) (4 cores per cpu, 2 threads per core) family 6 model 142 stepping 12, cmov, cx8, fxsr, mmx, sse, sse2, sse3, ssse3, sse4.1, sse4.2, popcnt, avx, avx2, aes, clmul, erms, 3dnowpref, lzcnt, ht, tsc, tscinvbit, bmi1, bmi2, adx

Memory: 4k page, physical 12367604k(210320k free), swap 43463280k(6388k free)

vm_info: Java HotSpot(TM) 64-Bit Server VM (25.162-b12) for windows-amd64 JRE (1.8.0_162-b12), built on Dec 19 2017 20:00:03 by "java_re" with MS VC++ 10.0 (VS2010)

time: Wed Mar 10 18:43:25 2021
elapsed time: 3 seconds (0d 0h 0m 3s)

