#
# There is insufficient memory for the Java Runtime Environment to continue.
# Native memory allocation (malloc) failed to allocate 1086256 bytes for Chunk::new
# Possible reasons:
#   The system is out of physical RAM or swap space
#   In 32 bit mode, the process size limit was hit
# Possible solutions:
#   Reduce memory load on the system
#   Increase physical memory or swap space
#   Check if swap backing store is full
#   Use 64 bit Java on a 64 bit OS
#   Decrease Java heap size (-Xmx/-Xms)
#   Decrease number of Java threads
#   Decrease Java thread stack sizes (-Xss)
#   Set larger code cache with -XX:ReservedCodeCacheSize=
# This output file may be truncated or incomplete.
#
#  Out of Memory Error (allocation.cpp:390), pid=14140, tid=0x00000000000012f8
#
# JRE version: Java(TM) SE Runtime Environment (8.0_162-b12) (build 1.8.0_162-b12)
# Java VM: Java HotSpot(TM) 64-Bit Server VM (25.162-b12 mixed mode windows-amd64 compressed oops)
# Failed to write core dump. Minidumps are not enabled by default on client versions of Windows
#

---------------  T H R E A D  ---------------

Current thread (0x0000000019cb2800):  JavaThread "C2 CompilerThread1" daemon [_thread_in_native, id=4856, stack(0x000000001a580000,0x000000001a680000)]

Stack: [0x000000001a580000,0x000000001a680000]
[error occurred during error reporting (printing stack bounds), id 0xc0000005]

Native frames: (J=compiled Java code, j=interpreted, Vv=VM code, C=native code)


Current CompileTask:
C2:   5441 4055   !   4       java.util.jar.Attributes::read (380 bytes)


---------------  P R O C E S S  ---------------

Java Threads: ( => current thread )
  0x000000001f64e800 JavaThread "pool-1-thread-1" [_thread_blocked, id=18940, stack(0x000000002b180000,0x000000002b280000)]
  0x000000001f64d000 JavaThread "Cache worker for Build Output Cleanup Cache (C:\Users\hp\AndroidStudioProjects\emaishaPay\.gradle\buildOutputCleanup)" [_thread_blocked, id=28352, stack(0x000000002ae80000,0x000000002af80000)]
  0x000000001f64a000 JavaThread "jar transforms Thread 95" [_thread_blocked, id=21744, stack(0x000000002ab80000,0x000000002ac80000)]
  0x000000001f649000 JavaThread "jar transforms Thread 94" [_thread_blocked, id=30796, stack(0x000000002aa80000,0x000000002ab80000)]
  0x000000001f64c000 JavaThread "jar transforms Thread 93" [_thread_blocked, id=30928, stack(0x000000002a980000,0x000000002aa80000)]
  0x000000001f64d800 JavaThread "jar transforms Thread 92" [_thread_blocked, id=30908, stack(0x000000002a880000,0x000000002a980000)]
  0x0000000023693800 JavaThread "jar transforms Thread 91" [_thread_blocked, id=4320, stack(0x000000002a780000,0x000000002a880000)]
  0x0000000023693000 JavaThread "jar transforms Thread 90" [_thread_blocked, id=31332, stack(0x000000002a680000,0x000000002a780000)]
  0x0000000023692000 JavaThread "jar transforms Thread 89" [_thread_blocked, id=19352, stack(0x000000002a580000,0x000000002a680000)]
  0x0000000023690800 JavaThread "jar transforms Thread 88" [_thread_blocked, id=31348, stack(0x000000002a480000,0x000000002a580000)]
  0x0000000023690000 JavaThread "jar transforms Thread 87" [_thread_blocked, id=3148, stack(0x000000002a380000,0x000000002a480000)]
  0x0000000023691800 JavaThread "jar transforms Thread 86" [_thread_blocked, id=27468, stack(0x000000002a280000,0x000000002a380000)]
  0x000000002368f000 JavaThread "jar transforms Thread 85" [_thread_blocked, id=31172, stack(0x000000002a180000,0x000000002a280000)]
  0x000000002368e800 JavaThread "jar transforms Thread 84" [_thread_blocked, id=27128, stack(0x000000002a080000,0x000000002a180000)]
  0x0000000023694800 JavaThread "jar transforms Thread 83" [_thread_blocked, id=22128, stack(0x0000000029f80000,0x000000002a080000)]
  0x0000000023687000 JavaThread "jar transforms Thread 82" [_thread_blocked, id=19808, stack(0x0000000029e80000,0x0000000029f80000)]
  0x000000002368d800 JavaThread "jar transforms Thread 81" [_thread_blocked, id=876, stack(0x0000000029d80000,0x0000000029e80000)]
  0x000000002368b800 JavaThread "jar transforms Thread 80" [_thread_blocked, id=6536, stack(0x0000000029c80000,0x0000000029d80000)]
  0x0000000023689000 JavaThread "jar transforms Thread 79" [_thread_blocked, id=30064, stack(0x0000000029b80000,0x0000000029c80000)]
  0x0000000023686000 JavaThread "jar transforms Thread 78" [_thread_blocked, id=27236, stack(0x0000000029a80000,0x0000000029b80000)]
  0x000000002368a000 JavaThread "jar transforms Thread 77" [_thread_blocked, id=9188, stack(0x0000000029980000,0x0000000029a80000)]
  0x0000000023687800 JavaThread "jar transforms Thread 76" [_thread_blocked, id=30992, stack(0x0000000029880000,0x0000000029980000)]
  0x0000000023688800 JavaThread "jar transforms Thread 75" [_thread_blocked, id=31388, stack(0x0000000029780000,0x0000000029880000)]
  0x000000002368d000 JavaThread "jar transforms Thread 74" [_thread_blocked, id=24268, stack(0x0000000029680000,0x0000000029780000)]
  0x0000000023685800 JavaThread "jar transforms Thread 73" [_thread_blocked, id=23544, stack(0x0000000029580000,0x0000000029680000)]
  0x000000002368a800 JavaThread "jar transforms Thread 72" [_thread_blocked, id=31540, stack(0x0000000029480000,0x0000000029580000)]
  0x000000002368c000 JavaThread "jar transforms Thread 71" [_thread_blocked, id=504, stack(0x0000000029380000,0x0000000029480000)]
  0x000000001cdc2800 JavaThread "jar transforms Thread 70" [_thread_blocked, id=30460, stack(0x0000000029280000,0x0000000029380000)]
  0x000000001cdc9800 JavaThread "jar transforms Thread 69" [_thread_blocked, id=29040, stack(0x0000000029180000,0x0000000029280000)]
  0x000000001cdc7000 JavaThread "jar transforms Thread 68" [_thread_blocked, id=11272, stack(0x0000000029080000,0x0000000029180000)]
  0x000000001cdc5800 JavaThread "jar transforms Thread 67" [_thread_blocked, id=28936, stack(0x0000000028f80000,0x0000000029080000)]
  0x000000001cdc5000 JavaThread "jar transforms Thread 66" [_thread_blocked, id=31088, stack(0x0000000028e80000,0x0000000028f80000)]
  0x000000001cdc4000 JavaThread "jar transforms Thread 65" [_thread_blocked, id=28928, stack(0x0000000028d80000,0x0000000028e80000)]
  0x000000001cdc8000 JavaThread "jar transforms Thread 64" [_thread_blocked, id=21244, stack(0x0000000028c80000,0x0000000028d80000)]
  0x000000001cdc6800 JavaThread "jar transforms Thread 63" [_thread_blocked, id=9136, stack(0x0000000028b80000,0x0000000028c80000)]
  0x000000001cdc8800 JavaThread "jar transforms Thread 62" [_thread_blocked, id=7592, stack(0x0000000028a80000,0x0000000028b80000)]
  0x000000001cdc3800 JavaThread "jar transforms Thread 61" [_thread_blocked, id=23404, stack(0x0000000028980000,0x0000000028a80000)]
  0x000000001cdbb000 JavaThread "jar transforms Thread 60" [_thread_blocked, id=20020, stack(0x0000000028880000,0x0000000028980000)]
  0x000000001cdc2000 JavaThread "jar transforms Thread 59" [_thread_blocked, id=24412, stack(0x0000000028780000,0x0000000028880000)]
  0x000000001cdba800 JavaThread "jar transforms Thread 58" [_thread_blocked, id=30932, stack(0x0000000028680000,0x0000000028780000)]
  0x000000001cdc0800 JavaThread "jar transforms Thread 57" [_thread_blocked, id=31188, stack(0x0000000028580000,0x0000000028680000)]
  0x000000001cdbc000 JavaThread "jar transforms Thread 56" [_thread_blocked, id=24868, stack(0x0000000028480000,0x0000000028580000)]
  0x000000001cdbf800 JavaThread "jar transforms Thread 55" [_thread_blocked, id=28560, stack(0x0000000028380000,0x0000000028480000)]
  0x000000001cdbd800 JavaThread "jar transforms Thread 54" [_thread_blocked, id=31048, stack(0x0000000028280000,0x0000000028380000)]
  0x000000001cdbc800 JavaThread "jar transforms Thread 53" [_thread_blocked, id=7900, stack(0x0000000028180000,0x0000000028280000)]
  0x000000001cdbf000 JavaThread "jar transforms Thread 52" [_thread_blocked, id=7084, stack(0x0000000028080000,0x0000000028180000)]
  0x000000001cdc1000 JavaThread "jar transforms Thread 51" [_thread_blocked, id=23100, stack(0x0000000027f80000,0x0000000028080000)]
  0x000000001cdbe000 JavaThread "jar transforms Thread 50" [_thread_blocked, id=31224, stack(0x0000000027e80000,0x0000000027f80000)]
  0x000000001f19d000 JavaThread "jar transforms Thread 49" [_thread_blocked, id=24792, stack(0x0000000027d80000,0x0000000027e80000)]
  0x000000001f19b800 JavaThread "jar transforms Thread 48" [_thread_blocked, id=27140, stack(0x0000000027c80000,0x0000000027d80000)]
  0x000000001f19f800 JavaThread "jar transforms Thread 47" [_thread_blocked, id=1504, stack(0x0000000027b80000,0x0000000027c80000)]
  0x000000001f19e800 JavaThread "jar transforms Thread 46" [_thread_blocked, id=25640, stack(0x0000000027a80000,0x0000000027b80000)]
  0x000000001f19b000 JavaThread "jar transforms Thread 45" [_thread_blocked, id=29380, stack(0x0000000027980000,0x0000000027a80000)]
  0x000000001f1a0000 JavaThread "jar transforms Thread 44" [_thread_blocked, id=18828, stack(0x0000000027880000,0x0000000027980000)]
  0x000000001f1a1000 JavaThread "jar transforms Thread 43" [_thread_blocked, id=21980, stack(0x0000000027780000,0x0000000027880000)]
  0x000000001f19a000 JavaThread "jar transforms Thread 42" [_thread_blocked, id=3348, stack(0x0000000027680000,0x0000000027780000)]
  0x000000001f19e000 JavaThread "jar transforms Thread 41" [_thread_blocked, id=31372, stack(0x0000000027580000,0x0000000027680000)]
  0x000000001f19c800 JavaThread "jar transforms Thread 40" [_thread_blocked, id=28276, stack(0x0000000027480000,0x0000000027580000)]
  0x000000001f193800 JavaThread "jar transforms Thread 39" [_thread_blocked, id=24408, stack(0x0000000027380000,0x0000000027480000)]
  0x000000001f192800 JavaThread "jar transforms Thread 38" [_thread_blocked, id=31292, stack(0x0000000027280000,0x0000000027380000)]
  0x000000001f199800 JavaThread "jar transforms Thread 37" [_thread_blocked, id=24376, stack(0x0000000027180000,0x0000000027280000)]
  0x000000001f192000 JavaThread "jar transforms Thread 36" [_thread_blocked, id=20560, stack(0x0000000027080000,0x0000000027180000)]
  0x000000001f198800 JavaThread "jar transforms Thread 35" [_thread_blocked, id=21172, stack(0x0000000026f80000,0x0000000027080000)]
  0x000000001f196800 JavaThread "jar transforms Thread 34" [_thread_blocked, id=13856, stack(0x0000000026e80000,0x0000000026f80000)]
  0x000000001f195800 JavaThread "jar transforms Thread 33" [_thread_blocked, id=22440, stack(0x0000000026d80000,0x0000000026e80000)]
  0x000000001f198000 JavaThread "jar transforms Thread 32" [_thread_blocked, id=31608, stack(0x0000000026c80000,0x0000000026d80000)]
  0x000000001f195000 JavaThread "jar transforms Thread 31" [_thread_blocked, id=25480, stack(0x0000000026b80000,0x0000000026c80000)]
  0x000000001f197000 JavaThread "jar transforms Thread 30" [_thread_blocked, id=12076, stack(0x0000000026a80000,0x0000000026b80000)]
  0x000000001f194000 JavaThread "jar transforms Thread 29" [_thread_blocked, id=21808, stack(0x0000000026980000,0x0000000026a80000)]
  0x000000002354f000 JavaThread "jar transforms Thread 28" [_thread_blocked, id=11324, stack(0x0000000026880000,0x0000000026980000)]
  0x000000002354e800 JavaThread "jar transforms Thread 27" [_thread_blocked, id=12364, stack(0x0000000026780000,0x0000000026880000)]
  0x000000002354d800 JavaThread "jar transforms Thread 26" [_thread_blocked, id=29384, stack(0x0000000026680000,0x0000000026780000)]
  0x000000002354d000 JavaThread "jar transforms Thread 25" [_thread_blocked, id=22388, stack(0x0000000026580000,0x0000000026680000)]
  0x000000002354c000 JavaThread "jar transforms Thread 24" [_thread_blocked, id=22376, stack(0x0000000026480000,0x0000000026580000)]
  0x0000000023550000 JavaThread "jar transforms Thread 23" [_thread_blocked, id=7832, stack(0x0000000026380000,0x0000000026480000)]
  0x0000000023551800 JavaThread "jar transforms Thread 22" [_thread_blocked, id=28060, stack(0x0000000026280000,0x0000000026380000)]
  0x0000000023550800 JavaThread "jar transforms Thread 21" [_thread_blocked, id=31504, stack(0x0000000026180000,0x0000000026280000)]
  0x0000000023544800 JavaThread "jar transforms Thread 20" [_thread_blocked, id=31708, stack(0x0000000026080000,0x0000000026180000)]
  0x000000002354b800 JavaThread "jar transforms Thread 19" [_thread_blocked, id=29328, stack(0x0000000025f80000,0x0000000026080000)]
  0x0000000023544000 JavaThread "jar transforms Thread 18" [_thread_blocked, id=24188, stack(0x0000000025e80000,0x0000000025f80000)]
  0x000000002354a800 JavaThread "jar transforms Thread 17" [_thread_blocked, id=31312, stack(0x0000000025d80000,0x0000000025e80000)]
  0x0000000023548800 JavaThread "jar transforms Thread 16" [_thread_blocked, id=26820, stack(0x0000000025c80000,0x0000000025d80000)]
  0x0000000023547800 JavaThread "jar transforms Thread 15" [_thread_blocked, id=13464, stack(0x0000000025b80000,0x0000000025c80000)]
  0x0000000023547000 JavaThread "jar transforms Thread 14" [_thread_blocked, id=11192, stack(0x0000000025a80000,0x0000000025b80000)]
  0x0000000023545800 JavaThread "jar transforms Thread 13" [_thread_blocked, id=30200, stack(0x0000000025980000,0x0000000025a80000)]
  0x000000002354a000 JavaThread "jar transforms Thread 12" [_thread_blocked, id=30868, stack(0x0000000025880000,0x0000000025980000)]
  0x0000000023549000 JavaThread "jar transforms Thread 11" [_thread_blocked, id=30748, stack(0x0000000025780000,0x0000000025880000)]
  0x0000000023546000 JavaThread "jar transforms Thread 10" [_thread_blocked, id=30860, stack(0x0000000025680000,0x0000000025780000)]
  0x0000000023542800 JavaThread "jar transforms Thread 9" [_thread_blocked, id=30872, stack(0x0000000025580000,0x0000000025680000)]
  0x0000000023543000 JavaThread "jar transforms Thread 8" [_thread_blocked, id=8444, stack(0x0000000025480000,0x0000000025580000)]
  0x000000001c5f3000 JavaThread "jar transforms Thread 7" [_thread_blocked, id=13208, stack(0x0000000025380000,0x0000000025480000)]
  0x000000001c5f4000 JavaThread "jar transforms Thread 6" [_thread_blocked, id=31724, stack(0x0000000025280000,0x0000000025380000)]
  0x000000001c5f9800 JavaThread "jar transforms Thread 5" [_thread_blocked, id=21380, stack(0x0000000025180000,0x0000000025280000)]
  0x000000001c5f5800 JavaThread "jar transforms Thread 4" [_thread_blocked, id=30984, stack(0x0000000025080000,0x0000000025180000)]
  0x000000001c5f8800 JavaThread "jar transforms Thread 3" [_thread_blocked, id=31492, stack(0x0000000024f80000,0x0000000025080000)]
  0x000000001c5f1800 JavaThread "jar transforms Thread 2" [_thread_blocked, id=5240, stack(0x0000000024e80000,0x0000000024f80000)]
  0x000000001c5f8000 JavaThread "Build operations Thread 8" [_thread_blocked, id=30728, stack(0x0000000024c80000,0x0000000024d80000)]
  0x000000001c5f2800 JavaThread "Build operations Thread 7" [_thread_blocked, id=29348, stack(0x0000000024b80000,0x0000000024c80000)]
  0x000000001c5f7000 JavaThread "Build operations Thread 6" [_thread_blocked, id=25504, stack(0x0000000024a80000,0x0000000024b80000)]
  0x000000001c5f6800 JavaThread "Build operations Thread 5" [_thread_blocked, id=31260, stack(0x0000000024980000,0x0000000024a80000)]
  0x000000001c5f5000 JavaThread "Build operations Thread 4" [_thread_blocked, id=30752, stack(0x0000000024880000,0x0000000024980000)]
  0x000000001c5ea000 JavaThread "Build operations Thread 3" [_thread_blocked, id=9116, stack(0x0000000024780000,0x0000000024880000)]
  0x000000001c5f1000 JavaThread "Build operations Thread 2" [_thread_blocked, id=27752, stack(0x0000000024680000,0x0000000024780000)]
  0x000000001c5f0000 JavaThread "Build operations" [_thread_blocked, id=6676, stack(0x0000000024580000,0x0000000024680000)]
  0x000000001c5ef800 JavaThread "Cache worker for file content cache (C:\Users\hp\.gradle\caches\6.5\fileContent)" [_thread_blocked, id=31268, stack(0x00000000225d0000,0x00000000226d0000)]
  0x000000001c5ec800 JavaThread "jar transforms" [_thread_blocked, id=31712, stack(0x0000000021470000,0x0000000021570000)]
  0x000000001c5ee000 JavaThread "Cache worker for execution history cache (C:\Users\hp\.gradle\caches\6.5\executionHistory)" [_thread_blocked, id=30912, stack(0x0000000021370000,0x0000000021470000)]
  0x000000001c5eb800 JavaThread "Cache worker for cache directory md-rule (C:\Users\hp\.gradle\caches\6.5\md-rule)" [_thread_blocked, id=31512, stack(0x0000000021270000,0x0000000021370000)]
  0x000000001c5eb000 JavaThread "Cache worker for cache directory md-supplier (C:\Users\hp\.gradle\caches\6.5\md-supplier)" [_thread_blocked, id=17540, stack(0x0000000021170000,0x0000000021270000)]
  0x000000001c591800 JavaThread "Cache worker for checksums cache (C:\Users\hp\AndroidStudioProjects\emaishaPay\.gradle\checksums)" [_thread_blocked, id=23784, stack(0x0000000020e70000,0x0000000020f70000)]
  0x000000001c591000 JavaThread "Cache worker for file hash cache (C:\Users\hp\AndroidStudioProjects\emaishaPay\.gradle\6.5\fileHashes)" [_thread_blocked, id=20344, stack(0x000000001fb70000,0x000000001fc70000)]
  0x000000001c590000 JavaThread "Cache worker for file hash cache (C:\Users\hp\.gradle\caches\6.5\fileHashes)" [_thread_blocked, id=18728, stack(0x000000001eaa0000,0x000000001eba0000)]
  0x000000001c58f800 JavaThread "File lock request listener" [_thread_in_native, id=21952, stack(0x000000001e9a0000,0x000000001eaa0000)]
  0x000000001c592800 JavaThread "Cache worker for journal cache (C:\Users\hp\.gradle\caches\journal-1)" [_thread_blocked, id=30924, stack(0x000000001e8a0000,0x000000001e9a0000)]
  0x000000001ab6d000 JavaThread "Thread-9" [_thread_blocked, id=31116, stack(0x000000001e5a0000,0x000000001e6a0000)]
  0x000000001c53a800 JavaThread "Stdin handler" [_thread_blocked, id=2236, stack(0x000000001e4a0000,0x000000001e5a0000)]
  0x000000001c53a000 JavaThread "Asynchronous log dispatcher for DefaultDaemonConnection: socket connection from /127.0.0.1:58288 to /127.0.0.1:58289" [_thread_blocked, id=25604, stack(0x000000001e3a0000,0x000000001e4a0000)]
  0x000000001c4da800 JavaThread "Daemon worker" [_thread_in_vm, id=13020, stack(0x000000001e2a0000,0x000000001e3a0000)]
  0x000000001c4c6000 JavaThread "Cancel handler" [_thread_blocked, id=22848, stack(0x000000001e1a0000,0x000000001e2a0000)]
  0x000000001c716800 JavaThread "Handler for socket connection from /127.0.0.1:58288 to /127.0.0.1:58289" [_thread_in_native, id=1056, stack(0x000000001dea0000,0x000000001dfa0000)]
  0x000000001c713800 JavaThread "Daemon" [_thread_blocked, id=28076, stack(0x000000001dda0000,0x000000001dea0000)]
  0x000000001c523000 JavaThread "Daemon periodic checks" [_thread_blocked, id=23200, stack(0x000000001dca0000,0x000000001dda0000)]
  0x000000001c463000 JavaThread "Incoming local TCP Connector on port 58288" [_thread_in_native, id=31180, stack(0x000000001da60000,0x000000001db60000)]
  0x000000001c3fd000 JavaThread "Daemon health stats" [_thread_blocked, id=14268, stack(0x000000001d220000,0x000000001d320000)]
  0x0000000019d51800 JavaThread "Service Thread" daemon [_thread_blocked, id=15324, stack(0x000000001a880000,0x000000001a980000)]
  0x0000000017dad000 JavaThread "C1 CompilerThread3" daemon [_thread_in_native, id=19748, stack(0x000000001a780000,0x000000001a880000)]
  0x0000000019cb5800 JavaThread "C2 CompilerThread2" daemon [_thread_blocked, id=23152, stack(0x000000001a680000,0x000000001a780000)]
=>0x0000000019cb2800 JavaThread "C2 CompilerThread1" daemon [_thread_in_native, id=4856, stack(0x000000001a580000,0x000000001a680000)]
  0x0000000019cae000 JavaThread "C2 CompilerThread0" daemon [_thread_in_native, id=25104, stack(0x000000001a480000,0x000000001a580000)]
  0x0000000019cac800 JavaThread "Attach Listener" daemon [_thread_blocked, id=13588, stack(0x000000001a380000,0x000000001a480000)]
  0x0000000019cab000 JavaThread "Signal Dispatcher" daemon [_thread_blocked, id=30844, stack(0x000000001a280000,0x000000001a380000)]
  0x0000000002d2e800 JavaThread "Finalizer" daemon [_thread_blocked, id=30884, stack(0x000000001a080000,0x000000001a180000)]
  0x0000000002d27000 JavaThread "Reference Handler" daemon [_thread_blocked, id=30876, stack(0x0000000019b80000,0x0000000019c80000)]
  0x000000000129e000 JavaThread "main" [_thread_blocked, id=30756, stack(0x0000000002b30000,0x0000000002c30000)]

Other Threads:
  0x0000000017d99800 VMThread [stack: 0x0000000019a80000,0x0000000019b80000] [id=30880]
  0x0000000019d5a000 WatcherThread [stack: 0x000000001a980000,0x000000001aa80000] [id=24096]

VM state:not at safepoint (normal execution)

VM Mutex/Monitor currently owned by a thread: None

Heap:
 PSYoungGen      total 204288K, used 44504K [0x00000000d5580000, 0x00000000e5500000, 0x0000000100000000)
  eden space 193024K, 17% used [0x00000000d5580000,0x00000000d75fe128,0x00000000e1200000)
  from space 11264K, 99% used [0x00000000e2100000,0x00000000e2bf80b0,0x00000000e2c00000)
  to   space 15360K, 0% used [0x00000000e1200000,0x00000000e1200000,0x00000000e2100000)
 ParOldGen       total 115200K, used 19058K [0x0000000080000000, 0x0000000087080000, 0x00000000d5580000)
  object space 115200K, 16% used [0x0000000080000000,0x000000008129c828,0x0000000087080000)
 Metaspace       used 45613K, capacity 47486K, committed 47744K, reserved 1089536K
  class space    used 6328K, capacity 6712K, committed 6784K, reserved 1048576K

Card table byte_map: [0x00000000120f0000,0x0000000012500000] byte_map_base: 0x0000000011cf0000

Marking Bits: (ParMarkBitMap*) 0x0000000068950860
 Begin Bits: [0x0000000012fb0000, 0x0000000014fb0000)
 End Bits:   [0x0000000014fb0000, 0x0000000016fb0000)

Polling page: 0x0000000000d40000

CodeCache: size=245760Kb used=12259Kb max_used=13304Kb free=233500Kb
 bounds [0x0000000002d30000, 0x0000000003a40000, 0x0000000011d30000]
 total_blobs=4448 nmethods=3709 adapters=651
 compilation: enabled

Compilation events (10 events):
Event: 5.429 Thread 0x0000000019cae000 nmethod 4145 0x00000000030fbe50 code [0x00000000030fbfa0, 0x00000000030fc1f8]
Event: 5.429 Thread 0x0000000019cae000 4146       4       sun.security.provider.SHA2::implCompress (331 bytes)
Event: 5.437 Thread 0x0000000017dad000 4147       3       org.gradle.internal.service.DefaultServiceRegistry::find (28 bytes)
Event: 5.437 Thread 0x0000000019cae000 nmethod 4146 0x0000000003612b10 code [0x0000000003612c60, 0x0000000003613348]
Event: 5.437 Thread 0x0000000017dad000 nmethod 4147 0x00000000033045d0 code [0x0000000003304780, 0x0000000003304b28]
Event: 5.437 Thread 0x0000000017dad000 4148       3       org.gradle.internal.service.DefaultServiceRegistry::getService (13 bytes)
Event: 5.437 Thread 0x0000000019cae000 4128   !   4       java.lang.StringCoding$StringDecoder::decode (179 bytes)
Event: 5.437 Thread 0x0000000017dad000 nmethod 4148 0x00000000031b4750 code [0x00000000031b48c0, 0x00000000031b4a98]
Event: 5.440 Thread 0x0000000019cae000 nmethod 4128 0x000000000377d6d0 code [0x000000000377d840, 0x000000000377db98]
Event: 5.440 Thread 0x0000000019cae000 4126       4       java.lang.String::<init> (38 bytes)

GC Heap History (10 events):
Event: 2.488 GC heap before
{Heap before GC invocations=6 (full 1):
 PSYoungGen      total 105984K, used 7044K [0x00000000d5580000, 0x00000000e2c80000, 0x0000000100000000)
  eden space 98304K, 0% used [0x00000000d5580000,0x00000000d5580000,0x00000000db580000)
  from space 7680K, 91% used [0x00000000db580000,0x00000000dbc61050,0x00000000dbd00000)
  to   space 11776K, 0% used [0x00000000e2100000,0x00000000e2100000,0x00000000e2c80000)
 ParOldGen       total 130048K, used 3901K [0x0000000080000000, 0x0000000087f00000, 0x00000000d5580000)
  object space 130048K, 2% used [0x0000000080000000,0x00000000803cf478,0x0000000087f00000)
 Metaspace       used 20569K, capacity 21234K, committed 21296K, reserved 1067008K
  class space    used 2954K, capacity 3169K, committed 3200K, reserved 1048576K
Event: 2.511 GC heap after
Heap after GC invocations=6 (full 1):
 PSYoungGen      total 105984K, used 0K [0x00000000d5580000, 0x00000000e2c80000, 0x0000000100000000)
  eden space 98304K, 0% used [0x00000000d5580000,0x00000000d5580000,0x00000000db580000)
  from space 7680K, 0% used [0x00000000db580000,0x00000000db580000,0x00000000dbd00000)
  to   space 11776K, 0% used [0x00000000e2100000,0x00000000e2100000,0x00000000e2c80000)
 ParOldGen       total 69632K, used 7377K [0x0000000080000000, 0x0000000084400000, 0x00000000d5580000)
  object space 69632K, 10% used [0x0000000080000000,0x00000000807346b0,0x0000000084400000)
 Metaspace       used 20569K, capacity 21234K, committed 21296K, reserved 1067008K
  class space    used 2954K, capacity 3169K, committed 3200K, reserved 1048576K
}
Event: 3.304 GC heap before
{Heap before GC invocations=7 (full 1):
 PSYoungGen      total 105984K, used 98304K [0x00000000d5580000, 0x00000000e2c80000, 0x0000000100000000)
  eden space 98304K, 100% used [0x00000000d5580000,0x00000000db580000,0x00000000db580000)
  from space 7680K, 0% used [0x00000000db580000,0x00000000db580000,0x00000000dbd00000)
  to   space 11776K, 0% used [0x00000000e2100000,0x00000000e2100000,0x00000000e2c80000)
 ParOldGen       total 69632K, used 7377K [0x0000000080000000, 0x0000000084400000, 0x00000000d5580000)
  object space 69632K, 10% used [0x0000000080000000,0x00000000807346b0,0x0000000084400000)
 Metaspace       used 31128K, capacity 32120K, committed 32256K, reserved 1077248K
  class space    used 4328K, capacity 4559K, committed 4608K, reserved 1048576K
Event: 3.311 GC heap after
Heap after GC invocations=7 (full 1):
 PSYoungGen      total 184320K, used 11192K [0x00000000d5580000, 0x00000000e2c00000, 0x0000000100000000)
  eden space 173056K, 0% used [0x00000000d5580000,0x00000000d5580000,0x00000000dfe80000)
  from space 11264K, 99% used [0x00000000e2100000,0x00000000e2bee220,0x00000000e2c00000)
  to   space 12800K, 0% used [0x00000000e1300000,0x00000000e1300000,0x00000000e1f80000)
 ParOldGen       total 69632K, used 7385K [0x0000000080000000, 0x0000000084400000, 0x00000000d5580000)
  object space 69632K, 10% used [0x0000000080000000,0x00000000807366b0,0x0000000084400000)
 Metaspace       used 31128K, capacity 32120K, committed 32256K, reserved 1077248K
  class space    used 4328K, capacity 4559K, committed 4608K, reserved 1048576K
}
Event: 3.773 GC heap before
{Heap before GC invocations=8 (full 1):
 PSYoungGen      total 184320K, used 82842K [0x00000000d5580000, 0x00000000e2c00000, 0x0000000100000000)
  eden space 173056K, 41% used [0x00000000d5580000,0x00000000d9b78760,0x00000000dfe80000)
  from space 11264K, 99% used [0x00000000e2100000,0x00000000e2bee220,0x00000000e2c00000)
  to   space 12800K, 0% used [0x00000000e1300000,0x00000000e1300000,0x00000000e1f80000)
 ParOldGen       total 69632K, used 7385K [0x0000000080000000, 0x0000000084400000, 0x00000000d5580000)
  object space 69632K, 10% used [0x0000000080000000,0x00000000807366b0,0x0000000084400000)
 Metaspace       used 34241K, capacity 35326K, committed 35456K, reserved 1079296K
  class space    used 4836K, capacity 5126K, committed 5248K, reserved 1048576K
Event: 3.789 GC heap after
Heap after GC invocations=8 (full 1):
 PSYoungGen      total 185856K, used 9852K [0x00000000d5580000, 0x00000000e2c00000, 0x0000000100000000)
  eden space 173056K, 0% used [0x00000000d5580000,0x00000000d5580000,0x00000000dfe80000)
  from space 12800K, 76% used [0x00000000e1300000,0x00000000e1c9f2f0,0x00000000e1f80000)
  to   space 11264K, 0% used [0x00000000e2100000,0x00000000e2100000,0x00000000e2c00000)
 ParOldGen       total 69632K, used 7393K [0x0000000080000000, 0x0000000084400000, 0x00000000d5580000)
  object space 69632K, 10% used [0x0000000080000000,0x00000000807386b0,0x0000000084400000)
 Metaspace       used 34241K, capacity 35326K, committed 35456K, reserved 1079296K
  class space    used 4836K, capacity 5126K, committed 5248K, reserved 1048576K
}
Event: 3.789 GC heap before
{Heap before GC invocations=9 (full 2):
 PSYoungGen      total 185856K, used 9852K [0x00000000d5580000, 0x00000000e2c00000, 0x0000000100000000)
  eden space 173056K, 0% used [0x00000000d5580000,0x00000000d5580000,0x00000000dfe80000)
  from space 12800K, 76% used [0x00000000e1300000,0x00000000e1c9f2f0,0x00000000e1f80000)
  to   space 11264K, 0% used [0x00000000e2100000,0x00000000e2100000,0x00000000e2c00000)
 ParOldGen       total 69632K, used 7393K [0x0000000080000000, 0x0000000084400000, 0x00000000d5580000)
  object space 69632K, 10% used [0x0000000080000000,0x00000000807386b0,0x0000000084400000)
 Metaspace       used 34241K, capacity 35326K, committed 35456K, reserved 1079296K
  class space    used 4836K, capacity 5126K, committed 5248K, reserved 1048576K
Event: 3.909 GC heap after
Heap after GC invocations=9 (full 2):
 PSYoungGen      total 185856K, used 0K [0x00000000d5580000, 0x00000000e2c00000, 0x0000000100000000)
  eden space 173056K, 0% used [0x00000000d5580000,0x00000000d5580000,0x00000000dfe80000)
  from space 12800K, 0% used [0x00000000e1300000,0x00000000e1300000,0x00000000e1f80000)
  to   space 11264K, 0% used [0x00000000e2100000,0x00000000e2100000,0x00000000e2c00000)
 ParOldGen       total 115200K, used 16054K [0x0000000080000000, 0x0000000087080000, 0x00000000d5580000)
  object space 115200K, 13% used [0x0000000080000000,0x0000000080fad898,0x0000000087080000)
 Metaspace       used 34241K, capacity 35326K, committed 35456K, reserved 1079296K
  class space    used 4836K, capacity 5126K, committed 5248K, reserved 1048576K
}
Event: 5.171 GC heap before
{Heap before GC invocations=10 (full 2):
 PSYoungGen      total 185856K, used 173056K [0x00000000d5580000, 0x00000000e2c00000, 0x0000000100000000)
  eden space 173056K, 100% used [0x00000000d5580000,0x00000000dfe80000,0x00000000dfe80000)
  from space 12800K, 0% used [0x00000000e1300000,0x00000000e1300000,0x00000000e1f80000)
  to   space 11264K, 0% used [0x00000000e2100000,0x00000000e2100000,0x00000000e2c00000)
 ParOldGen       total 115200K, used 16054K [0x0000000080000000, 0x0000000087080000, 0x00000000d5580000)
  object space 115200K, 13% used [0x0000000080000000,0x0000000080fad898,0x0000000087080000)
 Metaspace       used 43078K, capacity 44834K, committed 45184K, reserved 1087488K
  class space    used 6007K, capacity 6438K, committed 6528K, reserved 1048576K
Event: 5.178 GC heap after
Heap after GC invocations=10 (full 2):
 PSYoungGen      total 204288K, used 11232K [0x00000000d5580000, 0x00000000e5500000, 0x0000000100000000)
  eden space 193024K, 0% used [0x00000000d5580000,0x00000000d5580000,0x00000000e1200000)
  from space 11264K, 99% used [0x00000000e2100000,0x00000000e2bf80b0,0x00000000e2c00000)
  to   space 15360K, 0% used [0x00000000e1200000,0x00000000e1200000,0x00000000e2100000)
 ParOldGen       total 115200K, used 19058K [0x0000000080000000, 0x0000000087080000, 0x00000000d5580000)
  object space 115200K, 16% used [0x0000000080000000,0x000000008129c828,0x0000000087080000)
 Metaspace       used 43078K, capacity 44834K, committed 45184K, reserved 1087488K
  class space    used 6007K, capacity 6438K, committed 6528K, reserved 1048576K
}

Deoptimization events (10 events):
Event: 5.323 Thread 0x000000001c4da800 Uncommon trap: reason=unstable_if action=reinterpret pc=0x00000000039b4400 method=java.lang.ThreadLocal.get()Ljava/lang/Object; @ 11
Event: 5.336 Thread 0x000000001c4da800 Uncommon trap: reason=unstable_if action=reinterpret pc=0x00000000037171bc method=java.util.HashMap.putVal(ILjava/lang/Object;Ljava/lang/Object;ZZ)Ljava/lang/Object; @ 236
Event: 5.355 Thread 0x000000001c4da800 Uncommon trap: reason=unstable_if action=reinterpret pc=0x00000000031e073c method=java.lang.CharacterDataLatin1.isWhitespace(I)Z @ 14
Event: 5.385 Thread 0x000000001c4da800 Uncommon trap: reason=unstable_if action=reinterpret pc=0x0000000003782db8 method=java.util.jar.JarFile.getInputStream(Ljava/util/zip/ZipEntry;)Ljava/io/InputStream; @ 37
Event: 5.386 Thread 0x000000001c4da800 Uncommon trap: reason=predicate action=maybe_recompile pc=0x00000000039d082c method=sun.misc.Resource.getBytes()[B @ 53
Event: 5.387 Thread 0x000000001c4da800 Uncommon trap: reason=unstable_if action=reinterpret pc=0x000000000387fb90 method=java.util.jar.JarFile$JarFileEntry.getCodeSigners()[Ljava/security/CodeSigner; @ 24
Event: 5.389 Thread 0x000000001c4da800 Uncommon trap: reason=unstable_if action=reinterpret pc=0x00000000032e0bac method=java.security.CodeSource.getCertificates()[Ljava/security/cert/Certificate; @ 22
Event: 5.390 Thread 0x000000001c4da800 Uncommon trap: reason=unstable_if action=reinterpret pc=0x000000000378e7d4 method=java.security.CodeSource.matchCerts(Ljava/security/CodeSource;Z)Z @ 11
Event: 5.404 Thread 0x000000001c4da800 Uncommon trap: reason=unstable_if action=reinterpret pc=0x000000000363baf8 method=java.util.LinkedHashMap.get(Ljava/lang/Object;)Ljava/lang/Object; @ 20
Event: 5.435 Thread 0x000000001c4da800 Uncommon trap: reason=unstable_if action=reinterpret pc=0x0000000003795d94 method=java.security.CodeSource.matchCerts(Ljava/security/CodeSource;Z)Z @ 11

Classes redefined (0 events):
No events

Internal exceptions (10 events):
Event: 4.618 Thread 0x000000001ab6d000 Exception <a 'java/lang/NoSuchMethodError': <clinit>> (0x00000000d8621038) thrown at [C:\re\workspace\8-2-build-windows-amd64-cygwin\jdk8u162\10278\hotspot\src\share\vm\prims\jni.cpp, line 1613]
Event: 4.618 Thread 0x000000001ab6d000 Exception <a 'java/lang/NoSuchMethodError': <clinit>> (0x00000000d862b638) thrown at [C:\re\workspace\8-2-build-windows-amd64-cygwin\jdk8u162\10278\hotspot\src\share\vm\prims\jni.cpp, line 1613]
Event: 4.619 Thread 0x000000001ab6d000 Exception <a 'java/lang/NoSuchMethodError': <clinit>> (0x00000000d8636a18) thrown at [C:\re\workspace\8-2-build-windows-amd64-cygwin\jdk8u162\10278\hotspot\src\share\vm\prims\jni.cpp, line 1613]
Event: 4.621 Thread 0x000000001ab6d000 Exception <a 'java/lang/NoSuchMethodError': <clinit>> (0x00000000d8649f80) thrown at [C:\re\workspace\8-2-build-windows-amd64-cygwin\jdk8u162\10278\hotspot\src\share\vm\prims\jni.cpp, line 1613]
Event: 4.637 Thread 0x000000001c4da800 Exception <a 'java/lang/ClassNotFoundException': build_4rdydc02n8435hfsq6aoy19n9BeanInfo> (0x00000000dceca918) thrown at [C:\re\workspace\8-2-build-windows-amd64-cygwin\jdk8u162\10278\hotspot\src\share\vm\classfile\systemDictionary.cpp, line 210]
Event: 4.637 Thread 0x000000001c4da800 Exception <a 'java/lang/ClassNotFoundException': build_4rdydc02n8435hfsq6aoy19n9Customizer> (0x00000000dced66e8) thrown at [C:\re\workspace\8-2-build-windows-amd64-cygwin\jdk8u162\10278\hotspot\src\share\vm\classfile\systemDictionary.cpp, line 210]
Event: 4.640 Thread 0x000000001c4da800 Exception <a 'java/lang/ClassNotFoundException': org/gradle/api/internal/plugins/DefaultObjectConfigurationActionBeanInfo> (0x00000000dcf510c8) thrown at [C:\re\workspace\8-2-build-windows-amd64-cygwin\jdk8u162\10278\hotspot\src\share\vm\classfile\systemD
Event: 4.641 Thread 0x000000001c4da800 Exception <a 'java/lang/ClassNotFoundException': org/gradle/api/internal/plugins/DefaultObjectConfigurationActionCustomizer> (0x00000000dcf95ae0) thrown at [C:\re\workspace\8-2-build-windows-amd64-cygwin\jdk8u162\10278\hotspot\src\share\vm\classfile\syste
Event: 4.963 Thread 0x000000001c4da800 Exception <a 'sun/nio/fs/WindowsException'> (0x00000000dea4d950) thrown at [C:\re\workspace\8-2-build-windows-amd64-cygwin\jdk8u162\10278\hotspot\src\share\vm\prims\jni.cpp, line 709]
Event: 5.323 Thread 0x000000001c4da800 Implicit null exception at 0x00000000039b3ea8 to 0x00000000039b43e9

Events (10 events):
Event: 5.439 loading class com/android/builder/model/VectorDrawablesOptions
Event: 5.439 loading class com/android/builder/model/VectorDrawablesOptions done
Event: 5.439 loading class com/android/build/api/dsl/VectorDrawables
Event: 5.439 loading class com/android/build/api/dsl/VectorDrawables done
Event: 5.440 loading class com/android/build/gradle/internal/dsl/VectorDrawablesOptions
Event: 5.440 loading class com/android/build/gradle/internal/dsl/VectorDrawablesOptions done
Event: 5.440 loading class com/android/builder/core/DefaultVectorDrawablesOptions
Event: 5.440 loading class com/android/builder/core/DefaultVectorDrawablesOptions done
Event: 5.440 loading class com/android/build/gradle/internal/dsl/JavaCompileOptions
Event: 5.440 loading class com/android/build/gradle/internal/dsl/JavaCompileOptions done


Dynamic libraries:
0x00007ff7a1810000 - 0x00007ff7a1847000 	C:\Program Files\Java\jdk1.8.0_162\bin\java.exe
0x00007ffcfa1a0000 - 0x00007ffcfa390000 	C:\WINDOWS\SYSTEM32\ntdll.dll
0x00007ffcf8320000 - 0x00007ffcf83d2000 	C:\WINDOWS\System32\KERNEL32.DLL
0x00007ffcf7200000 - 0x00007ffcf74a5000 	C:\WINDOWS\System32\KERNELBASE.dll
0x00007ffcf8a80000 - 0x00007ffcf8b23000 	C:\WINDOWS\System32\ADVAPI32.dll
0x00007ffcfa020000 - 0x00007ffcfa0be000 	C:\WINDOWS\System32\msvcrt.dll
0x00007ffcfa0c0000 - 0x00007ffcfa157000 	C:\WINDOWS\System32\sechost.dll
0x00007ffcf9560000 - 0x00007ffcf967f000 	C:\WINDOWS\System32\RPCRT4.dll
0x00007ffcf9af0000 - 0x00007ffcf9c84000 	C:\WINDOWS\System32\USER32.dll
0x00007ffcf71d0000 - 0x00007ffcf71f1000 	C:\WINDOWS\System32\win32u.dll
0x00007ffcf89a0000 - 0x00007ffcf89c6000 	C:\WINDOWS\System32\GDI32.dll
0x00007ffcf7640000 - 0x00007ffcf77d8000 	C:\WINDOWS\System32\gdi32full.dll
0x00007ffcf7830000 - 0x00007ffcf78ce000 	C:\WINDOWS\System32\msvcp_win.dll
0x00007ffcf7540000 - 0x00007ffcf763a000 	C:\WINDOWS\System32\ucrtbase.dll
0x00007ffcd7b90000 - 0x00007ffcd7e14000 	C:\WINDOWS\WinSxS\amd64_microsoft.windows.common-controls_6595b64144ccf1df_6.0.18362.1379_none_9e7ff3b3e45cc0c4\COMCTL32.dll
0x00007ffcf9220000 - 0x00007ffcf9557000 	C:\WINDOWS\System32\combase.dll
0x00007ffcf74b0000 - 0x00007ffcf7531000 	C:\WINDOWS\System32\bcryptPrimitives.dll
0x00007ffcf83e0000 - 0x00007ffcf840e000 	C:\WINDOWS\System32\IMM32.DLL
0x0000000067a10000 - 0x0000000067ae1000 	C:\Program Files\Java\jdk1.8.0_162\jre\bin\msvcr100.dll
0x0000000068130000 - 0x00000000689d0000 	C:\Program Files\Java\jdk1.8.0_162\jre\bin\server\jvm.dll
0x00007ffcf8440000 - 0x00007ffcf8448000 	C:\WINDOWS\System32\PSAPI.DLL
0x00007ffcef9a0000 - 0x00007ffcef9c4000 	C:\WINDOWS\SYSTEM32\WINMM.dll
0x00007ffcebeb0000 - 0x00007ffcebeba000 	C:\WINDOWS\SYSTEM32\VERSION.dll
0x00007ffcd66e0000 - 0x00007ffcd66e9000 	C:\WINDOWS\SYSTEM32\WSOCK32.dll
0x00007ffcf9e50000 - 0x00007ffcf9ebf000 	C:\WINDOWS\System32\WS2_32.dll
0x00007ffcef970000 - 0x00007ffcef99d000 	C:\WINDOWS\SYSTEM32\WINMMBASE.dll
0x00007ffcf77e0000 - 0x00007ffcf782a000 	C:\WINDOWS\System32\cfgmgr32.dll
0x000000006a1c0000 - 0x000000006a1cf000 	C:\Program Files\Java\jdk1.8.0_162\jre\bin\verify.dll
0x0000000069360000 - 0x0000000069389000 	C:\Program Files\Java\jdk1.8.0_162\jre\bin\java.dll
0x0000000069340000 - 0x0000000069356000 	C:\Program Files\Java\jdk1.8.0_162\jre\bin\zip.dll
0x00007ffcf8b30000 - 0x00007ffcf9218000 	C:\WINDOWS\System32\SHELL32.dll
0x00007ffcf89d0000 - 0x00007ffcf8a77000 	C:\WINDOWS\System32\shcore.dll
0x00007ffcf78f0000 - 0x00007ffcf806b000 	C:\WINDOWS\System32\windows.storage.dll
0x00007ffcf70b0000 - 0x00007ffcf70d3000 	C:\WINDOWS\System32\profapi.dll
0x00007ffcf7060000 - 0x00007ffcf70aa000 	C:\WINDOWS\System32\powrprof.dll
0x00007ffcf7050000 - 0x00007ffcf7060000 	C:\WINDOWS\System32\UMPDC.dll
0x00007ffcf9c90000 - 0x00007ffcf9ce2000 	C:\WINDOWS\System32\shlwapi.dll
0x00007ffcf70e0000 - 0x00007ffcf70f1000 	C:\WINDOWS\System32\kernel.appcore.dll
0x00007ffcf78d0000 - 0x00007ffcf78e7000 	C:\WINDOWS\System32\cryptsp.dll
0x0000000069320000 - 0x000000006933a000 	C:\Program Files\Java\jdk1.8.0_162\jre\bin\net.dll
0x00007ffcf6890000 - 0x00007ffcf68f7000 	C:\WINDOWS\system32\mswsock.dll
0x0000000068030000 - 0x0000000068041000 	C:\Program Files\Java\jdk1.8.0_162\jre\bin\nio.dll
0x00007ffcbc9a0000 - 0x00007ffcbc9c7000 	C:\Users\hp\.gradle\native\f6784746aeab05261644944871eae4fe03e0ef1612fff0a4a95f87b438bc6780\windows-amd64\native-platform.dll
0x0000000069310000 - 0x000000006931d000 	C:\Program Files\Java\jdk1.8.0_162\jre\bin\management.dll
0x00007ffcf6410000 - 0x00007ffcf6443000 	C:\WINDOWS\system32\rsaenh.dll
0x00007ffcf80d0000 - 0x00007ffcf80f6000 	C:\WINDOWS\System32\bcrypt.dll
0x00007ffcf6f30000 - 0x00007ffcf6f55000 	C:\WINDOWS\SYSTEM32\USERENV.dll
0x00007ffcf6a60000 - 0x00007ffcf6a6c000 	C:\WINDOWS\SYSTEM32\CRYPTBASE.dll
0x00007ffcf65a0000 - 0x00007ffcf65da000 	C:\WINDOWS\SYSTEM32\IPHLPAPI.DLL
0x00007ffcf8410000 - 0x00007ffcf8418000 	C:\WINDOWS\System32\NSI.dll
0x00007ffcf03d0000 - 0x00007ffcf03e6000 	C:\WINDOWS\SYSTEM32\dhcpcsvc6.DLL
0x00007ffcf03b0000 - 0x00007ffcf03cc000 	C:\WINDOWS\SYSTEM32\dhcpcsvc.DLL
0x00007ffcf65e0000 - 0x00007ffcf66ab000 	C:\WINDOWS\SYSTEM32\DNSAPI.dll
0x00007ffcee6d0000 - 0x00007ffcee6db000 	C:\WINDOWS\SYSTEM32\WINNSI.DLL

VM Arguments:
jvm_args: -Xmx2048m -Dfile.encoding=UTF-8 -Duser.country=US -Duser.language=en -Duser.variant 
java_command: org.gradle.launcher.daemon.bootstrap.GradleDaemon 6.5
java_class_path (initial): C:\Users\hp\.gradle\wrapper\dists\gradle-6.5-bin\6nifqtx7604sqp1q6g8wikw7p\gradle-6.5\lib\gradle-launcher-6.5.jar
Launcher Type: SUN_STANDARD

Environment Variables:
PATH=C:\Program Files (x86)\Common Files\Oracle\Java\javapath;C:\ProgramData\Oracle\Java\javapath;C:\Program Files (x86)\Intel\Intel(R) Management Engine Components\iCLS\;C:\Program Files\Intel\Intel(R) Management Engine Components\iCLS\;C:\WINDOWS\system32;C:\WINDOWS;C:\WINDOWS\System32\Wbem;C:\WINDOWS\System32\WindowsPowerShell\v1.0\;C:\WINDOWS\System32\OpenSSH\;C:\Program Files (x86)\Intel\Intel(R) Management Engine Components\DAL;C:\Program Files\Intel\Intel(R) Management Engine Components\DAL;C:\Program Files\Intel\WiFi\bin\;C:\Program Files\Common Files\Intel\WirelessCommon\;C:\Program Files\Git\cmd;C:\HashiCorp\Vagrant\bin;C:\Program Files\PuTTY\;C:\php;C:\ProgramData\ComposerSetup\bin;C:\Users\hp\AppData\Local\Microsoft\WindowsApps;C:\Users\hp\AppData\Roaming\Composer\vendor\bin;
USERNAME=hp
OS=Windows_NT
PROCESSOR_IDENTIFIER=Intel64 Family 6 Model 142 Stepping 12, GenuineIntel



---------------  S Y S T E M  ---------------

OS: Windows 10.0 , 64 bit Build 18362 (10.0.18362.1350)

CPU:total 8 (initial active 8) (4 cores per cpu, 2 threads per core) family 6 model 142 stepping 12, cmov, cx8, fxsr, mmx, sse, sse2, sse3, ssse3, sse4.1, sse4.2, popcnt, avx, avx2, aes, clmul, erms, 3dnowpref, lzcnt, ht, tsc, tscinvbit, bmi1, bmi2, adx

Memory: 4k page, physical 12367604k(460036k free), swap 43463280k(472k free)

vm_info: Java HotSpot(TM) 64-Bit Server VM (25.162-b12) for windows-amd64 JRE (1.8.0_162-b12), built on Dec 19 2017 20:00:03 by "java_re" with MS VC++ 10.0 (VS2010)

time: Mon Mar 08 19:20:33 2021
elapsed time: 5 seconds (0d 0h 0m 5s)

